Case #1: 1 0
Case #2: 1 0
Case #3: 1 1
Case #4: 0 0
Case #5: 500 499
Case #6: 1 0
Case #7: 0 0
Case #8: 0 0
Case #9: 0 0
Case #10: 1 1
Case #11: 1 0
Case #12: 0 0
Case #13: 1 1
Case #14: 499 499
Case #15: 0 0
Case #16: 1 0
Case #17: 0 0
Case #18: 1 1
Case #19: 3 2
Case #20: 3 2
Case #21: 0 0
Case #22: 1 0
Case #23: 0 0
Case #24: 0 0
Case #25: 1 0
Case #26: 0 0
Case #27: 0 0
Case #28: 1 0
Case #29: 0 0
Case #30: 0 0
Case #31: 1 0
Case #32: 0 0
Case #33: 1 0
Case #34: 0 0
Case #35: 0 0
Case #36: 250 249
Case #37: 0 0
Case #38: 0 0
Case #39: 249 249
Case #40: 0 0
Case #41: 2 1
Case #42: 0 0
Case #43: 0 0
Case #44: 125 124
Case #45: 0 0
Case #46: 1 0
Case #47: 3 3
Case #48: 0 0
Case #49: 0 0
Case #50: 1 1
Case #51: 0 0
Case #52: 0 0
Case #53: 0 0
Case #54: 0 0
Case #55: 2 2
Case #56: 0 0
Case #57: 3 3
Case #58: 0 0
Case #59: 0 0
Case #60: 0 0
Case #61: 1 1
Case #62: 1 0
Case #63: 1 0
Case #64: 0 0
Case #65: 1 1
Case #66: 0 0
Case #67: 1 0
Case #68: 0 0
Case #69: 0 0
Case #70: 1 0
Case #71: 0 0
Case #72: 3 3
Case #73: 1 1
Case #74: 0 0
Case #75: 1 1
Case #76: 1 1
Case #77: 7 6
Case #78: 0 0
Case #79: 0 0
Case #80: 1 0
Case #81: 1 0
Case #82: 3 2
Case #83: 0 0
Case #84: 0 0
Case #85: 0 0
Case #86: 0 0
Case #87: 0 0
Case #88: 3 2
Case #89: 0 0
Case #90: 1 0
Case #91: 0 0
Case #92: 0 0
Case #93: 3 3
Case #94: 1 0
Case #95: 7 6
Case #96: 0 0
Case #97: 1 0
Case #98: 250 249
Case #99: 1 1
Case #100: 1 0
