Case #1: 1 0
Case #2: 1 0
Case #3: 1 1
Case #4: 0 0
Case #5: 500 499
Case #6: 0 0
Case #7: 7812 7811
Case #8: 1 0
Case #9: 3 2
Case #10: 0 0
Case #11: 1 0
Case #12: 0 0
Case #13: 1 1
Case #14: 0 0
Case #15: 0 0
Case #16: 0 0
Case #17: 1 0
Case #18: 2 2
Case #19: 1 1
Case #20: 3906 3905
Case #21: 0 0
Case #22: 3905 3905
Case #23: 1 1
Case #24: 0 0
Case #25: 1 0
Case #26: 0 0
Case #27: 0 0
Case #28: 1 0
Case #29: 0 0
Case #30: 0 0
Case #31: 0 0
Case #32: 1 0
Case #33: 3906 3905
Case #34: 125000 124999
Case #35: 1 0
Case #36: 250000 249999
Case #37: 0 0
Case #38: 0 0
Case #39: 1 1
Case #40: 1 0
Case #41: 3 2
Case #42: 0 0
Case #43: 1 0
Case #44: 0 0
Case #45: 250000 249999
Case #46: 0 0
Case #47: 500000 499999
Case #48: 0 0
Case #49: 0 0
Case #50: 0 0
Case #51: 1 0
Case #52: 1 0
Case #53: 1 0
Case #54: 0 0
Case #55: 0 0
Case #56: 1 0
Case #57: 1 0
Case #58: 0 0
Case #59: 0 0
Case #60: 0 0
Case #61: 0 0
Case #62: 1 0
Case #63: 0 0
Case #64: 1 1
Case #65: 0 0
Case #66: 0 0
Case #67: 0 0
Case #68: 0 0
Case #69: 2 1
Case #70: 1 1
Case #71: 249999 249999
Case #72: 7812 7811
Case #73: 1 1
Case #74: 0 0
Case #75: 0 0
Case #76: 0 0
Case #77: 0 0
Case #78: 0 0
Case #79: 0 0
Case #80: 499999 499999
Case #81: 1 1
Case #82: 1 0
Case #83: 1 0
Case #84: 1 0
Case #85: 3 2
Case #86: 0 0
Case #87: 1 0
Case #88: 0 0
Case #89: 0 0
Case #90: 1 1
Case #91: 0 0
Case #92: 0 0
Case #93: 0 0
Case #94: 0 0
Case #95: 0 0
Case #96: 1 1
Case #97: 0 0
Case #98: 0 0
Case #99: 1953 1952
Case #100: 0 0
