Case #1:
10000000000000000000000000000001 3 4 5 6 7 8 9 10 11
10000000000000000000000000000111 3 4 5 6 7 8 9 10 11
10000000000000000000000000001101 3 4 5 6 7 8 9 10 11
10000000000000000000000000100101 3 4 5 6 7 8 9 10 11
10000000000000000000000010000101 3 4 5 6 7 8 9 10 11
10000000000000000000001000000101 3 4 5 6 7 8 9 10 11
10000000000000000000100000000101 3 4 5 6 7 8 9 10 11
10000000000000000010000000000101 3 4 5 6 7 8 9 10 11
10000000000000001000000000000101 3 4 5 6 7 8 9 10 11
10000000000000100000000000000101 3 4 5 6 7 8 9 10 11
10000000000010000000000000000101 3 4 5 6 7 8 9 10 11
10000000001000000000000000000101 3 4 5 6 7 8 9 10 11
10000000100000000000000000000101 3 4 5 6 7 8 9 10 11
10000010000000000000000000000101 3 4 5 6 7 8 9 10 11
10001000000000000000000000000101 3 4 5 6 7 8 9 10 11
10100000000000000000000000000101 3 4 5 6 7 8 9 10 11
10000000000000000000000000010011 3 4 5 6 7 8 9 10 11
10000000000000000000000000011001 3 4 5 6 7 8 9 10 11
10000000000000000000000000110001 3 4 5 6 7 8 9 10 11
10000000000000000000000010010001 3 4 5 6 7 8 9 10 11
10000000000000000000001000010001 3 4 5 6 7 8 9 10 11
10000000000000000000100000010001 3 4 5 6 7 8 9 10 11
10000000000000000010000000010001 3 4 5 6 7 8 9 10 11
10000000000000001000000000010001 3 4 5 6 7 8 9 10 11
10000000000000100000000000010001 3 4 5 6 7 8 9 10 11
10000000000010000000000000010001 3 4 5 6 7 8 9 10 11
10000000001000000000000000010001 3 4 5 6 7 8 9 10 11
10000000100000000000000000010001 3 4 5 6 7 8 9 10 11
10000010000000000000000000010001 3 4 5 6 7 8 9 10 11
10001000000000000000000000010001 3 4 5 6 7 8 9 10 11
10100000000000000000000000010001 3 4 5 6 7 8 9 10 11
10000000000000000000000000011111 3 4 5 6 7 8 9 10 11
10000000000000000000000000110111 3 4 5 6 7 8 9 10 11
10000000000000000000000000111101 3 4 5 6 7 8 9 10 11
10000000000000000000000010010111 3 4 5 6 7 8 9 10 11
10000000000000000000000010011101 3 4 5 6 7 8 9 10 11
10000000000000000000000010110101 3 4 5 6 7 8 9 10 11
10000000000000000000001000010111 3 4 5 6 7 8 9 10 11
10000000000000000000001000011101 3 4 5 6 7 8 9 10 11
10000000000000000000001000110101 3 4 5 6 7 8 9 10 11
10000000000000000000001010010101 3 4 5 6 7 8 9 10 11
10000000000000000000100000010111 3 4 5 6 7 8 9 10 11
10000000000000000000100000011101 3 4 5 6 7 8 9 10 11
10000000000000000000100000110101 3 4 5 6 7 8 9 10 11
10000000000000000000100010010101 3 4 5 6 7 8 9 10 11
10000000000000000000101000010101 3 4 5 6 7 8 9 10 11
10000000000000000010000000010111 3 4 5 6 7 8 9 10 11
10000000000000000010000000011101 3 4 5 6 7 8 9 10 11
10000000000000000010000000110101 3 4 5 6 7 8 9 10 11
10000000000000000010000010010101 3 4 5 6 7 8 9 10 11
10000000000000000010001000010101 3 4 5 6 7 8 9 10 11
10000000000000000010100000010101 3 4 5 6 7 8 9 10 11
10000000000000001000000000010111 3 4 5 6 7 8 9 10 11
10000000000000001000000000011101 3 4 5 6 7 8 9 10 11
10000000000000001000000000110101 3 4 5 6 7 8 9 10 11
10000000000000001000000010010101 3 4 5 6 7 8 9 10 11
10000000000000001000001000010101 3 4 5 6 7 8 9 10 11
10000000000000001000100000010101 3 4 5 6 7 8 9 10 11
10000000000000001010000000010101 3 4 5 6 7 8 9 10 11
10000000000000100000000000010111 3 4 5 6 7 8 9 10 11
10000000000000100000000000011101 3 4 5 6 7 8 9 10 11
10000000000000100000000000110101 3 4 5 6 7 8 9 10 11
10000000000000100000000010010101 3 4 5 6 7 8 9 10 11
10000000000000100000001000010101 3 4 5 6 7 8 9 10 11
10000000000000100000100000010101 3 4 5 6 7 8 9 10 11
10000000000000100010000000010101 3 4 5 6 7 8 9 10 11
10000000000000101000000000010101 3 4 5 6 7 8 9 10 11
10000000000010000000000000010111 3 4 5 6 7 8 9 10 11
10000000000010000000000000011101 3 4 5 6 7 8 9 10 11
10000000000010000000000000110101 3 4 5 6 7 8 9 10 11
10000000000010000000000010010101 3 4 5 6 7 8 9 10 11
10000000000010000000001000010101 3 4 5 6 7 8 9 10 11
10000000000010000000100000010101 3 4 5 6 7 8 9 10 11
10000000000010000010000000010101 3 4 5 6 7 8 9 10 11
10000000000010001000000000010101 3 4 5 6 7 8 9 10 11
10000000000010100000000000010101 3 4 5 6 7 8 9 10 11
10000000001000000000000000010111 3 4 5 6 7 8 9 10 11
10000000001000000000000000011101 3 4 5 6 7 8 9 10 11
10000000001000000000000000110101 3 4 5 6 7 8 9 10 11
10000000001000000000000010010101 3 4 5 6 7 8 9 10 11
10000000001000000000001000010101 3 4 5 6 7 8 9 10 11
10000000001000000000100000010101 3 4 5 6 7 8 9 10 11
10000000001000000010000000010101 3 4 5 6 7 8 9 10 11
10000000001000001000000000010101 3 4 5 6 7 8 9 10 11
10000000001000100000000000010101 3 4 5 6 7 8 9 10 11
10000000001010000000000000010101 3 4 5 6 7 8 9 10 11
10000000100000000000000000010111 3 4 5 6 7 8 9 10 11
10000000100000000000000000011101 3 4 5 6 7 8 9 10 11
10000000100000000000000000110101 3 4 5 6 7 8 9 10 11
10000000100000000000000010010101 3 4 5 6 7 8 9 10 11
10000000100000000000001000010101 3 4 5 6 7 8 9 10 11
10000000100000000000100000010101 3 4 5 6 7 8 9 10 11
10000000100000000010000000010101 3 4 5 6 7 8 9 10 11
10000000100000001000000000010101 3 4 5 6 7 8 9 10 11
10000000100000100000000000010101 3 4 5 6 7 8 9 10 11
10000000100010000000000000010101 3 4 5 6 7 8 9 10 11
10000000101000000000000000010101 3 4 5 6 7 8 9 10 11
10000010000000000000000000010111 3 4 5 6 7 8 9 10 11
10000010000000000000000000011101 3 4 5 6 7 8 9 10 11
10000010000000000000000000110101 3 4 5 6 7 8 9 10 11
10000010000000000000000010010101 3 4 5 6 7 8 9 10 11
10000010000000000000001000010101 3 4 5 6 7 8 9 10 11
10000010000000000000100000010101 3 4 5 6 7 8 9 10 11
10000010000000000010000000010101 3 4 5 6 7 8 9 10 11
10000010000000001000000000010101 3 4 5 6 7 8 9 10 11
10000010000000100000000000010101 3 4 5 6 7 8 9 10 11
10000010000010000000000000010101 3 4 5 6 7 8 9 10 11
10000010001000000000000000010101 3 4 5 6 7 8 9 10 11
10000010100000000000000000010101 3 4 5 6 7 8 9 10 11
10001000000000000000000000010111 3 4 5 6 7 8 9 10 11
10001000000000000000000000011101 3 4 5 6 7 8 9 10 11
10001000000000000000000000110101 3 4 5 6 7 8 9 10 11
10001000000000000000000010010101 3 4 5 6 7 8 9 10 11
10001000000000000000001000010101 3 4 5 6 7 8 9 10 11
10001000000000000000100000010101 3 4 5 6 7 8 9 10 11
10001000000000000010000000010101 3 4 5 6 7 8 9 10 11
10001000000000001000000000010101 3 4 5 6 7 8 9 10 11
10001000000000100000000000010101 3 4 5 6 7 8 9 10 11
10001000000010000000000000010101 3 4 5 6 7 8 9 10 11
10001000001000000000000000010101 3 4 5 6 7 8 9 10 11
10001000100000000000000000010101 3 4 5 6 7 8 9 10 11
10001010000000000000000000010101 3 4 5 6 7 8 9 10 11
10100000000000000000000000010111 3 4 5 6 7 8 9 10 11
10100000000000000000000000011101 3 4 5 6 7 8 9 10 11
10100000000000000000000000110101 3 4 5 6 7 8 9 10 11
10100000000000000000000010010101 3 4 5 6 7 8 9 10 11
10100000000000000000001000010101 3 4 5 6 7 8 9 10 11
10100000000000000000100000010101 3 4 5 6 7 8 9 10 11
10100000000000000010000000010101 3 4 5 6 7 8 9 10 11
10100000000000001000000000010101 3 4 5 6 7 8 9 10 11
10100000000000100000000000010101 3 4 5 6 7 8 9 10 11
10100000000010000000000000010101 3 4 5 6 7 8 9 10 11
10100000001000000000000000010101 3 4 5 6 7 8 9 10 11
10100000100000000000000000010101 3 4 5 6 7 8 9 10 11
10100010000000000000000000010101 3 4 5 6 7 8 9 10 11
10101000000000000000000000010101 3 4 5 6 7 8 9 10 11
10000000000000000000000001000011 3 4 5 6 7 8 9 10 11
10000000000000000000000001001001 3 4 5 6 7 8 9 10 11
10000000000000000000000001100001 3 4 5 6 7 8 9 10 11
10000000000000000000000011000001 3 4 5 6 7 8 9 10 11
10000000000000000000001001000001 3 4 5 6 7 8 9 10 11
10000000000000000000100001000001 3 4 5 6 7 8 9 10 11
10000000000000000010000001000001 3 4 5 6 7 8 9 10 11
10000000000000001000000001000001 3 4 5 6 7 8 9 10 11
10000000000000100000000001000001 3 4 5 6 7 8 9 10 11
10000000000010000000000001000001 3 4 5 6 7 8 9 10 11
10000000001000000000000001000001 3 4 5 6 7 8 9 10 11
10000000100000000000000001000001 3 4 5 6 7 8 9 10 11
10000010000000000000000001000001 3 4 5 6 7 8 9 10 11
10001000000000000000000001000001 3 4 5 6 7 8 9 10 11
10100000000000000000000001000001 3 4 5 6 7 8 9 10 11
10000000000000000000000001001111 3 4 5 6 7 8 9 10 11
10000000000000000000000001100111 3 4 5 6 7 8 9 10 11
10000000000000000000000001101101 3 4 5 6 7 8 9 10 11
10000000000000000000000011000111 3 4 5 6 7 8 9 10 11
10000000000000000000000011001101 3 4 5 6 7 8 9 10 11
10000000000000000000000011100101 3 4 5 6 7 8 9 10 11
10000000000000000000001001000111 3 4 5 6 7 8 9 10 11
10000000000000000000001001001101 3 4 5 6 7 8 9 10 11
10000000000000000000001001100101 3 4 5 6 7 8 9 10 11
10000000000000000000001011000101 3 4 5 6 7 8 9 10 11
10000000000000000000100001000111 3 4 5 6 7 8 9 10 11
10000000000000000000100001001101 3 4 5 6 7 8 9 10 11
10000000000000000000100001100101 3 4 5 6 7 8 9 10 11
10000000000000000000100011000101 3 4 5 6 7 8 9 10 11
10000000000000000000101001000101 3 4 5 6 7 8 9 10 11
10000000000000000010000001000111 3 4 5 6 7 8 9 10 11
10000000000000000010000001001101 3 4 5 6 7 8 9 10 11
10000000000000000010000001100101 3 4 5 6 7 8 9 10 11
10000000000000000010000011000101 3 4 5 6 7 8 9 10 11
10000000000000000010001001000101 3 4 5 6 7 8 9 10 11
10000000000000000010100001000101 3 4 5 6 7 8 9 10 11
10000000000000001000000001000111 3 4 5 6 7 8 9 10 11
10000000000000001000000001001101 3 4 5 6 7 8 9 10 11
10000000000000001000000001100101 3 4 5 6 7 8 9 10 11
10000000000000001000000011000101 3 4 5 6 7 8 9 10 11
10000000000000001000001001000101 3 4 5 6 7 8 9 10 11
10000000000000001000100001000101 3 4 5 6 7 8 9 10 11
10000000000000001010000001000101 3 4 5 6 7 8 9 10 11
10000000000000100000000001000111 3 4 5 6 7 8 9 10 11
10000000000000100000000001001101 3 4 5 6 7 8 9 10 11
10000000000000100000000001100101 3 4 5 6 7 8 9 10 11
10000000000000100000000011000101 3 4 5 6 7 8 9 10 11
10000000000000100000001001000101 3 4 5 6 7 8 9 10 11
10000000000000100000100001000101 3 4 5 6 7 8 9 10 11
10000000000000100010000001000101 3 4 5 6 7 8 9 10 11
10000000000000101000000001000101 3 4 5 6 7 8 9 10 11
10000000000010000000000001000111 3 4 5 6 7 8 9 10 11
10000000000010000000000001001101 3 4 5 6 7 8 9 10 11
10000000000010000000000001100101 3 4 5 6 7 8 9 10 11
10000000000010000000000011000101 3 4 5 6 7 8 9 10 11
10000000000010000000001001000101 3 4 5 6 7 8 9 10 11
10000000000010000000100001000101 3 4 5 6 7 8 9 10 11
10000000000010000010000001000101 3 4 5 6 7 8 9 10 11
10000000000010001000000001000101 3 4 5 6 7 8 9 10 11
10000000000010100000000001000101 3 4 5 6 7 8 9 10 11
10000000001000000000000001000111 3 4 5 6 7 8 9 10 11
10000000001000000000000001001101 3 4 5 6 7 8 9 10 11
10000000001000000000000001100101 3 4 5 6 7 8 9 10 11
10000000001000000000000011000101 3 4 5 6 7 8 9 10 11
10000000001000000000001001000101 3 4 5 6 7 8 9 10 11
10000000001000000000100001000101 3 4 5 6 7 8 9 10 11
10000000001000000010000001000101 3 4 5 6 7 8 9 10 11
10000000001000001000000001000101 3 4 5 6 7 8 9 10 11
10000000001000100000000001000101 3 4 5 6 7 8 9 10 11
10000000001010000000000001000101 3 4 5 6 7 8 9 10 11
10000000100000000000000001000111 3 4 5 6 7 8 9 10 11
10000000100000000000000001001101 3 4 5 6 7 8 9 10 11
10000000100000000000000001100101 3 4 5 6 7 8 9 10 11
10000000100000000000000011000101 3 4 5 6 7 8 9 10 11
10000000100000000000001001000101 3 4 5 6 7 8 9 10 11
10000000100000000000100001000101 3 4 5 6 7 8 9 10 11
10000000100000000010000001000101 3 4 5 6 7 8 9 10 11
10000000100000001000000001000101 3 4 5 6 7 8 9 10 11
10000000100000100000000001000101 3 4 5 6 7 8 9 10 11
10000000100010000000000001000101 3 4 5 6 7 8 9 10 11
10000000101000000000000001000101 3 4 5 6 7 8 9 10 11
10000010000000000000000001000111 3 4 5 6 7 8 9 10 11
10000010000000000000000001001101 3 4 5 6 7 8 9 10 11
10000010000000000000000001100101 3 4 5 6 7 8 9 10 11
10000010000000000000000011000101 3 4 5 6 7 8 9 10 11
10000010000000000000001001000101 3 4 5 6 7 8 9 10 11
10000010000000000000100001000101 3 4 5 6 7 8 9 10 11
10000010000000000010000001000101 3 4 5 6 7 8 9 10 11
10000010000000001000000001000101 3 4 5 6 7 8 9 10 11
10000010000000100000000001000101 3 4 5 6 7 8 9 10 11
10000010000010000000000001000101 3 4 5 6 7 8 9 10 11
10000010001000000000000001000101 3 4 5 6 7 8 9 10 11
10000010100000000000000001000101 3 4 5 6 7 8 9 10 11
10001000000000000000000001000111 3 4 5 6 7 8 9 10 11
10001000000000000000000001001101 3 4 5 6 7 8 9 10 11
10001000000000000000000001100101 3 4 5 6 7 8 9 10 11
10001000000000000000000011000101 3 4 5 6 7 8 9 10 11
10001000000000000000001001000101 3 4 5 6 7 8 9 10 11
10001000000000000000100001000101 3 4 5 6 7 8 9 10 11
10001000000000000010000001000101 3 4 5 6 7 8 9 10 11
10001000000000001000000001000101 3 4 5 6 7 8 9 10 11
10001000000000100000000001000101 3 4 5 6 7 8 9 10 11
10001000000010000000000001000101 3 4 5 6 7 8 9 10 11
10001000001000000000000001000101 3 4 5 6 7 8 9 10 11
10001000100000000000000001000101 3 4 5 6 7 8 9 10 11
10001010000000000000000001000101 3 4 5 6 7 8 9 10 11
10100000000000000000000001000111 3 4 5 6 7 8 9 10 11
10100000000000000000000001001101 3 4 5 6 7 8 9 10 11
10100000000000000000000001100101 3 4 5 6 7 8 9 10 11
10100000000000000000000011000101 3 4 5 6 7 8 9 10 11
10100000000000000000001001000101 3 4 5 6 7 8 9 10 11
10100000000000000000100001000101 3 4 5 6 7 8 9 10 11
10100000000000000010000001000101 3 4 5 6 7 8 9 10 11
10100000000000001000000001000101 3 4 5 6 7 8 9 10 11
10100000000000100000000001000101 3 4 5 6 7 8 9 10 11
10100000000010000000000001000101 3 4 5 6 7 8 9 10 11
10100000001000000000000001000101 3 4 5 6 7 8 9 10 11
10100000100000000000000001000101 3 4 5 6 7 8 9 10 11
10100010000000000000000001000101 3 4 5 6 7 8 9 10 11
10101000000000000000000001000101 3 4 5 6 7 8 9 10 11
10000000000000000000000001011011 3 4 5 6 7 8 9 10 11
10000000000000000000000001110011 3 4 5 6 7 8 9 10 11
10000000000000000000000001111001 3 4 5 6 7 8 9 10 11
10000000000000000000000011010011 3 4 5 6 7 8 9 10 11
10000000000000000000000011011001 3 4 5 6 7 8 9 10 11
10000000000000000000000011110001 3 4 5 6 7 8 9 10 11
10000000000000000000001001010011 3 4 5 6 7 8 9 10 11
10000000000000000000001001011001 3 4 5 6 7 8 9 10 11
10000000000000000000001001110001 3 4 5 6 7 8 9 10 11
10000000000000000000001011010001 3 4 5 6 7 8 9 10 11
10000000000000000000100001010011 3 4 5 6 7 8 9 10 11
10000000000000000000100001011001 3 4 5 6 7 8 9 10 11
10000000000000000000100001110001 3 4 5 6 7 8 9 10 11
10000000000000000000100011010001 3 4 5 6 7 8 9 10 11
10000000000000000000101001010001 3 4 5 6 7 8 9 10 11
10000000000000000010000001010011 3 4 5 6 7 8 9 10 11
10000000000000000010000001011001 3 4 5 6 7 8 9 10 11
10000000000000000010000001110001 3 4 5 6 7 8 9 10 11
10000000000000000010000011010001 3 4 5 6 7 8 9 10 11
10000000000000000010001001010001 3 4 5 6 7 8 9 10 11
10000000000000000010100001010001 3 4 5 6 7 8 9 10 11
10000000000000001000000001010011 3 4 5 6 7 8 9 10 11
10000000000000001000000001011001 3 4 5 6 7 8 9 10 11
10000000000000001000000001110001 3 4 5 6 7 8 9 10 11
10000000000000001000000011010001 3 4 5 6 7 8 9 10 11
10000000000000001000001001010001 3 4 5 6 7 8 9 10 11
10000000000000001000100001010001 3 4 5 6 7 8 9 10 11
10000000000000001010000001010001 3 4 5 6 7 8 9 10 11
10000000000000100000000001010011 3 4 5 6 7 8 9 10 11
10000000000000100000000001011001 3 4 5 6 7 8 9 10 11
10000000000000100000000001110001 3 4 5 6 7 8 9 10 11
10000000000000100000000011010001 3 4 5 6 7 8 9 10 11
10000000000000100000001001010001 3 4 5 6 7 8 9 10 11
10000000000000100000100001010001 3 4 5 6 7 8 9 10 11
10000000000000100010000001010001 3 4 5 6 7 8 9 10 11
10000000000000101000000001010001 3 4 5 6 7 8 9 10 11
10000000000010000000000001010011 3 4 5 6 7 8 9 10 11
10000000000010000000000001011001 3 4 5 6 7 8 9 10 11
10000000000010000000000001110001 3 4 5 6 7 8 9 10 11
10000000000010000000000011010001 3 4 5 6 7 8 9 10 11
10000000000010000000001001010001 3 4 5 6 7 8 9 10 11
10000000000010000000100001010001 3 4 5 6 7 8 9 10 11
10000000000010000010000001010001 3 4 5 6 7 8 9 10 11
10000000000010001000000001010001 3 4 5 6 7 8 9 10 11
10000000000010100000000001010001 3 4 5 6 7 8 9 10 11
10000000001000000000000001010011 3 4 5 6 7 8 9 10 11
10000000001000000000000001011001 3 4 5 6 7 8 9 10 11
10000000001000000000000001110001 3 4 5 6 7 8 9 10 11
10000000001000000000000011010001 3 4 5 6 7 8 9 10 11
10000000001000000000001001010001 3 4 5 6 7 8 9 10 11
10000000001000000000100001010001 3 4 5 6 7 8 9 10 11
10000000001000000010000001010001 3 4 5 6 7 8 9 10 11
10000000001000001000000001010001 3 4 5 6 7 8 9 10 11
10000000001000100000000001010001 3 4 5 6 7 8 9 10 11
10000000001010000000000001010001 3 4 5 6 7 8 9 10 11
10000000100000000000000001010011 3 4 5 6 7 8 9 10 11
10000000100000000000000001011001 3 4 5 6 7 8 9 10 11
10000000100000000000000001110001 3 4 5 6 7 8 9 10 11
10000000100000000000000011010001 3 4 5 6 7 8 9 10 11
10000000100000000000001001010001 3 4 5 6 7 8 9 10 11
10000000100000000000100001010001 3 4 5 6 7 8 9 10 11
10000000100000000010000001010001 3 4 5 6 7 8 9 10 11
10000000100000001000000001010001 3 4 5 6 7 8 9 10 11
10000000100000100000000001010001 3 4 5 6 7 8 9 10 11
10000000100010000000000001010001 3 4 5 6 7 8 9 10 11
10000000101000000000000001010001 3 4 5 6 7 8 9 10 11
10000010000000000000000001010011 3 4 5 6 7 8 9 10 11
10000010000000000000000001011001 3 4 5 6 7 8 9 10 11
10000010000000000000000001110001 3 4 5 6 7 8 9 10 11
10000010000000000000000011010001 3 4 5 6 7 8 9 10 11
10000010000000000000001001010001 3 4 5 6 7 8 9 10 11
10000010000000000000100001010001 3 4 5 6 7 8 9 10 11
10000010000000000010000001010001 3 4 5 6 7 8 9 10 11
10000010000000001000000001010001 3 4 5 6 7 8 9 10 11
10000010000000100000000001010001 3 4 5 6 7 8 9 10 11
10000010000010000000000001010001 3 4 5 6 7 8 9 10 11
10000010001000000000000001010001 3 4 5 6 7 8 9 10 11
10000010100000000000000001010001 3 4 5 6 7 8 9 10 11
10001000000000000000000001010011 3 4 5 6 7 8 9 10 11
10001000000000000000000001011001 3 4 5 6 7 8 9 10 11
10001000000000000000000001110001 3 4 5 6 7 8 9 10 11
10001000000000000000000011010001 3 4 5 6 7 8 9 10 11
10001000000000000000001001010001 3 4 5 6 7 8 9 10 11
10001000000000000000100001010001 3 4 5 6 7 8 9 10 11
10001000000000000010000001010001 3 4 5 6 7 8 9 10 11
10001000000000001000000001010001 3 4 5 6 7 8 9 10 11
10001000000000100000000001010001 3 4 5 6 7 8 9 10 11
10001000000010000000000001010001 3 4 5 6 7 8 9 10 11
10001000001000000000000001010001 3 4 5 6 7 8 9 10 11
10001000100000000000000001010001 3 4 5 6 7 8 9 10 11
10001010000000000000000001010001 3 4 5 6 7 8 9 10 11
10100000000000000000000001010011 3 4 5 6 7 8 9 10 11
10100000000000000000000001011001 3 4 5 6 7 8 9 10 11
10100000000000000000000001110001 3 4 5 6 7 8 9 10 11
10100000000000000000000011010001 3 4 5 6 7 8 9 10 11
10100000000000000000001001010001 3 4 5 6 7 8 9 10 11
10100000000000000000100001010001 3 4 5 6 7 8 9 10 11
10100000000000000010000001010001 3 4 5 6 7 8 9 10 11
10100000000000001000000001010001 3 4 5 6 7 8 9 10 11
10100000000000100000000001010001 3 4 5 6 7 8 9 10 11
10100000000010000000000001010001 3 4 5 6 7 8 9 10 11
10100000001000000000000001010001 3 4 5 6 7 8 9 10 11
10100000100000000000000001010001 3 4 5 6 7 8 9 10 11
10100010000000000000000001010001 3 4 5 6 7 8 9 10 11
10101000000000000000000001010001 3 4 5 6 7 8 9 10 11
10000000000000000000000001111111 3 4 5 6 7 8 9 10 11
10000000000000000000000011011111 3 4 5 6 7 8 9 10 11
10000000000000000000000011110111 3 4 5 6 7 8 9 10 11
10000000000000000000000011111101 3 4 5 6 7 8 9 10 11
10000000000000000000001001011111 3 4 5 6 7 8 9 10 11
10000000000000000000001001110111 3 4 5 6 7 8 9 10 11
10000000000000000000001001111101 3 4 5 6 7 8 9 10 11
10000000000000000000001011010111 3 4 5 6 7 8 9 10 11
10000000000000000000001011011101 3 4 5 6 7 8 9 10 11
10000000000000000000001011110101 3 4 5 6 7 8 9 10 11
10000000000000000000100001011111 3 4 5 6 7 8 9 10 11
10000000000000000000100001110111 3 4 5 6 7 8 9 10 11
10000000000000000000100001111101 3 4 5 6 7 8 9 10 11
10000000000000000000100011010111 3 4 5 6 7 8 9 10 11
10000000000000000000100011011101 3 4 5 6 7 8 9 10 11
10000000000000000000100011110101 3 4 5 6 7 8 9 10 11
10000000000000000000101001010111 3 4 5 6 7 8 9 10 11
10000000000000000000101001011101 3 4 5 6 7 8 9 10 11
10000000000000000000101001110101 3 4 5 6 7 8 9 10 11
10000000000000000000101011010101 3 4 5 6 7 8 9 10 11
10000000000000000010000001011111 3 4 5 6 7 8 9 10 11
10000000000000000010000001110111 3 4 5 6 7 8 9 10 11
10000000000000000010000001111101 3 4 5 6 7 8 9 10 11
10000000000000000010000011010111 3 4 5 6 7 8 9 10 11
10000000000000000010000011011101 3 4 5 6 7 8 9 10 11
10000000000000000010000011110101 3 4 5 6 7 8 9 10 11
10000000000000000010001001010111 3 4 5 6 7 8 9 10 11
10000000000000000010001001011101 3 4 5 6 7 8 9 10 11
10000000000000000010001001110101 3 4 5 6 7 8 9 10 11
10000000000000000010001011010101 3 4 5 6 7 8 9 10 11
10000000000000000010100001010111 3 4 5 6 7 8 9 10 11
10000000000000000010100001011101 3 4 5 6 7 8 9 10 11
10000000000000000010100001110101 3 4 5 6 7 8 9 10 11
10000000000000000010100011010101 3 4 5 6 7 8 9 10 11
10000000000000000010101001010101 3 4 5 6 7 8 9 10 11
10000000000000001000000001011111 3 4 5 6 7 8 9 10 11
10000000000000001000000001110111 3 4 5 6 7 8 9 10 11
10000000000000001000000001111101 3 4 5 6 7 8 9 10 11
10000000000000001000000011010111 3 4 5 6 7 8 9 10 11
10000000000000001000000011011101 3 4 5 6 7 8 9 10 11
10000000000000001000000011110101 3 4 5 6 7 8 9 10 11
10000000000000001000001001010111 3 4 5 6 7 8 9 10 11
10000000000000001000001001011101 3 4 5 6 7 8 9 10 11
10000000000000001000001001110101 3 4 5 6 7 8 9 10 11
10000000000000001000001011010101 3 4 5 6 7 8 9 10 11
10000000000000001000100001010111 3 4 5 6 7 8 9 10 11
10000000000000001000100001011101 3 4 5 6 7 8 9 10 11
10000000000000001000100001110101 3 4 5 6 7 8 9 10 11
10000000000000001000100011010101 3 4 5 6 7 8 9 10 11
10000000000000001000101001010101 3 4 5 6 7 8 9 10 11
10000000000000001010000001010111 3 4 5 6 7 8 9 10 11
10000000000000001010000001011101 3 4 5 6 7 8 9 10 11
10000000000000001010000001110101 3 4 5 6 7 8 9 10 11
10000000000000001010000011010101 3 4 5 6 7 8 9 10 11
10000000000000001010001001010101 3 4 5 6 7 8 9 10 11
10000000000000001010100001010101 3 4 5 6 7 8 9 10 11
10000000000000100000000001011111 3 4 5 6 7 8 9 10 11
10000000000000100000000001110111 3 4 5 6 7 8 9 10 11
10000000000000100000000001111101 3 4 5 6 7 8 9 10 11
10000000000000100000000011010111 3 4 5 6 7 8 9 10 11
10000000000000100000000011011101 3 4 5 6 7 8 9 10 11
10000000000000100000000011110101 3 4 5 6 7 8 9 10 11
10000000000000100000001001010111 3 4 5 6 7 8 9 10 11
10000000000000100000001001011101 3 4 5 6 7 8 9 10 11
10000000000000100000001001110101 3 4 5 6 7 8 9 10 11
10000000000000100000001011010101 3 4 5 6 7 8 9 10 11
10000000000000100000100001010111 3 4 5 6 7 8 9 10 11
10000000000000100000100001011101 3 4 5 6 7 8 9 10 11
10000000000000100000100001110101 3 4 5 6 7 8 9 10 11
10000000000000100000100011010101 3 4 5 6 7 8 9 10 11
10000000000000100000101001010101 3 4 5 6 7 8 9 10 11
10000000000000100010000001010111 3 4 5 6 7 8 9 10 11
10000000000000100010000001011101 3 4 5 6 7 8 9 10 11
10000000000000100010000001110101 3 4 5 6 7 8 9 10 11
10000000000000100010000011010101 3 4 5 6 7 8 9 10 11
10000000000000100010001001010101 3 4 5 6 7 8 9 10 11
10000000000000100010100001010101 3 4 5 6 7 8 9 10 11
10000000000000101000000001010111 3 4 5 6 7 8 9 10 11
10000000000000101000000001011101 3 4 5 6 7 8 9 10 11
10000000000000101000000001110101 3 4 5 6 7 8 9 10 11
10000000000000101000000011010101 3 4 5 6 7 8 9 10 11
10000000000000101000001001010101 3 4 5 6 7 8 9 10 11
10000000000000101000100001010101 3 4 5 6 7 8 9 10 11
10000000000000101010000001010101 3 4 5 6 7 8 9 10 11
10000000000010000000000001011111 3 4 5 6 7 8 9 10 11
10000000000010000000000001110111 3 4 5 6 7 8 9 10 11
10000000000010000000000001111101 3 4 5 6 7 8 9 10 11
10000000000010000000000011010111 3 4 5 6 7 8 9 10 11
10000000000010000000000011011101 3 4 5 6 7 8 9 10 11
10000000000010000000000011110101 3 4 5 6 7 8 9 10 11
10000000000010000000001001010111 3 4 5 6 7 8 9 10 11
10000000000010000000001001011101 3 4 5 6 7 8 9 10 11
10000000000010000000001001110101 3 4 5 6 7 8 9 10 11
10000000000010000000001011010101 3 4 5 6 7 8 9 10 11
10000000000010000000100001010111 3 4 5 6 7 8 9 10 11
10000000000010000000100001011101 3 4 5 6 7 8 9 10 11
10000000000010000000100001110101 3 4 5 6 7 8 9 10 11
10000000000010000000100011010101 3 4 5 6 7 8 9 10 11
10000000000010000000101001010101 3 4 5 6 7 8 9 10 11
10000000000010000010000001010111 3 4 5 6 7 8 9 10 11
10000000000010000010000001011101 3 4 5 6 7 8 9 10 11
10000000000010000010000001110101 3 4 5 6 7 8 9 10 11
10000000000010000010000011010101 3 4 5 6 7 8 9 10 11
10000000000010000010001001010101 3 4 5 6 7 8 9 10 11
10000000000010000010100001010101 3 4 5 6 7 8 9 10 11
10000000000010001000000001010111 3 4 5 6 7 8 9 10 11
10000000000010001000000001011101 3 4 5 6 7 8 9 10 11
10000000000010001000000001110101 3 4 5 6 7 8 9 10 11
10000000000010001000000011010101 3 4 5 6 7 8 9 10 11
10000000000010001000001001010101 3 4 5 6 7 8 9 10 11
10000000000010001000100001010101 3 4 5 6 7 8 9 10 11
10000000000010001010000001010101 3 4 5 6 7 8 9 10 11
10000000000010100000000001010111 3 4 5 6 7 8 9 10 11
10000000000010100000000001011101 3 4 5 6 7 8 9 10 11
10000000000010100000000001110101 3 4 5 6 7 8 9 10 11
10000000000010100000000011010101 3 4 5 6 7 8 9 10 11
10000000000010100000001001010101 3 4 5 6 7 8 9 10 11
10000000000010100000100001010101 3 4 5 6 7 8 9 10 11
10000000000010100010000001010101 3 4 5 6 7 8 9 10 11
10000000000010101000000001010101 3 4 5 6 7 8 9 10 11
10000000001000000000000001011111 3 4 5 6 7 8 9 10 11
10000000001000000000000001110111 3 4 5 6 7 8 9 10 11
10000000001000000000000001111101 3 4 5 6 7 8 9 10 11
10000000001000000000000011010111 3 4 5 6 7 8 9 10 11
10000000001000000000000011011101 3 4 5 6 7 8 9 10 11
10000000001000000000000011110101 3 4 5 6 7 8 9 10 11
10000000001000000000001001010111 3 4 5 6 7 8 9 10 11
10000000001000000000001001011101 3 4 5 6 7 8 9 10 11
10000000001000000000001001110101 3 4 5 6 7 8 9 10 11
10000000001000000000001011010101 3 4 5 6 7 8 9 10 11
10000000001000000000100001010111 3 4 5 6 7 8 9 10 11
10000000001000000000100001011101 3 4 5 6 7 8 9 10 11
10000000001000000000100001110101 3 4 5 6 7 8 9 10 11
10000000001000000000100011010101 3 4 5 6 7 8 9 10 11
10000000001000000000101001010101 3 4 5 6 7 8 9 10 11
10000000001000000010000001010111 3 4 5 6 7 8 9 10 11
10000000001000000010000001011101 3 4 5 6 7 8 9 10 11
10000000001000000010000001110101 3 4 5 6 7 8 9 10 11
10000000001000000010000011010101 3 4 5 6 7 8 9 10 11
