Case #1:
1000000000000001 3 4 5 6 7 8 9 10 11
1000000000000111 3 4 5 6 7 8 9 10 11
1000000000001101 3 4 5 6 7 8 9 10 11
1000000000100101 3 4 5 6 7 8 9 10 11
1000000010000101 3 4 5 6 7 8 9 10 11
1000001000000101 3 4 5 6 7 8 9 10 11
1000100000000101 3 4 5 6 7 8 9 10 11
1010000000000101 3 4 5 6 7 8 9 10 11
1000000000010011 3 4 5 6 7 8 9 10 11
1000000000011001 3 4 5 6 7 8 9 10 11
1000000000110001 3 4 5 6 7 8 9 10 11
1000000010010001 3 4 5 6 7 8 9 10 11
1000001000010001 3 4 5 6 7 8 9 10 11
1000100000010001 3 4 5 6 7 8 9 10 11
1010000000010001 3 4 5 6 7 8 9 10 11
1000000000011111 3 4 5 6 7 8 9 10 11
1000000000110111 3 4 5 6 7 8 9 10 11
1000000000111101 3 4 5 6 7 8 9 10 11
1000000010010111 3 4 5 6 7 8 9 10 11
1000000010011101 3 4 5 6 7 8 9 10 11
1000000010110101 3 4 5 6 7 8 9 10 11
1000001000010111 3 4 5 6 7 8 9 10 11
1000001000011101 3 4 5 6 7 8 9 10 11
1000001000110101 3 4 5 6 7 8 9 10 11
1000001010010101 3 4 5 6 7 8 9 10 11
1000100000010111 3 4 5 6 7 8 9 10 11
1000100000011101 3 4 5 6 7 8 9 10 11
1000100000110101 3 4 5 6 7 8 9 10 11
1000100010010101 3 4 5 6 7 8 9 10 11
1000101000010101 3 4 5 6 7 8 9 10 11
1010000000010111 3 4 5 6 7 8 9 10 11
1010000000011101 3 4 5 6 7 8 9 10 11
1010000000110101 3 4 5 6 7 8 9 10 11
1010000010010101 3 4 5 6 7 8 9 10 11
1010001000010101 3 4 5 6 7 8 9 10 11
1010100000010101 3 4 5 6 7 8 9 10 11
1000000001000011 3 4 5 6 7 8 9 10 11
1000000001001001 3 4 5 6 7 8 9 10 11
1000000001100001 3 4 5 6 7 8 9 10 11
1000000011000001 3 4 5 6 7 8 9 10 11
1000001001000001 3 4 5 6 7 8 9 10 11
1000100001000001 3 4 5 6 7 8 9 10 11
1010000001000001 3 4 5 6 7 8 9 10 11
1000000001001111 3 4 5 6 7 8 9 10 11
1000000001100111 3 4 5 6 7 8 9 10 11
1000000001101101 3 4 5 6 7 8 9 10 11
1000000011000111 3 4 5 6 7 8 9 10 11
1000000011001101 3 4 5 6 7 8 9 10 11
1000000011100101 3 4 5 6 7 8 9 10 11
1000001001000111 3 4 5 6 7 8 9 10 11
