Case #1: 0.0 0.0 2.0 6.0 
Case #2: 88.0 2.0 177.0 2.0 164.0 1.0 
Case #3: 509661.0 493335.0 1000607.0 522959.0 626052.0 828565.0 259072.0 601368.0 209138.0 61827.0 729441.0 1149308.0 1140838.0 136003.0 231571.0 630217.0 775279.0 1037616.0 1202372.0 337989.0 
Case #4: 25737.0 290393.0 53665.0 362864.0 92432.0 633838.0 14077.0 696744.0 79548.0 728915.0 23288.0 331627.0 87421.0 727654.0 64491.0 268140.0 51976.0 363990.0 29371.0 331560.0 
Case #5: 179640.0 358220.0 
Case #6: 376546374.0 773595494.0 57626877.0 812792327.0 184241447.0 22064400.0 617193466.0 617563436.0 228861117.0 325581642.0 604982142.0 747275695.0 535931540.0 647972646.0 740390159.0 10146978.0 84322446.0 661138287.0 431712558.0 593202739.0 
Case #7: 427777.0 71595.0 1322974.0 42798.0 3008339.0 67341.0 2934782.0 92666.0 2286470.0 56185.0 2984869.0 3514.0 296572.0 33517.0 1513391.0 89764.0 1991327.0 86761.0 144531.0 21065.0 
Case #8: 23123.0 3978364.0 71784.0 3701958.0 159847.0 1906407.0 11078.0 10099.0 102996.0 4665647.0 67762.0 346626.0 116249.0 2835661.0 40227.0 5343249.0 107935.0 364121.0 24796.0 161242.0 
Case #9: 3417342.0 40942.0 2429751.0 54891.0 961334.0 39700.0 1401349.0 57569.0 4005718.0 61845.0 2051748.0 52632.0 3374482.0 1611.0 2512289.0 116964.0 215809.0 39127.0 550864.0 71821.0 
Case #10: 725800.0 108345.0 2319524.0 42021.0 1053338.0 36557.0 2393600.0 48019.0 1896512.0 92091.0 2546011.0 66787.0 2325854.0 114093.0 1366168.0 99255.0 390621.0 11957.0 2176648.0 121449.0 
Case #11: 136802.0 1023791.0 541893.0 952200.0 445401.0 881038.0 90714.0 9071.0 487963.0 1325755.0 487298.0 865398.0 412665.0 1342981.0 527486.0 302559.0 189982.0 356416.0 109935.0 444394.0 
Case #12: 56551.0 4705434.0 69720.0 606258.0 57250.0 6406952.0 64322.0 3420649.0 43105.0 1488545.0 70136.0 3536001.0 61127.0 5197742.0 34083.0 1528876.0 63477.0 4803846.0 5861.0 368879.0 
Case #13: 2097110.0 45706.0 4399504.0 41074.0 3546908.0 33974.0 4054927.0 191.0 3711856.0 10133.0 934158.0 23858.0 3327181.0 20669.0 2664756.0 6764.0 2174663.0 37067.0 3358282.0 39443.0 
Case #14: 10276.0 303086.0 30307.0 3466763.0 82553.0 2111215.0 35392.0 5258456.0 66668.0 2767070.0 43483.0 1420571.0 72608.0 1366989.0 52284.0 5242699.0 79614.0 263126.0 62075.0 360187.0 
Case #15: 37219.0 3298015.0 29262.0 1227279.0 108901.0 585345.0 16736.0 1582356.0 55005.0 917229.0 142008.0 3117608.0 3979.0 3482207.0 75453.0 2855997.0 85133.0 312752.0 81444.0 2166630.0 
Case #16: 42113.0 1018278.0 3871.0 1073344.0 38217.0 1328305.0 26412.0 4147872.0 39113.0 582824.0 105756.0 2629639.0 57520.0 3827259.0 27612.0 2695700.0 26043.0 2093475.0 1561.0 1421818.0 
Case #17: 498760.0 285930.0 516888.0 598684.0 533850.0 214401.0 812478.0 494178.0 1081609.0 532781.0 361174.0 501133.0 759326.0 455248.0 864787.0 41423.0 286100.0 65869.0 236510.0 8159.0 
Case #18: 739412.0 8739.0 4570250.0 75817.0 5424328.0 40091.0 6379342.0 16384.0 1116400.0 86412.0 138476.0 30266.0 1580577.0 65074.0 1781070.0 53382.0 2859479.0 74078.0 3780175.0 59770.0 
Case #19: 281539.0 602005.0 143300.0 408035.0 243495.0 687254.0 269676.0 749246.0 145065.0 1181895.0 43588.0 626185.0 212288.0 78597.0 27218.0 436848.0 83087.0 786575.0 202360.0 548597.0 
Case #20: 70301.0 2400693.0 8915.0 1618228.0 34865.0 4392688.0 95125.0 2084686.0 62830.0 476716.0 91116.0 1249901.0 36325.0 1420235.0 13470.0 780657.0 69525.0 3532735.0 28730.0 1768396.0 
Case #21: 166774.0 1757839.0 176585.0 1718043.0 142567.0 38641.0 50749.0 447762.0 129367.0 1826715.0 59333.0 1587810.0 105104.0 1497766.0 23174.0 677714.0 74824.0 422051.0 34611.0 2109676.0 
Case #22: 1752278.0 16769.0 572801.0 62982.0 451194.0 206004.0 426152.0 177222.0 982961.0 64958.0 1554005.0 157333.0 2227139.0 197058.0 210924.0 203628.0 485059.0 115819.0 1630963.0 9926.0 
Case #23: 76972.0 3632148.0 17501.0 975524.0 29758.0 2900676.0 91296.0 2426489.0 37532.0 76184.0 4651.0 2663966.0 8820.0 1950638.0 8851.0 2511600.0 106084.0 387032.0 78435.0 2085017.0 
Case #24: 6095722.0 64741.0 3591597.0 7077.0 1671407.0 2010.0 1801580.0 78215.0 347241.0 17244.0 6779815.0 52254.0 7018209.0 69300.0 1051045.0 53447.0 6392121.0 70369.0 3474131.0 80028.0 
Case #25: 3105566.0 43088.0 107431.0 30536.0 545207.0 102165.0 3376959.0 80595.0 3867598.0 42171.0 3621277.0 80301.0 5053172.0 43651.0 1998692.0 12853.0 4901925.0 17279.0 775816.0 96416.0 
Case #26: 4380057.0 45694.0 2627601.0 63127.0 1938558.0 6952.0 4833467.0 304.0 2433653.0 11582.0 2280650.0 20481.0 1964793.0 42001.0 4056014.0 54376.0 1630682.0 1647.0 2801404.0 18377.0 
Case #27: 280227.0 207675.0 271735.0 129484.0 250405.0 195764.0 581482.0 35692.0 1021725.0 104946.0 177087.0 127435.0 664245.0 231076.0 975165.0 290254.0 134226.0 120215.0 426572.0 218392.0 
Case #28: 133894.0 3874204.0 41061.0 3798338.0 100294.0 260302.0 50832.0 628012.0 104848.0 4121614.0 11369.0 640360.0 121296.0 1267310.0 56693.0 588181.0 139413.0 261121.0 92509.0 3857212.0 
Case #29: 898249.0 39044.0 1145901.0 9650.0 1267853.0 18678.0 297438.0 173628.0 810685.0 165241.0 936012.0 105757.0 579183.0 165068.0 1390725.0 145014.0 1335759.0 94073.0 333967.0 11513.0 
Case #30: 1173442.0 69363.0 3330034.0 26056.0 2742144.0 22201.0 3315647.0 61752.0 6281572.0 2141.0 2497369.0 38323.0 1563199.0 62474.0 6250226.0 20717.0 2119170.0 36648.0 2503020.0 7813.0 
Case #31: 159819.0 288880.0 375558.0 993198.0 335928.0 482943.0 310211.0 682816.0 456834.0 541999.0 22249.0 588027.0 369429.0 349255.0 137641.0 806261.0 418725.0 520764.0 478991.0 147136.0 
Case #32: 1174140.0 38020.0 3637713.0 44523.0 1291702.0 36711.0 6007891.0 85816.0 521521.0 63603.0 2899366.0 1898.0 1119503.0 36679.0 4668999.0 91799.0 5688430.0 13063.0 2754492.0 103638.0 
Case #33: 80614.0 165426.0 125548.0 172742.0 723607.0 282373.0 328883.0 252255.0 476747.0 289765.0 7155.0 5322.0 781268.0 146113.0 596527.0 335847.0 556234.0 99787.0 144549.0 212671.0 
Case #34: 220605.0 45407.0 3378601.0 9215.0 1409821.0 17867.0 1582753.0 55711.0 368704.0 76724.0 354652.0 38708.0 6589837.0 75589.0 754071.0 57074.0 2881692.0 11913.0 3766565.0 39586.0 
Case #35: 457104.0 18318.0 297930.0 35519.0 4745826.0 15040.0 1711492.0 29650.0 100483.0 60501.0 4001557.0 58095.0 4763685.0 15001.0 1101272.0 52835.0 507019.0 67589.0 1321415.0 66064.0 
Case #36: 2492997.0 96656.0 708270.0 218346.0 1233980.0 79161.0 952846.0 94841.0 2346179.0 89981.0 2705534.0 167161.0 2517660.0 20321.0 1431725.0 81922.0 2170368.0 116499.0 723201.0 34180.0 
Case #37: 41537.0 3242513.0 69917.0 5018098.0 13010.0 5761697.0 14270.0 1663761.0 11773.0 2011171.0 73496.0 2276943.0 15531.0 3512859.0 69383.0 2610679.0 70153.0 1563604.0 54753.0 4943210.0 
Case #38: 376658.0 512672.0 774693.0 87595.0 559964.0 326143.0 360475.0 264704.0 221154.0 444064.0 141072.0 248387.0 862549.0 11694.0 637962.0 553502.0 180675.0 51004.0 128671.0 326534.0 
Case #39: 59920.0 3214491.0 12195.0 3945793.0 76549.0 1330742.0 59077.0 1059421.0 50312.0 1871214.0 11088.0 1496821.0 50988.0 4013888.0 76952.0 4554963.0 14547.0 2821247.0 5615.0 1187470.0 
Case #40: 84800.0 5826211.0 62047.0 6706182.0 12261.0 6757525.0 85771.0 3639758.0 26545.0 6384571.0 40657.0 5226219.0 54956.0 5377625.0 11083.0 6457901.0 48135.0 3476978.0 40529.0 4646531.0 
Case #41: 883318.0 216594.0 936804.0 78634.0 422794.0 238538.0 1016126.0 516678.0 982563.0 190595.0 321033.0 13490.0 785921.0 400461.0 1112576.0 380598.0 18587.0 211767.0 1101954.0 505828.0 
Case #42: 150182.0 1032396.0 206917.0 2994891.0 43438.0 1389223.0 234963.0 1106642.0 49833.0 2276100.0 50846.0 248188.0 18254.0 2585234.0 22323.0 2162662.0 51445.0 2631443.0 202805.0 443933.0 
Case #43: 501608.0 139415.0 344696.0 380585.0 488734.0 242045.0 271472.0 134626.0 495888.0 394486.0 495539.0 276933.0 495740.0 217728.0 555379.0 135630.0 317920.0 207901.0 610831.0 241956.0 
Case #44: 137281.0 1727638.0 42656.0 915924.0 125336.0 976876.0 53789.0 1336923.0 75077.0 140519.0 17334.0 823721.0 58709.0 65843.0 140467.0 617213.0 83111.0 492004.0 16983.0 412649.0 
Case #45: 5779.0 212968.0 564173.0 137504.0 807366.0 435242.0 587751.0 440434.0 748230.0 144655.0 261766.0 181166.0 579855.0 338849.0 115107.0 35782.0 347525.0 94704.0 372107.0 99982.0 
Case #46: 531858.0 369985.0 1406442.0 395783.0 1013683.0 293430.0 1349906.0 39831.0 1164304.0 270628.0 1030614.0 81746.0 746017.0 37149.0 758375.0 222543.0 221636.0 104133.0 784998.0 147172.0 
Case #47: 41227.0 3084258.0 4431.0 2448779.0 1659.0 1449877.0 3102.0 84575.0 109152.0 3250323.0 3758.0 4078125.0 128597.0 546554.0 85653.0 5176491.0 103012.0 5246990.0 65687.0 2047300.0 
Case #48: 80487.0 3628365.0 58647.0 71058.0 58894.0 2283287.0 9378.0 2072377.0 12526.0 3587431.0 56841.0 492735.0 44760.0 3561335.0 37772.0 4570761.0 52794.0 143145.0 41058.0 3997766.0 
Case #49: 1899035.0 147842.0 1964082.0 111259.0 1971971.0 210712.0 1710532.0 30534.0 1798631.0 131759.0 941650.0 242494.0 708199.0 184575.0 1783762.0 186659.0 1236854.0 125996.0 1283373.0 216055.0 
Case #50: 1119421.0 249748.0 202648.0 111008.0 464147.0 49321.0 1085251.0 332369.0 467351.0 227981.0 226046.0 286840.0 470446.0 213530.0 1228789.0 108866.0 1626305.0 234756.0 1527563.0 25750.0 
