Case #1: AB AB
Case #2: A A B C A BC
Case #3: C A BC
Case #4: B A B A BC
Case #5: B A B C A BC
Case #6: A B A B A B A BC
Case #7: A B C A BC
Case #8: A B A B A BC
Case #9: C C A B C A BC
Case #10: A A C A C A BC
Case #11: C A C A B C A BC
Case #12: A A A B C A BC
Case #13: C A C A BC
Case #14: B A B A B A BC
Case #15: B A B A B C A BC
Case #16: B B C A B C A BC
Case #17: AB
Case #18: A A BC
Case #19: AB AB AB
Case #20: A B C A B C A BC
Case #21: A B A B C A BC
Case #22: A A C A B C A BC
Case #23: C A B C A BC
Case #24: C B C A B C A BC
Case #25: B B C A BC
Case #26: A B A BC
Case #27: A A C A BC
Case #28: C B C B C A BC
Case #29: A A B A BC
Case #30: A C A C A BC
Case #31: A BC
Case #32: A C A BC
Case #33: B C A B C A BC
Case #34: B C A BC
Case #35: C B C A BC
Case #36: A C A C A C A BC
Case #37: B C B C A BC
Case #38: A A B A B C A BC
Case #39: AB AB AB AB
Case #40: B C B C B C A BC
Case #41: A C A B C A BC
Case #42: B B A B C A BC
Case #43: A A B A B A BC
Case #44: B B C B C A BC
Case #45: C A C A C A BC
Case #46: B A BC
