Case #1: 1 0
Case #2: 1 0
Case #3: 1 1
Case #4: 0 0
Case #5: 500 499
Case #6: 0 0
Case #7: 0 0
Case #8: 125 124
Case #9: 0 0
Case #10: 0 0
Case #11: 1 1
Case #12: 0 0
Case #13: 0 0
Case #14: 1 1
Case #15: 0 0
Case #16: 1 0
Case #17: 0 0
Case #18: 1 1
Case #19: 1 1
Case #20: 1 1
Case #21: 1 1
Case #22: 1 1
Case #23: 0 0
Case #24: 0 0
Case #25: 2 2
Case #26: 499 499
Case #27: 0 0
Case #28: 1 1
Case #29: 0 0
Case #30: 1 1
Case #31: 1 0
Case #32: 0 0
Case #33: 0 0
Case #34: 0 0
Case #35: 0 0
Case #36: 1 1
Case #37: 3 3
Case #38: 7 6
Case #39: 0 0
Case #40: 0 0
Case #41: 1 0
Case #42: 0 0
Case #43: 0 0
Case #44: 3 2
Case #45: 0 0
Case #46: 1 1
Case #47: 1 1
Case #48: 0 0
Case #49: 1 1
Case #50: 0 0
Case #51: 249 249
Case #52: 0 0
Case #53: 0 0
Case #54: 1 1
Case #55: 1 1
Case #56: 0 0
Case #57: 0 0
Case #58: 3 3
Case #59: 2 1
Case #60: 3 2
Case #61: 0 0
Case #62: 0 0
Case #63: 0 0
Case #64: 3 3
Case #65: 0 0
Case #66: 0 0
Case #67: 0 0
Case #68: 1 1
Case #69: 0 0
Case #70: 0 0
Case #71: 7 6
Case #72: 250 249
Case #73: 0 0
Case #74: 0 0
Case #75: 0 0
Case #76: 1 1
Case #77: 0 0
Case #78: 1 1
Case #79: 0 0
Case #80: 3 3
Case #81: 1 1
Case #82: 3 2
Case #83: 1 1
Case #84: 0 0
Case #85: 250 249
Case #86: 0 0
Case #87: 0 0
Case #88: 1 1
Case #89: 0 0
Case #90: 0 0
Case #91: 1 1
Case #92: 0 0
Case #93: 0 0
Case #94: 1 0
Case #95: 1 0
Case #96: 0 0
Case #97: 0 0
Case #98: 0 0
Case #99: 3 3
Case #100: 0 0
