Case #1: 4 3
o 1 2
+ 1 1
x 2 1
Case #2: 2 0
Case #3: 6 5
o 1 3
+ 1 1
+ 1 2
x 2 1
x 3 2
Case #4: 200 197
o 1 5
+ 1 2
+ 1 3
+ 1 4
+ 1 6
+ 1 7
+ 1 8
+ 1 9
+ 1 11
+ 1 12
+ 1 13
+ 1 14
+ 1 15
+ 1 16
+ 1 17
+ 1 18
+ 1 19
+ 1 20
+ 1 21
+ 1 22
+ 1 23
+ 1 24
+ 1 25
+ 1 26
+ 1 27
+ 1 28
+ 1 29
+ 1 30
+ 1 31
+ 1 32
+ 1 33
+ 1 34
+ 1 35
+ 1 36
+ 1 37
+ 1 38
+ 1 39
+ 1 40
+ 1 41
+ 1 42
+ 1 43
+ 1 44
+ 1 45
+ 1 46
+ 1 47
+ 1 48
+ 1 49
+ 1 50
+ 1 51
+ 1 52
+ 1 53
+ 1 54
+ 1 55
+ 1 56
+ 1 57
+ 1 58
+ 1 59
+ 1 60
+ 1 61
+ 1 62
+ 1 63
+ 1 64
+ 1 65
+ 1 66
+ 1 67
+ 1 68
+ 1 69
+ 1 70
+ 1 71
+ 1 72
+ 1 73
+ 1 74
+ 1 75
+ 1 76
+ 1 77
+ 1 78
+ 1 79
+ 1 80
+ 1 81
+ 1 82
+ 1 83
+ 1 84
+ 1 85
+ 1 86
+ 1 87
+ 1 88
+ 1 89
+ 1 90
+ 1 91
+ 1 92
+ 1 93
+ 1 94
+ 1 95
+ 1 96
+ 1 97
+ 1 98
+ 1 99
+ 1 100
x 2 6
x 3 7
x 4 8
x 5 9
x 6 10
x 7 11
x 8 12
x 9 13
x 10 14
x 11 15
x 12 16
x 13 17
x 14 18
x 15 19
x 16 20
x 17 21
x 18 22
x 19 23
x 20 24
x 21 25
x 22 26
x 23 27
x 24 28
x 25 29
x 26 30
x 27 31
x 28 32
x 29 33
x 30 34
x 31 35
x 32 36
x 33 37
x 34 38
x 35 39
x 36 40
x 37 41
x 38 42
x 39 43
x 40 44
x 41 45
x 42 46
x 43 47
x 44 48
x 45 49
x 46 50
x 47 51
x 48 52
x 49 53
x 50 54
x 51 55
x 52 56
x 53 57
x 54 58
x 55 59
x 56 60
x 57 61
x 58 62
x 59 63
x 60 64
x 61 65
x 62 66
x 63 67
x 64 68
x 65 69
x 66 70
x 67 71
x 68 72
x 69 73
x 70 74
x 71 75
x 72 76
x 73 77
x 74 78
x 75 79
x 76 80
x 77 81
x 78 82
x 79 83
x 80 84
x 81 85
x 82 86
x 83 87
x 84 88
x 85 89
x 86 90
x 87 91
x 88 92
x 89 93
x 90 94
x 91 95
x 92 96
x 93 97
x 94 98
x 95 99
x 96 100
x 97 1
x 98 2
x 99 3
x 100 4
Case #5: 104 100
o 1 50
+ 1 1
+ 1 2
+ 1 3
+ 1 4
+ 1 5
+ 1 6
+ 1 7
+ 1 8
+ 1 9
+ 1 10
+ 1 11
+ 1 12
+ 1 13
+ 1 14
+ 1 15
+ 1 16
+ 1 17
+ 1 18
+ 1 19
+ 1 20
+ 1 21
+ 1 22
+ 1 23
+ 1 24
+ 1 25
+ 1 26
+ 1 27
+ 1 28
+ 1 29
+ 1 30
+ 1 31
+ 1 32
+ 1 33
+ 1 34
+ 1 36
+ 1 37
+ 1 38
+ 1 39
+ 1 40
+ 1 41
+ 1 42
+ 1 43
+ 1 44
+ 1 45
+ 1 46
+ 1 48
+ 1 49
+ 1 52
x 2 51
x 3 52
x 4 1
x 5 2
x 6 3
x 7 4
x 8 5
x 9 6
x 10 7
x 11 8
x 12 9
x 13 10
x 14 11
x 15 12
x 16 13
x 17 14
x 18 15
x 19 16
x 20 17
x 21 18
x 22 19
x 23 20
x 24 21
x 25 22
x 26 23
x 27 24
x 28 25
x 29 26
x 30 27
x 31 28
x 32 29
x 33 30
x 34 31
x 35 32
x 36 33
x 37 34
x 38 35
x 39 36
x 40 37
x 41 38
x 42 39
x 43 40
x 44 41
x 45 42
x 46 43
x 47 44
x 48 45
x 49 46
x 50 47
x 51 48
x 52 49
Case #6: 10 7
+ 1 1
+ 1 3
+ 1 4
x 2 3
x 3 4
x 4 5
x 5 1
Case #7: 200 100
o 1 1
x 2 2
x 3 3
x 4 4
x 5 5
x 6 6
x 7 7
x 8 8
x 9 9
x 10 10
x 11 11
x 12 12
x 13 13
x 14 14
x 15 15
x 16 16
x 17 17
x 18 18
x 19 19
x 20 20
x 21 21
x 22 22
x 23 23
x 24 24
x 25 25
x 26 26
x 27 27
x 28 28
x 29 29
x 30 30
x 31 31
x 32 32
x 33 33
x 34 34
x 35 35
x 36 36
x 37 37
x 38 38
x 39 39
x 40 40
x 41 41
x 42 42
x 43 43
x 44 44
x 45 45
x 46 46
x 47 47
x 48 48
x 49 49
x 50 50
x 51 51
x 52 52
x 53 53
x 54 54
x 55 55
x 56 56
x 57 57
x 58 58
x 59 59
x 60 60
x 61 61
x 62 62
x 63 63
x 64 64
x 65 65
x 66 66
x 67 67
x 68 68
x 69 69
x 70 70
x 71 71
x 72 72
x 73 73
x 74 74
x 75 75
x 76 76
x 77 77
x 78 78
x 79 79
x 80 80
x 81 81
x 82 82
x 83 83
x 84 84
x 85 85
x 86 86
x 87 87
x 88 88
x 89 89
x 90 90
x 91 91
x 92 92
x 93 93
x 94 94
x 95 95
x 96 96
x 97 97
x 98 98
x 99 99
x 100 100
Case #8: 200 195
o 1 100
+ 1 2
+ 1 3
+ 1 4
+ 1 5
+ 1 6
+ 1 7
+ 1 8
+ 1 9
+ 1 12
+ 1 13
+ 1 14
+ 1 15
+ 1 16
+ 1 17
+ 1 18
+ 1 19
+ 1 20
+ 1 21
+ 1 22
+ 1 23
+ 1 24
+ 1 25
+ 1 26
+ 1 27
+ 1 28
+ 1 29
+ 1 31
+ 1 32
+ 1 33
+ 1 34
+ 1 35
+ 1 36
+ 1 37
+ 1 38
+ 1 39
+ 1 40
+ 1 41
+ 1 42
+ 1 43
+ 1 44
+ 1 45
+ 1 46
+ 1 47
+ 1 48
+ 1 49
+ 1 50
+ 1 51
+ 1 52
+ 1 53
+ 1 54
+ 1 55
+ 1 56
+ 1 57
+ 1 58
+ 1 59
+ 1 60
+ 1 61
+ 1 62
+ 1 63
+ 1 64
+ 1 65
+ 1 66
+ 1 67
+ 1 68
+ 1 69
+ 1 70
+ 1 71
+ 1 72
+ 1 73
+ 1 74
+ 1 75
+ 1 76
+ 1 77
+ 1 78
+ 1 79
+ 1 80
+ 1 81
+ 1 82
+ 1 83
+ 1 84
+ 1 85
+ 1 86
+ 1 87
+ 1 88
+ 1 89
+ 1 90
+ 1 91
+ 1 92
+ 1 93
+ 1 94
+ 1 95
+ 1 96
+ 1 97
+ 1 98
+ 1 99
x 2 1
x 3 2
x 4 3
x 5 4
x 6 5
x 7 6
x 8 7
x 9 8
x 10 9
x 11 10
x 12 11
x 13 12
x 14 13
x 15 14
x 16 15
x 17 16
x 18 17
x 19 18
x 20 19
x 21 20
x 22 21
x 23 22
x 24 23
x 25 24
x 26 25
x 27 26
x 28 27
x 29 28
x 30 29
x 31 30
x 32 31
x 33 32
x 34 33
x 35 34
x 36 35
x 37 36
x 38 37
x 39 38
x 40 39
x 41 40
x 42 41
x 43 42
x 44 43
x 45 44
x 46 45
x 47 46
x 48 47
x 49 48
x 50 49
x 51 50
x 52 51
x 53 52
x 54 53
x 55 54
x 56 55
x 57 56
x 58 57
x 59 58
x 60 59
x 61 60
x 62 61
x 63 62
x 64 63
x 65 64
x 66 65
x 67 66
x 68 67
x 69 68
x 70 69
x 71 70
x 72 71
x 73 72
x 74 73
x 75 74
x 76 75
x 77 76
x 78 77
x 79 78
x 80 79
x 81 80
x 82 81
x 83 82
x 84 83
x 85 84
x 86 85
x 87 86
x 88 87
x 89 88
x 90 89
x 91 90
x 92 91
x 93 92
x 94 93
x 95 94
x 96 95
x 97 96
x 98 97
x 99 98
x 100 99
Case #9: 98 95
o 1 3
+ 1 1
+ 1 2
+ 1 4
+ 1 5
+ 1 6
+ 1 7
+ 1 8
+ 1 9
+ 1 10
+ 1 11
+ 1 12
+ 1 13
+ 1 14
+ 1 15
+ 1 16
+ 1 17
+ 1 18
+ 1 19
+ 1 20
+ 1 21
+ 1 22
+ 1 23
+ 1 24
+ 1 25
+ 1 26
+ 1 27
+ 1 28
+ 1 29
+ 1 30
+ 1 31
+ 1 32
+ 1 33
+ 1 34
+ 1 35
+ 1 36
+ 1 38
+ 1 39
+ 1 40
+ 1 42
+ 1 43
+ 1 44
+ 1 45
+ 1 46
+ 1 47
+ 1 48
+ 1 49
x 2 4
x 3 5
x 4 6
x 5 7
x 6 8
x 7 9
x 8 10
x 9 11
x 10 12
x 11 13
x 12 14
x 13 15
x 14 16
x 15 17
x 16 18
x 17 19
x 18 20
x 19 21
x 20 22
x 21 23
x 22 24
x 23 25
x 24 26
x 25 27
x 26 28
x 27 29
x 28 30
x 29 31
x 30 32
x 31 33
x 32 34
x 33 35
x 34 36
x 35 37
x 36 38
x 37 39
x 38 40
x 39 41
x 40 42
x 41 43
x 42 44
x 43 45
x 44 46
x 45 47
x 46 48
x 47 49
x 48 1
x 49 2
Case #10: 162 159
o 1 18
+ 1 1
+ 1 2
+ 1 3
+ 1 4
+ 1 5
+ 1 6
+ 1 7
+ 1 8
+ 1 9
+ 1 10
+ 1 11
+ 1 12
+ 1 13
+ 1 14
+ 1 15
+ 1 16
+ 1 17
+ 1 19
+ 1 20
+ 1 21
+ 1 22
+ 1 23
+ 1 24
+ 1 25
+ 1 26
+ 1 27
+ 1 28
+ 1 29
+ 1 30
+ 1 31
+ 1 32
+ 1 33
+ 1 35
+ 1 36
+ 1 37
+ 1 39
+ 1 40
+ 1 41
+ 1 42
+ 1 43
+ 1 44
+ 1 45
+ 1 46
+ 1 47
+ 1 48
+ 1 49
+ 1 50
+ 1 51
+ 1 52
+ 1 53
+ 1 54
+ 1 55
+ 1 56
+ 1 57
+ 1 58
+ 1 59
+ 1 60
+ 1 61
+ 1 62
+ 1 63
+ 1 64
+ 1 65
+ 1 66
+ 1 67
+ 1 68
+ 1 69
+ 1 70
+ 1 71
+ 1 72
+ 1 73
+ 1 74
+ 1 75
+ 1 76
+ 1 77
+ 1 78
+ 1 79
+ 1 80
+ 1 81
x 2 19
x 3 20
x 4 21
x 5 22
x 6 23
x 7 24
x 8 25
x 9 26
x 10 27
x 11 28
x 12 29
x 13 30
x 14 31
x 15 32
x 16 33
x 17 34
x 18 35
x 19 36
x 20 37
x 21 38
x 22 39
x 23 40
x 24 41
x 25 42
x 26 43
x 27 44
x 28 45
x 29 46
x 30 47
x 31 48
x 32 49
x 33 50
x 34 51
x 35 52
x 36 53
x 37 54
x 38 55
x 39 56
x 40 57
x 41 58
x 42 59
x 43 60
x 44 61
x 45 62
x 46 63
x 47 64
x 48 65
x 49 66
x 50 67
x 51 68
x 52 69
x 53 70
x 54 71
x 55 72
x 56 73
x 57 74
x 58 75
x 59 76
x 60 77
x 61 78
x 62 79
x 63 80
x 64 81
x 65 1
x 66 2
x 67 3
x 68 4
x 69 5
x 70 6
x 71 7
x 72 8
x 73 9
x 74 10
x 75 11
x 76 12
x 77 13
x 78 14
x 79 15
x 80 16
x 81 17
Case #11: 102 98
o 1 29
+ 1 1
+ 1 2
+ 1 3
+ 1 4
+ 1 5
+ 1 6
+ 1 7
+ 1 8
+ 1 9
+ 1 10
+ 1 11
+ 1 12
+ 1 13
+ 1 14
+ 1 16
+ 1 17
+ 1 18
+ 1 20
+ 1 21
+ 1 22
+ 1 23
+ 1 24
+ 1 25
+ 1 26
+ 1 27
+ 1 28
+ 1 30
+ 1 31
+ 1 33
+ 1 34
+ 1 35
+ 1 36
+ 1 37
+ 1 38
+ 1 39
+ 1 40
+ 1 41
+ 1 42
+ 1 43
+ 1 44
+ 1 45
+ 1 46
+ 1 47
+ 1 48
+ 1 49
+ 1 50
+ 1 51
x 2 30
x 3 31
x 4 32
x 5 33
x 6 34
x 7 35
x 8 36
x 9 37
x 10 38
x 11 39
x 12 40
x 13 41
x 14 42
x 15 43
x 16 44
x 17 45
x 18 46
x 19 47
x 20 48
x 21 49
x 22 50
x 23 51
x 24 1
x 25 2
x 26 3
x 27 4
x 28 5
x 29 6
x 30 7
x 31 8
x 32 9
x 33 10
x 34 11
x 35 12
x 36 13
x 37 14
x 38 15
x 39 16
x 40 17
x 41 18
x 42 19
x 43 20
x 44 21
x 45 22
x 46 23
x 47 24
x 48 25
x 49 26
x 50 27
x 51 28
Case #12: 200 194
o 1 100
+ 1 2
+ 1 3
+ 1 4
+ 1 5
+ 1 6
+ 1 7
+ 1 8
+ 1 9
+ 1 10
+ 1 11
+ 1 13
+ 1 14
+ 1 15
+ 1 16
+ 1 17
+ 1 18
+ 1 19
+ 1 20
+ 1 21
+ 1 22
+ 1 24
+ 1 25
+ 1 26
+ 1 28
+ 1 29
+ 1 30
+ 1 31
+ 1 32
+ 1 33
+ 1 34
+ 1 35
+ 1 36
+ 1 37
+ 1 38
+ 1 39
+ 1 40
+ 1 41
+ 1 42
+ 1 43
+ 1 44
+ 1 45
+ 1 46
+ 1 47
+ 1 48
+ 1 49
+ 1 50
+ 1 51
+ 1 52
+ 1 53
+ 1 54
+ 1 55
+ 1 56
+ 1 57
+ 1 58
+ 1 59
+ 1 60
+ 1 61
+ 1 62
+ 1 63
+ 1 64
+ 1 65
+ 1 66
+ 1 67
+ 1 68
+ 1 69
+ 1 70
+ 1 71
+ 1 72
+ 1 73
+ 1 74
+ 1 75
+ 1 76
+ 1 77
+ 1 78
+ 1 79
+ 1 80
+ 1 81
+ 1 82
+ 1 83
+ 1 84
+ 1 85
+ 1 86
+ 1 87
+ 1 88
+ 1 89
+ 1 90
+ 1 92
+ 1 93
+ 1 94
+ 1 95
+ 1 96
+ 1 97
+ 1 98
+ 1 99
x 2 1
x 3 2
x 4 3
x 5 4
x 6 5
x 7 6
x 8 7
x 9 8
x 10 9
x 11 10
x 12 11
x 13 12
x 14 13
x 15 14
x 16 15
x 17 16
x 18 17
x 19 18
x 20 19
x 21 20
x 22 21
x 23 22
x 24 23
x 25 24
x 26 25
x 27 26
x 28 27
x 29 28
x 30 29
x 31 30
x 32 31
x 33 32
x 34 33
x 35 34
x 36 35
x 37 36
x 38 37
x 39 38
x 40 39
x 41 40
x 42 41
x 43 42
x 44 43
x 45 44
x 46 45
x 47 46
x 48 47
x 49 48
x 50 49
x 51 50
x 52 51
x 53 52
x 54 53
x 55 54
x 56 55
x 57 56
x 58 57
x 59 58
x 60 59
x 61 60
x 62 61
x 63 62
x 64 63
x 65 64
x 66 65
x 67 66
x 68 67
x 69 68
x 70 69
x 71 70
x 72 71
x 73 72
x 74 73
x 75 74
x 76 75
x 77 76
x 78 77
x 79 78
x 80 79
x 81 80
x 82 81
x 83 82
x 84 83
x 85 84
x 86 85
x 87 86
x 88 87
x 89 88
x 90 89
x 91 90
x 92 91
x 93 92
x 94 93
x 95 94
x 96 95
x 97 96
x 98 97
x 99 98
x 100 99
Case #13: 148 144
+ 1 1
+ 1 2
+ 1 3
+ 1 4
+ 1 5
+ 1 6
+ 1 7
+ 1 8
+ 1 9
+ 1 10
+ 1 12
+ 1 13
+ 1 14
+ 1 15
+ 1 16
+ 1 17
+ 1 18
+ 1 19
+ 1 20
+ 1 21
+ 1 22
+ 1 23
+ 1 24
+ 1 25
+ 1 26
+ 1 27
+ 1 28
+ 1 29
+ 1 30
+ 1 31
+ 1 32
+ 1 33
+ 1 34
+ 1 35
+ 1 36
+ 1 37
+ 1 38
+ 1 39
+ 1 40
+ 1 41
+ 1 42
+ 1 44
+ 1 45
+ 1 46
+ 1 48
+ 1 49
+ 1 50
+ 1 51
+ 1 52
+ 1 53
+ 1 54
+ 1 55
+ 1 56
+ 1 57
+ 1 58
+ 1 59
+ 1 60
+ 1 61
+ 1 62
+ 1 63
+ 1 64
+ 1 65
+ 1 66
+ 1 67
+ 1 68
+ 1 69
+ 1 70
+ 1 71
+ 1 72
+ 1 73
+ 1 74
x 2 12
x 3 13
x 4 14
x 5 15
x 6 16
x 7 17
x 8 18
x 9 19
x 10 20
x 11 21
x 12 22
x 13 23
x 14 24
x 15 25
x 16 26
x 17 27
x 18 28
x 19 29
x 20 30
x 21 31
x 22 32
x 23 33
x 24 34
x 25 35
x 26 36
x 27 37
x 28 38
x 29 39
x 30 40
x 31 41
x 32 42
x 33 43
x 34 44
x 35 45
x 36 46
x 37 47
x 38 48
x 39 49
x 40 50
x 41 51
x 42 52
x 43 53
x 44 54
x 45 55
x 46 56
x 47 57
x 48 58
x 49 59
x 50 60
x 51 61
x 52 62
x 53 63
x 54 64
x 55 65
x 56 66
x 57 67
x 58 68
x 59 69
x 60 70
x 61 71
x 62 72
x 63 73
x 64 74
x 65 1
x 66 2
x 67 3
x 68 4
x 69 5
x 70 6
x 71 7
x 72 8
x 73 9
x 74 10
Case #14: 200 198
o 1 100
+ 1 2
+ 1 3
+ 1 4
+ 1 5
+ 1 6
+ 1 7
+ 1 8
+ 1 9
+ 1 10
+ 1 11
+ 1 12
+ 1 13
+ 1 14
+ 1 15
+ 1 16
+ 1 17
+ 1 18
+ 1 19
+ 1 20
+ 1 21
+ 1 22
+ 1 23
+ 1 24
+ 1 25
+ 1 26
+ 1 27
+ 1 28
+ 1 29
+ 1 30
+ 1 31
+ 1 32
+ 1 33
+ 1 34
+ 1 35
+ 1 36
+ 1 37
+ 1 38
+ 1 39
+ 1 40
+ 1 41
+ 1 42
+ 1 43
+ 1 44
+ 1 45
+ 1 46
+ 1 47
+ 1 48
+ 1 49
+ 1 50
+ 1 51
+ 1 52
+ 1 53
+ 1 54
+ 1 55
+ 1 56
+ 1 57
+ 1 58
+ 1 59
+ 1 60
+ 1 61
+ 1 62
+ 1 63
+ 1 64
+ 1 65
+ 1 66
+ 1 67
+ 1 68
+ 1 69
+ 1 70
+ 1 71
+ 1 72
+ 1 73
+ 1 74
+ 1 75
+ 1 76
+ 1 77
+ 1 78
+ 1 79
+ 1 80
+ 1 81
+ 1 82
+ 1 83
+ 1 84
+ 1 85
+ 1 86
+ 1 87
+ 1 88
+ 1 89
+ 1 90
+ 1 91
+ 1 92
+ 1 93
+ 1 94
+ 1 95
+ 1 96
+ 1 97
+ 1 98
+ 1 99
x 2 1
x 3 2
x 4 3
x 5 4
x 6 5
x 7 6
x 8 7
x 9 8
x 10 9
x 11 10
x 12 11
x 13 12
x 14 13
x 15 14
x 16 15
x 17 16
x 18 17
x 19 18
x 20 19
x 21 20
x 22 21
x 23 22
x 24 23
x 25 24
x 26 25
x 27 26
x 28 27
x 29 28
x 30 29
x 31 30
x 32 31
x 33 32
x 34 33
x 35 34
x 36 35
x 37 36
x 38 37
x 39 38
x 40 39
x 41 40
x 42 41
x 43 42
x 44 43
x 45 44
x 46 45
x 47 46
x 48 47
x 49 48
x 50 49
x 51 50
x 52 51
x 53 52
x 54 53
x 55 54
x 56 55
x 57 56
x 58 57
x 59 58
x 60 59
x 61 60
x 62 61
x 63 62
x 64 63
x 65 64
x 66 65
x 67 66
x 68 67
x 69 68
x 70 69
x 71 70
x 72 71
x 73 72
x 74 73
x 75 74
x 76 75
x 77 76
x 78 77
x 79 78
x 80 79
x 81 80
x 82 81
x 83 82
x 84 83
x 85 84
x 86 85
x 87 86
x 88 87
x 89 88
x 90 89
x 91 90
x 92 91
x 93 92
x 94 93
x 95 94
x 96 95
x 97 96
x 98 97
x 99 98
x 100 99
Case #15: 200 199
o 1 65
+ 1 1
+ 1 2
+ 1 3
+ 1 4
+ 1 5
+ 1 6
+ 1 7
+ 1 8
+ 1 9
+ 1 10
+ 1 11
+ 1 12
+ 1 13
+ 1 14
+ 1 15
+ 1 16
+ 1 17
+ 1 18
+ 1 19
+ 1 20
+ 1 21
+ 1 22
+ 1 23
+ 1 24
+ 1 25
+ 1 26
+ 1 27
+ 1 28
+ 1 29
+ 1 30
+ 1 31
+ 1 32
+ 1 33
+ 1 34
+ 1 35
+ 1 36
+ 1 37
+ 1 38
+ 1 39
+ 1 40
+ 1 41
+ 1 42
+ 1 43
+ 1 44
+ 1 45
+ 1 46
+ 1 47
+ 1 48
+ 1 49
+ 1 50
+ 1 51
+ 1 52
+ 1 53
+ 1 54
+ 1 55
+ 1 56
+ 1 57
+ 1 58
+ 1 59
+ 1 60
+ 1 61
+ 1 62
+ 1 63
+ 1 64
+ 1 66
+ 1 67
+ 1 68
+ 1 69
+ 1 70
+ 1 71
+ 1 72
+ 1 73
+ 1 74
+ 1 75
+ 1 76
+ 1 77
+ 1 78
+ 1 79
+ 1 80
+ 1 81
+ 1 82
+ 1 83
+ 1 84
+ 1 85
+ 1 86
+ 1 87
+ 1 88
+ 1 89
+ 1 90
+ 1 91
+ 1 92
+ 1 93
+ 1 94
+ 1 95
+ 1 96
+ 1 97
+ 1 98
+ 1 99
+ 1 100
x 2 66
x 3 67
x 4 68
x 5 69
x 6 70
x 7 71
x 8 72
x 9 73
x 10 74
x 11 75
x 12 76
x 13 77
x 14 78
x 15 79
x 16 80
x 17 81
x 18 82
x 19 83
x 20 84
x 21 85
x 22 86
x 23 87
x 24 88
x 25 89
x 26 90
x 27 91
x 28 92
x 29 93
x 30 94
x 31 95
x 32 96
x 33 97
x 34 98
x 35 99
x 36 100
x 37 1
x 38 2
x 39 3
x 40 4
x 41 5
x 42 6
x 43 7
x 44 8
x 45 9
x 46 10
x 47 11
x 48 12
x 49 13
x 50 14
x 51 15
x 52 16
x 53 17
x 54 18
x 55 19
x 56 20
x 57 21
x 58 22
x 59 23
x 60 24
x 61 25
x 62 26
x 63 27
x 64 28
x 65 29
x 66 30
x 67 31
x 68 32
x 69 33
x 70 34
x 71 35
x 72 36
x 73 37
x 74 38
x 75 39
x 76 40
x 77 41
x 78 42
x 79 43
x 80 44
x 81 45
x 82 46
x 83 47
x 84 48
x 85 49
x 86 50
x 87 51
x 88 52
x 89 53
x 90 54
x 91 55
x 92 56
x 93 57
x 94 58
x 95 59
x 96 60
x 97 61
x 98 62
x 99 63
x 100 64
Case #16: 4 2
o 1 2
x 2 1
Case #17: 2 1
o 1 1
Case #18: 94 91
o 1 32
+ 1 1
+ 1 2
+ 1 4
+ 1 5
+ 1 6
+ 1 7
+ 1 8
+ 1 9
+ 1 10
+ 1 11
+ 1 12
+ 1 13
+ 1 14
+ 1 15
+ 1 16
+ 1 17
+ 1 18
+ 1 19
+ 1 20
+ 1 21
+ 1 22
+ 1 23
+ 1 24
+ 1 25
+ 1 26
+ 1 27
+ 1 28
+ 1 29
+ 1 30
+ 1 31
+ 1 34
+ 1 35
+ 1 36
+ 1 37
+ 1 38
+ 1 39
+ 1 40
+ 1 41
+ 1 42
+ 1 43
+ 1 44
+ 1 45
+ 1 46
+ 1 47
x 2 33
x 3 34
x 4 35
x 5 36
x 6 37
x 7 38
x 8 39
x 9 40
x 10 41
x 11 42
x 12 43
x 13 44
x 14 45
x 15 46
x 16 47
x 17 1
x 18 2
x 19 3
x 20 4
x 21 5
x 22 6
x 23 7
x 24 8
x 25 9
x 26 10
x 27 11
x 28 12
x 29 13
x 30 14
x 31 15
x 32 16
x 33 17
x 34 18
x 35 19
x 36 20
x 37 21
x 38 22
x 39 23
x 40 24
x 41 25
x 42 26
x 43 27
x 44 28
x 45 29
x 46 30
x 47 31
Case #19: 200 196
o 1 100
+ 1 2
+ 1 3
+ 1 4
+ 1 5
+ 1 6
+ 1 7
+ 1 8
+ 1 9
+ 1 10
+ 1 11
+ 1 12
+ 1 13
+ 1 14
+ 1 15
+ 1 16
+ 1 17
+ 1 18
+ 1 19
+ 1 20
+ 1 21
+ 1 23
+ 1 24
+ 1 25
+ 1 26
+ 1 27
+ 1 28
+ 1 29
+ 1 30
+ 1 31
+ 1 32
+ 1 33
+ 1 34
+ 1 35
+ 1 36
+ 1 37
+ 1 38
+ 1 39
+ 1 40
+ 1 41
+ 1 42
+ 1 43
+ 1 44
+ 1 45
+ 1 46
+ 1 47
+ 1 48
+ 1 49
+ 1 50
+ 1 51
+ 1 52
+ 1 53
+ 1 54
+ 1 55
+ 1 56
+ 1 57
+ 1 58
+ 1 59
+ 1 60
+ 1 61
+ 1 63
+ 1 64
+ 1 65
+ 1 66
+ 1 67
+ 1 68
+ 1 69
+ 1 70
+ 1 71
+ 1 72
+ 1 73
+ 1 74
+ 1 75
+ 1 76
+ 1 77
+ 1 78
+ 1 79
+ 1 80
+ 1 81
+ 1 82
+ 1 83
+ 1 84
+ 1 85
+ 1 86
+ 1 87
+ 1 88
+ 1 89
+ 1 90
+ 1 91
+ 1 92
+ 1 93
+ 1 94
+ 1 95
+ 1 96
+ 1 97
+ 1 98
+ 1 99
x 2 1
x 3 2
x 4 3
x 5 4
x 6 5
x 7 6
x 8 7
x 9 8
x 10 9
x 11 10
x 12 11
x 13 12
x 14 13
x 15 14
x 16 15
x 17 16
x 18 17
x 19 18
x 20 19
x 21 20
x 22 21
x 23 22
x 24 23
x 25 24
x 26 25
x 27 26
x 28 27
x 29 28
x 30 29
x 31 30
x 32 31
x 33 32
x 34 33
x 35 34
x 36 35
x 37 36
x 38 37
x 39 38
x 40 39
x 41 40
x 42 41
x 43 42
x 44 43
x 45 44
x 46 45
x 47 46
x 48 47
x 49 48
x 50 49
x 51 50
x 52 51
x 53 52
x 54 53
x 55 54
x 56 55
x 57 56
x 58 57
x 59 58
x 60 59
x 61 60
x 62 61
x 63 62
x 64 63
x 65 64
x 66 65
x 67 66
x 68 67
x 69 68
x 70 69
x 71 70
x 72 71
x 73 72
x 74 73
x 75 74
x 76 75
x 77 76
x 78 77
x 79 78
x 80 79
x 81 80
x 82 81
x 83 82
x 84 83
x 85 84
x 86 85
x 87 86
x 88 87
x 89 88
x 90 89
x 91 90
x 92 91
x 93 92
x 94 93
x 95 94
x 96 95
x 97 96
x 98 97
x 99 98
x 100 99
Case #20: 200 192
o 1 100
+ 1 2
+ 1 5
+ 1 8
+ 1 9
+ 1 10
+ 1 11
+ 1 12
+ 1 13
+ 1 14
+ 1 15
+ 1 16
+ 1 17
+ 1 18
+ 1 19
+ 1 20
+ 1 21
+ 1 22
+ 1 23
+ 1 24
+ 1 25
+ 1 26
+ 1 27
+ 1 28
+ 1 29
+ 1 30
+ 1 31
+ 1 32
+ 1 33
+ 1 35
+ 1 36
+ 1 37
+ 1 38
+ 1 39
+ 1 40
+ 1 41
+ 1 42
+ 1 43
+ 1 44
+ 1 45
+ 1 46
+ 1 47
+ 1 48
+ 1 49
+ 1 50
+ 1 51
+ 1 52
+ 1 53
+ 1 54
+ 1 55
+ 1 56
+ 1 57
+ 1 58
+ 1 59
+ 1 60
+ 1 61
+ 1 62
+ 1 63
+ 1 64
+ 1 65
+ 1 66
+ 1 67
+ 1 68
+ 1 69
+ 1 70
+ 1 71
+ 1 72
+ 1 73
+ 1 74
+ 1 75
+ 1 76
+ 1 77
+ 1 78
+ 1 79
+ 1 80
+ 1 81
+ 1 82
+ 1 83
+ 1 84
+ 1 85
+ 1 86
+ 1 87
+ 1 88
+ 1 89
+ 1 90
+ 1 91
+ 1 92
+ 1 93
+ 1 94
+ 1 95
+ 1 96
+ 1 97
+ 1 98
x 2 1
x 3 2
x 4 3
x 5 4
x 6 5
x 7 6
x 8 7
x 9 8
x 10 9
x 11 10
x 12 11
x 13 12
x 14 13
x 15 14
x 16 15
x 17 16
x 18 17
x 19 18
x 20 19
x 21 20
x 22 21
x 23 22
x 24 23
x 25 24
x 26 25
x 27 26
x 28 27
x 29 28
x 30 29
x 31 30
x 32 31
x 33 32
x 34 33
x 35 34
x 36 35
x 37 36
x 38 37
x 39 38
x 40 39
x 41 40
x 42 41
x 43 42
x 44 43
x 45 44
x 46 45
x 47 46
x 48 47
x 49 48
x 50 49
x 51 50
x 52 51
x 53 52
x 54 53
x 55 54
x 56 55
x 57 56
x 58 57
x 59 58
x 60 59
x 61 60
x 62 61
x 63 62
x 64 63
x 65 64
x 66 65
x 67 66
x 68 67
x 69 68
x 70 69
x 71 70
x 72 71
x 73 72
x 74 73
x 75 74
x 76 75
x 77 76
x 78 77
x 79 78
x 80 79
x 81 80
x 82 81
x 83 82
x 84 83
x 85 84
x 86 85
x 87 86
x 88 87
x 89 88
x 90 89
x 91 90
x 92 91
x 93 92
x 94 93
x 95 94
x 96 95
x 97 96
x 98 97
x 99 98
x 100 99
Case #21: 158 157
o 1 16
+ 1 1
+ 1 2
+ 1 3
+ 1 4
+ 1 5
+ 1 6
+ 1 7
+ 1 8
+ 1 9
+ 1 10
+ 1 11
+ 1 12
+ 1 13
+ 1 14
+ 1 15
+ 1 17
+ 1 18
+ 1 19
+ 1 20
+ 1 21
+ 1 22
+ 1 23
+ 1 24
+ 1 25
+ 1 26
+ 1 27
+ 1 28
+ 1 29
+ 1 30
+ 1 31
+ 1 32
+ 1 33
+ 1 34
+ 1 35
+ 1 36
+ 1 37
+ 1 38
+ 1 39
+ 1 40
+ 1 41
+ 1 42
+ 1 43
+ 1 44
+ 1 45
+ 1 46
+ 1 47
+ 1 48
+ 1 49
+ 1 50
+ 1 51
+ 1 52
+ 1 53
+ 1 54
+ 1 55
+ 1 56
+ 1 57
+ 1 58
+ 1 59
+ 1 60
+ 1 61
+ 1 62
+ 1 63
+ 1 64
+ 1 65
+ 1 66
+ 1 67
+ 1 68
+ 1 69
+ 1 70
+ 1 71
+ 1 72
+ 1 73
+ 1 74
+ 1 75
+ 1 76
+ 1 77
+ 1 78
+ 1 79
x 2 17
x 3 18
x 4 19
x 5 20
x 6 21
x 7 22
x 8 23
x 9 24
x 10 25
x 11 26
x 12 27
x 13 28
x 14 29
x 15 30
x 16 31
x 17 32
x 18 33
x 19 34
x 20 35
x 21 36
x 22 37
x 23 38
x 24 39
x 25 40
x 26 41
x 27 42
x 28 43
x 29 44
x 30 45
x 31 46
x 32 47
x 33 48
x 34 49
x 35 50
x 36 51
x 37 52
x 38 53
x 39 54
x 40 55
x 41 56
x 42 57
x 43 58
x 44 59
x 45 60
x 46 61
x 47 62
x 48 63
x 49 64
x 50 65
x 51 66
x 52 67
x 53 68
x 54 69
x 55 70
x 56 71
x 57 72
x 58 73
x 59 74
x 60 75
x 61 76
x 62 77
x 63 78
x 64 79
x 65 1
x 66 2
x 67 3
x 68 4
x 69 5
x 70 6
x 71 7
x 72 8
x 73 9
x 74 10
x 75 11
x 76 12
x 77 13
x 78 14
x 79 15
Case #22: 116 112
o 1 25
+ 1 1
+ 1 2
+ 1 3
+ 1 4
+ 1 5
+ 1 6
+ 1 7
+ 1 8
+ 1 9
+ 1 10
+ 1 11
+ 1 12
+ 1 13
+ 1 14
+ 1 15
+ 1 16
+ 1 17
+ 1 18
+ 1 19
+ 1 20
+ 1 21
+ 1 22
+ 1 23
+ 1 24
+ 1 27
+ 1 28
+ 1 29
+ 1 30
+ 1 31
+ 1 32
+ 1 33
+ 1 34
+ 1 35
+ 1 36
+ 1 37
+ 1 38
+ 1 39
+ 1 40
+ 1 41
+ 1 42
+ 1 43
+ 1 44
+ 1 46
+ 1 47
+ 1 48
+ 1 50
+ 1 51
+ 1 52
+ 1 53
+ 1 54
+ 1 55
+ 1 56
+ 1 57
+ 1 58
x 2 26
x 3 27
x 4 28
x 5 29
x 6 30
x 7 31
x 8 32
x 9 33
x 10 34
x 11 35
x 12 36
x 13 37
x 14 38
x 15 39
x 16 40
x 17 41
x 18 42
x 19 43
x 20 44
x 21 45
x 22 46
x 23 47
x 24 48
x 25 49
x 26 50
x 27 51
x 28 52
x 29 53
x 30 54
x 31 55
x 32 56
x 33 57
x 34 58
x 35 1
x 36 2
x 37 3
x 38 4
x 39 5
x 40 6
x 41 7
x 42 8
x 43 9
x 44 10
x 45 11
x 46 12
x 47 13
x 48 14
x 49 15
x 50 16
x 51 17
x 52 18
x 53 19
x 54 20
x 55 21
x 56 22
x 57 23
x 58 24
Case #23: 190 187
o 1 38
+ 1 1
+ 1 2
+ 1 3
+ 1 4
+ 1 5
+ 1 6
+ 1 7
+ 1 8
+ 1 9
+ 1 10
+ 1 11
+ 1 12
+ 1 13
+ 1 14
+ 1 15
+ 1 16
+ 1 17
+ 1 18
+ 1 19
+ 1 20
+ 1 21
+ 1 22
+ 1 23
+ 1 24
+ 1 25
+ 1 26
+ 1 27
+ 1 28
+ 1 29
+ 1 30
+ 1 31
+ 1 32
+ 1 33
+ 1 34
+ 1 35
+ 1 36
+ 1 37
+ 1 39
+ 1 40
+ 1 41
+ 1 42
+ 1 43
+ 1 44
+ 1 45
+ 1 46
+ 1 47
+ 1 48
+ 1 49
+ 1 50
+ 1 51
+ 1 52
+ 1 53
+ 1 54
+ 1 55
+ 1 56
+ 1 57
+ 1 58
+ 1 59
+ 1 60
+ 1 61
+ 1 62
+ 1 63
+ 1 64
+ 1 65
+ 1 66
+ 1 67
+ 1 68
+ 1 69
+ 1 70
+ 1 71
+ 1 72
+ 1 73
+ 1 74
+ 1 75
+ 1 76
+ 1 77
+ 1 78
+ 1 79
+ 1 80
+ 1 82
+ 1 83
+ 1 84
+ 1 85
+ 1 86
+ 1 87
+ 1 88
+ 1 89
+ 1 90
+ 1 92
+ 1 93
+ 1 94
+ 1 95
x 2 39
x 3 40
x 4 41
x 5 42
x 6 43
x 7 44
x 8 45
x 9 46
x 10 47
x 11 48
x 12 49
x 13 50
x 14 51
x 15 52
x 16 53
x 17 54
x 18 55
x 19 56
x 20 57
x 21 58
x 22 59
x 23 60
x 24 61
x 25 62
x 26 63
x 27 64
x 28 65
x 29 66
x 30 67
x 31 68
x 32 69
x 33 70
x 34 71
x 35 72
x 36 73
x 37 74
x 38 75
x 39 76
x 40 77
x 41 78
x 42 79
x 43 80
x 44 81
x 45 82
x 46 83
x 47 84
x 48 85
x 49 86
x 50 87
x 51 88
x 52 89
x 53 90
x 54 91
x 55 92
x 56 93
x 57 94
x 58 95
x 59 1
x 60 2
x 61 3
x 62 4
x 63 5
x 64 6
x 65 7
x 66 8
x 67 9
x 68 10
x 69 11
x 70 12
x 71 13
x 72 14
x 73 15
x 74 16
x 75 17
x 76 18
x 77 19
x 78 20
x 79 21
x 80 22
x 81 23
x 82 24
x 83 25
x 84 26
x 85 27
x 86 28
x 87 29
x 88 30
x 89 31
x 90 32
x 91 33
x 92 34
x 93 35
x 94 36
x 95 37
Case #24: 200 99
x 2 2
x 3 3
x 4 4
x 5 5
x 6 6
x 7 7
x 8 8
x 9 9
x 10 10
x 11 11
x 12 12
x 13 13
x 14 14
x 15 15
x 16 16
x 17 17
x 18 18
x 19 19
x 20 20
x 21 21
x 22 22
x 23 23
x 24 24
x 25 25
x 26 26
x 27 27
x 28 28
x 29 29
x 30 30
x 31 31
x 32 32
x 33 33
x 34 34
x 35 35
x 36 36
x 37 37
x 38 38
x 39 39
x 40 40
x 41 41
x 42 42
x 43 43
x 44 44
x 45 45
x 46 46
x 47 47
x 48 48
x 49 49
x 50 50
x 51 51
x 52 52
x 53 53
x 54 54
x 55 55
x 56 56
x 57 57
x 58 58
x 59 59
x 60 60
x 61 61
x 62 62
x 63 63
x 64 64
x 65 65
x 66 66
x 67 67
x 68 68
x 69 69
x 70 70
x 71 71
x 72 72
x 73 73
x 74 74
x 75 75
x 76 76
x 77 77
x 78 78
x 79 79
x 80 80
x 81 81
x 82 82
x 83 83
x 84 84
x 85 85
x 86 86
x 87 87
x 88 88
x 89 89
x 90 90
x 91 91
x 92 92
x 93 93
x 94 94
x 95 95
x 96 96
x 97 97
x 98 98
x 99 99
x 100 100
Case #25: 82 78
+ 1 1
+ 1 2
+ 1 3
+ 1 4
+ 1 5
+ 1 6
+ 1 7
+ 1 8
+ 1 9
+ 1 10
+ 1 12
+ 1 15
+ 1 16
+ 1 17
+ 1 18
+ 1 19
+ 1 20
+ 1 21
+ 1 22
+ 1 23
+ 1 24
+ 1 25
+ 1 26
+ 1 27
+ 1 28
+ 1 29
+ 1 30
+ 1 31
+ 1 32
+ 1 33
+ 1 34
+ 1 35
+ 1 36
+ 1 37
+ 1 38
+ 1 39
+ 1 40
+ 1 41
x 2 12
x 3 13
x 4 14
x 5 15
x 6 16
x 7 17
x 8 18
x 9 19
x 10 20
x 11 21
x 12 22
x 13 23
x 14 24
x 15 25
x 16 26
x 17 27
x 18 28
x 19 29
x 20 30
x 21 31
x 22 32
x 23 33
x 24 34
x 25 35
x 26 36
x 27 37
x 28 38
x 29 39
x 30 40
x 31 41
x 32 1
x 33 2
x 34 3
x 35 4
x 36 5
x 37 6
x 38 7
x 39 8
x 40 9
x 41 10
Case #26: 200 197
+ 1 1
+ 1 2
+ 1 3
+ 1 4
+ 1 5
+ 1 6
+ 1 7
+ 1 8
+ 1 9
+ 1 10
+ 1 11
+ 1 12
+ 1 13
+ 1 14
+ 1 15
+ 1 16
+ 1 17
+ 1 18
+ 1 19
+ 1 20
+ 1 21
+ 1 22
+ 1 23
+ 1 24
+ 1 25
+ 1 26
+ 1 27
+ 1 28
+ 1 29
+ 1 30
+ 1 31
+ 1 32
+ 1 33
+ 1 34
+ 1 35
+ 1 36
+ 1 37
+ 1 38
+ 1 39
+ 1 40
+ 1 41
+ 1 42
+ 1 43
+ 1 44
+ 1 45
+ 1 46
+ 1 47
+ 1 48
+ 1 49
+ 1 50
+ 1 51
+ 1 52
+ 1 53
+ 1 55
+ 1 56
+ 1 57
+ 1 58
+ 1 59
+ 1 60
+ 1 61
+ 1 62
+ 1 63
+ 1 65
+ 1 66
+ 1 67
+ 1 68
+ 1 69
+ 1 70
+ 1 71
+ 1 72
+ 1 73
+ 1 74
+ 1 75
+ 1 76
+ 1 77
+ 1 78
+ 1 79
+ 1 80
+ 1 81
+ 1 82
+ 1 83
+ 1 84
+ 1 85
+ 1 86
+ 1 87
+ 1 88
+ 1 89
+ 1 90
+ 1 91
+ 1 92
+ 1 93
+ 1 94
+ 1 95
+ 1 96
+ 1 97
+ 1 98
+ 1 99
+ 1 100
x 2 55
x 3 56
x 4 57
x 5 58
x 6 59
x 7 60
x 8 61
x 9 62
x 10 63
x 11 64
x 12 65
x 13 66
x 14 67
x 15 68
x 16 69
x 17 70
x 18 71
x 19 72
x 20 73
x 21 74
x 22 75
x 23 76
x 24 77
x 25 78
x 26 79
x 27 80
x 28 81
x 29 82
x 30 83
x 31 84
x 32 85
x 33 86
x 34 87
x 35 88
x 36 89
x 37 90
x 38 91
x 39 92
x 40 93
x 41 94
x 42 95
x 43 96
x 44 97
x 45 98
x 46 99
x 47 100
x 48 1
x 49 2
x 50 3
x 51 4
x 52 5
x 53 6
x 54 7
x 55 8
x 56 9
x 57 10
x 58 11
x 59 12
x 60 13
x 61 14
x 62 15
x 63 16
x 64 17
x 65 18
x 66 19
x 67 20
x 68 21
x 69 22
x 70 23
x 71 24
x 72 25
x 73 26
x 74 27
x 75 28
x 76 29
x 77 30
x 78 31
x 79 32
x 80 33
x 81 34
x 82 35
x 83 36
x 84 37
x 85 38
x 86 39
x 87 40
x 88 41
x 89 42
x 90 43
x 91 44
x 92 45
x 93 46
x 94 47
x 95 48
x 96 49
x 97 50
x 98 51
x 99 52
x 100 53
Case #27: 64 59
+ 1 1
+ 1 2
+ 1 3
+ 1 4
+ 1 6
+ 1 7
+ 1 8
+ 1 9
+ 1 10
+ 1 13
+ 1 14
+ 1 15
+ 1 16
+ 1 17
+ 1 18
+ 1 19
+ 1 20
+ 1 22
+ 1 23
+ 1 24
+ 1 25
+ 1 26
+ 1 27
+ 1 28
+ 1 29
+ 1 30
+ 1 31
+ 1 32
x 2 13
x 3 14
x 4 15
x 5 16
x 6 17
x 7 18
x 8 19
x 9 20
x 10 21
x 11 22
x 12 23
x 13 24
x 14 25
x 15 26
x 16 27
x 17 28
x 18 29
x 19 30
x 20 31
x 21 32
x 22 1
x 23 2
x 24 3
x 25 4
x 26 5
x 27 6
x 28 7
x 29 8
x 30 9
x 31 10
x 32 11
Case #28: 40 37
o 1 15
+ 1 1
+ 1 2
+ 1 3
+ 1 4
+ 1 6
+ 1 7
+ 1 9
+ 1 10
+ 1 11
+ 1 12
+ 1 13
+ 1 14
+ 1 16
+ 1 17
+ 1 18
+ 1 19
+ 1 20
x 2 16
x 3 17
x 4 18
x 5 19
x 6 20
x 7 1
x 8 2
x 9 3
x 10 4
x 11 5
x 12 6
x 13 7
x 14 8
x 15 9
x 16 10
x 17 11
x 18 12
x 19 13
x 20 14
Case #29: 200 196
o 1 82
+ 1 2
+ 1 3
+ 1 4
+ 1 5
+ 1 6
+ 1 7
+ 1 9
+ 1 10
+ 1 11
+ 1 12
+ 1 13
+ 1 14
+ 1 15
+ 1 16
+ 1 17
+ 1 18
+ 1 19
+ 1 20
+ 1 21
+ 1 22
+ 1 23
+ 1 24
+ 1 25
+ 1 26
+ 1 27
+ 1 28
+ 1 29
+ 1 30
+ 1 31
+ 1 32
+ 1 33
+ 1 34
+ 1 35
+ 1 36
+ 1 37
+ 1 38
+ 1 39
+ 1 40
+ 1 41
+ 1 42
+ 1 43
+ 1 44
+ 1 45
+ 1 46
+ 1 47
+ 1 48
+ 1 49
+ 1 50
+ 1 51
+ 1 52
+ 1 53
+ 1 54
+ 1 55
+ 1 56
+ 1 58
+ 1 59
+ 1 60
+ 1 61
+ 1 62
+ 1 63
+ 1 64
+ 1 65
+ 1 66
+ 1 67
+ 1 68
+ 1 69
+ 1 70
+ 1 71
+ 1 72
+ 1 73
+ 1 74
+ 1 75
+ 1 76
+ 1 77
+ 1 78
+ 1 79
+ 1 80
+ 1 81
+ 1 83
+ 1 84
+ 1 85
+ 1 86
+ 1 87
+ 1 88
+ 1 89
+ 1 90
+ 1 91
+ 1 92
+ 1 93
+ 1 94
+ 1 95
+ 1 96
+ 1 97
+ 1 98
+ 1 99
+ 1 100
x 2 83
x 3 84
x 4 85
x 5 86
x 6 87
x 7 88
x 8 89
x 9 90
x 10 91
x 11 92
x 12 93
x 13 94
x 14 95
x 15 96
x 16 97
x 17 98
x 18 99
x 19 100
x 20 1
x 21 2
x 22 3
x 23 4
x 24 5
x 25 6
x 26 7
x 27 8
x 28 9
x 29 10
x 30 11
x 31 12
x 32 13
x 33 14
x 34 15
x 35 16
x 36 17
x 37 18
x 38 19
x 39 20
x 40 21
x 41 22
x 42 23
x 43 24
x 44 25
x 45 26
x 46 27
x 47 28
x 48 29
x 49 30
x 50 31
x 51 32
x 52 33
x 53 34
x 54 35
x 55 36
x 56 37
x 57 38
x 58 39
x 59 40
x 60 41
x 61 42
x 62 43
x 63 44
x 64 45
x 65 46
x 66 47
x 67 48
x 68 49
x 69 50
x 70 51
x 71 52
x 72 53
x 73 54
x 74 55
x 75 56
x 76 57
x 77 58
x 78 59
x 79 60
x 80 61
x 81 62
x 82 63
x 83 64
x 84 65
x 85 66
x 86 67
x 87 68
x 88 69
x 89 70
x 90 71
x 91 72
x 92 73
x 93 74
x 94 75
x 95 76
x 96 77
x 97 78
x 98 79
x 99 80
x 100 81
Case #30: 200 101
o 1 100
+ 1 2
x 2 1
x 3 2
x 4 3
x 5 4
x 6 5
x 7 6
x 8 7
x 9 8
x 10 9
x 11 10
x 12 11
x 13 12
x 14 13
x 15 14
x 16 15
x 17 16
x 18 17
x 19 18
x 20 19
x 21 20
x 22 21
x 23 22
x 24 23
x 25 24
x 26 25
x 27 26
x 28 27
x 29 28
x 30 29
x 31 30
x 32 31
x 33 32
x 34 33
x 35 34
x 36 35
x 37 36
x 38 37
x 39 38
x 40 39
x 41 40
x 42 41
x 43 42
x 44 43
x 45 44
x 46 45
x 47 46
x 48 47
x 49 48
x 50 49
x 51 50
x 52 51
x 53 52
x 54 53
x 55 54
x 56 55
x 57 56
x 58 57
x 59 58
x 60 59
x 61 60
x 62 61
x 63 62
x 64 63
x 65 64
x 66 65
x 67 66
x 68 67
x 69 68
x 70 69
x 71 70
x 72 71
x 73 72
x 74 73
x 75 74
x 76 75
x 77 76
x 78 77
x 79 78
x 80 79
x 81 80
x 82 81
x 83 82
x 84 83
x 85 84
x 86 85
x 87 86
x 88 87
x 89 88
x 90 89
x 91 90
x 92 91
x 93 92
x 94 93
x 95 94
x 96 95
x 97 96
x 98 97
x 99 98
x 100 99
Case #31: 114 109
+ 1 1
+ 1 2
+ 1 3
+ 1 4
+ 1 5
+ 1 6
+ 1 7
+ 1 8
+ 1 9
+ 1 10
+ 1 11
+ 1 12
+ 1 13
+ 1 14
+ 1 15
+ 1 16
+ 1 17
+ 1 18
+ 1 19
+ 1 20
+ 1 21
+ 1 22
+ 1 23
+ 1 25
+ 1 26
+ 1 27
+ 1 28
+ 1 29
+ 1 31
+ 1 32
+ 1 33
+ 1 34
+ 1 35
+ 1 36
+ 1 38
+ 1 39
+ 1 40
+ 1 41
+ 1 42
+ 1 43
+ 1 44
+ 1 45
+ 1 46
+ 1 47
+ 1 48
+ 1 50
+ 1 51
+ 1 52
+ 1 53
+ 1 54
+ 1 55
+ 1 56
+ 1 57
x 2 50
x 3 51
x 4 52
x 5 53
x 6 54
x 7 55
x 8 56
x 9 57
x 10 1
x 11 2
x 12 3
x 13 4
x 14 5
x 15 6
x 16 7
x 17 8
x 18 9
x 19 10
x 20 11
x 21 12
x 22 13
x 23 14
x 24 15
x 25 16
x 26 17
x 27 18
x 28 19
x 29 20
x 30 21
x 31 22
x 32 23
x 33 24
x 34 25
x 35 26
x 36 27
x 37 28
x 38 29
x 39 30
x 40 31
x 41 32
x 42 33
x 43 34
x 44 35
x 45 36
x 46 37
x 47 38
x 48 39
x 49 40
x 50 41
x 51 42
x 52 43
x 53 44
x 54 45
x 55 46
x 56 47
x 57 48
Case #32: 200 199
o 1 94
+ 1 1
+ 1 2
+ 1 3
+ 1 4
+ 1 5
+ 1 6
+ 1 7
+ 1 8
+ 1 9
+ 1 10
+ 1 11
+ 1 12
+ 1 13
+ 1 14
+ 1 15
+ 1 16
+ 1 17
+ 1 18
+ 1 19
+ 1 20
+ 1 21
+ 1 22
+ 1 23
+ 1 24
+ 1 25
+ 1 26
+ 1 27
+ 1 28
+ 1 29
+ 1 30
+ 1 31
+ 1 32
+ 1 33
+ 1 34
+ 1 35
+ 1 36
+ 1 37
+ 1 38
+ 1 39
+ 1 40
+ 1 41
+ 1 42
+ 1 43
+ 1 44
+ 1 45
+ 1 46
+ 1 47
+ 1 48
+ 1 49
+ 1 50
+ 1 51
+ 1 52
+ 1 53
+ 1 54
+ 1 55
+ 1 56
+ 1 57
+ 1 58
+ 1 59
+ 1 60
+ 1 61
+ 1 62
+ 1 63
+ 1 64
+ 1 65
+ 1 66
+ 1 67
+ 1 68
+ 1 69
+ 1 70
+ 1 71
+ 1 72
+ 1 73
+ 1 74
+ 1 75
+ 1 76
+ 1 77
+ 1 78
+ 1 79
+ 1 80
+ 1 81
+ 1 82
+ 1 83
+ 1 84
+ 1 85
+ 1 86
+ 1 87
+ 1 88
+ 1 89
+ 1 90
+ 1 91
+ 1 92
+ 1 93
+ 1 95
+ 1 96
+ 1 97
+ 1 98
+ 1 99
+ 1 100
x 2 95
x 3 96
x 4 97
x 5 98
x 6 99
x 7 100
x 8 1
x 9 2
x 10 3
x 11 4
x 12 5
x 13 6
x 14 7
x 15 8
x 16 9
x 17 10
x 18 11
x 19 12
x 20 13
x 21 14
x 22 15
x 23 16
x 24 17
x 25 18
x 26 19
x 27 20
x 28 21
x 29 22
x 30 23
x 31 24
x 32 25
x 33 26
x 34 27
x 35 28
x 36 29
x 37 30
x 38 31
x 39 32
x 40 33
x 41 34
x 42 35
x 43 36
x 44 37
x 45 38
x 46 39
x 47 40
x 48 41
x 49 42
x 50 43
x 51 44
x 52 45
x 53 46
x 54 47
x 55 48
x 56 49
x 57 50
x 58 51
x 59 52
x 60 53
x 61 54
x 62 55
x 63 56
x 64 57
x 65 58
x 66 59
x 67 60
x 68 61
x 69 62
x 70 63
x 71 64
x 72 65
x 73 66
x 74 67
x 75 68
x 76 69
x 77 70
x 78 71
x 79 72
x 80 73
x 81 74
x 82 75
x 83 76
x 84 77
x 85 78
x 86 79
x 87 80
x 88 81
x 89 82
x 90 83
x 91 84
x 92 85
x 93 86
x 94 87
x 95 88
x 96 89
x 97 90
x 98 91
x 99 92
x 100 93
Case #33: 200 197
o 1 65
+ 1 2
+ 1 3
+ 1 4
+ 1 5
+ 1 6
+ 1 7
+ 1 8
+ 1 9
+ 1 10
+ 1 11
+ 1 12
+ 1 13
+ 1 14
+ 1 15
+ 1 16
+ 1 17
+ 1 18
+ 1 19
+ 1 20
+ 1 21
+ 1 22
+ 1 23
+ 1 25
+ 1 26
+ 1 27
+ 1 28
+ 1 29
+ 1 30
+ 1 31
+ 1 32
+ 1 33
+ 1 34
+ 1 35
+ 1 36
+ 1 37
+ 1 38
+ 1 39
+ 1 40
+ 1 41
+ 1 42
+ 1 43
+ 1 44
+ 1 45
+ 1 46
+ 1 47
+ 1 48
+ 1 49
+ 1 50
+ 1 51
+ 1 52
+ 1 53
+ 1 54
+ 1 55
+ 1 56
+ 1 57
+ 1 58
+ 1 59
+ 1 60
+ 1 61
+ 1 62
+ 1 63
+ 1 64
+ 1 66
+ 1 67
+ 1 68
+ 1 69
+ 1 70
+ 1 71
+ 1 72
+ 1 73
+ 1 74
+ 1 75
+ 1 76
+ 1 77
+ 1 78
+ 1 79
+ 1 80
+ 1 81
+ 1 82
+ 1 83
+ 1 84
+ 1 85
+ 1 86
+ 1 87
+ 1 88
+ 1 89
+ 1 90
+ 1 91
+ 1 92
+ 1 93
+ 1 94
+ 1 95
+ 1 96
+ 1 97
+ 1 98
+ 1 99
+ 1 100
x 2 66
x 3 67
x 4 68
x 5 69
x 6 70
x 7 71
x 8 72
x 9 73
x 10 74
x 11 75
x 12 76
x 13 77
x 14 78
x 15 79
x 16 80
x 17 81
x 18 82
x 19 83
x 20 84
x 21 85
x 22 86
x 23 87
x 24 88
x 25 89
x 26 90
x 27 91
x 28 92
x 29 93
x 30 94
x 31 95
x 32 96
x 33 97
x 34 98
x 35 99
x 36 100
x 37 1
x 38 2
x 39 3
x 40 4
x 41 5
x 42 6
x 43 7
x 44 8
x 45 9
x 46 10
x 47 11
x 48 12
x 49 13
x 50 14
x 51 15
x 52 16
x 53 17
x 54 18
x 55 19
x 56 20
x 57 21
x 58 22
x 59 23
x 60 24
x 61 25
x 62 26
x 63 27
x 64 28
x 65 29
x 66 30
x 67 31
x 68 32
x 69 33
x 70 34
x 71 35
x 72 36
x 73 37
x 74 38
x 75 39
x 76 40
x 77 41
x 78 42
x 79 43
x 80 44
x 81 45
x 82 46
x 83 47
x 84 48
x 85 49
x 86 50
x 87 51
x 88 52
x 89 53
x 90 54
x 91 55
x 92 56
x 93 57
x 94 58
x 95 59
x 96 60
x 97 61
x 98 62
x 99 63
x 100 64
Case #34: 200 198
o 1 45
+ 1 2
+ 1 3
+ 1 4
+ 1 5
+ 1 6
+ 1 7
+ 1 8
+ 1 9
+ 1 10
+ 1 11
+ 1 12
+ 1 13
+ 1 14
+ 1 15
+ 1 16
+ 1 17
+ 1 18
+ 1 19
+ 1 20
+ 1 21
+ 1 22
+ 1 23
+ 1 24
+ 1 25
+ 1 26
+ 1 27
+ 1 28
+ 1 29
+ 1 30
+ 1 31
+ 1 32
+ 1 33
+ 1 34
+ 1 35
+ 1 36
+ 1 37
+ 1 38
+ 1 39
+ 1 40
+ 1 41
+ 1 42
+ 1 43
+ 1 44
+ 1 46
+ 1 47
+ 1 48
+ 1 49
+ 1 50
+ 1 51
+ 1 52
+ 1 53
+ 1 54
+ 1 55
+ 1 56
+ 1 57
+ 1 58
+ 1 59
+ 1 60
+ 1 61
+ 1 62
+ 1 63
+ 1 64
+ 1 65
+ 1 66
+ 1 67
+ 1 68
+ 1 69
+ 1 70
+ 1 71
+ 1 72
+ 1 73
+ 1 74
+ 1 75
+ 1 76
+ 1 77
+ 1 78
+ 1 79
+ 1 80
+ 1 81
+ 1 82
+ 1 83
+ 1 84
+ 1 85
+ 1 86
+ 1 87
+ 1 88
+ 1 89
+ 1 90
+ 1 91
+ 1 92
+ 1 93
+ 1 94
+ 1 95
+ 1 96
+ 1 97
+ 1 98
+ 1 99
+ 1 100
x 2 46
x 3 47
x 4 48
x 5 49
x 6 50
x 7 51
x 8 52
x 9 53
x 10 54
x 11 55
x 12 56
x 13 57
x 14 58
x 15 59
x 16 60
x 17 61
x 18 62
x 19 63
x 20 64
x 21 65
x 22 66
x 23 67
x 24 68
x 25 69
x 26 70
x 27 71
x 28 72
x 29 73
x 30 74
x 31 75
x 32 76
x 33 77
x 34 78
x 35 79
x 36 80
x 37 81
x 38 82
x 39 83
x 40 84
x 41 85
x 42 86
x 43 87
x 44 88
x 45 89
x 46 90
x 47 91
x 48 92
x 49 93
x 50 94
x 51 95
x 52 96
x 53 97
x 54 98
x 55 99
x 56 100
x 57 1
x 58 2
x 59 3
x 60 4
x 61 5
x 62 6
x 63 7
x 64 8
x 65 9
x 66 10
x 67 11
x 68 12
x 69 13
x 70 14
x 71 15
x 72 16
x 73 17
x 74 18
x 75 19
x 76 20
x 77 21
x 78 22
x 79 23
x 80 24
x 81 25
x 82 26
x 83 27
x 84 28
x 85 29
x 86 30
x 87 31
x 88 32
x 89 33
x 90 34
x 91 35
x 92 36
x 93 37
x 94 38
x 95 39
x 96 40
x 97 41
x 98 42
x 99 43
x 100 44
Case #35: 200 195
o 1 100
+ 1 2
+ 1 3
+ 1 4
+ 1 5
+ 1 7
+ 1 8
+ 1 9
+ 1 10
+ 1 11
+ 1 12
+ 1 13
+ 1 14
+ 1 15
+ 1 16
+ 1 18
+ 1 19
+ 1 20
+ 1 21
+ 1 22
+ 1 23
+ 1 24
+ 1 26
+ 1 27
+ 1 28
+ 1 29
+ 1 30
+ 1 31
+ 1 32
+ 1 33
+ 1 34
+ 1 35
+ 1 36
+ 1 37
+ 1 38
+ 1 39
+ 1 40
+ 1 41
+ 1 42
+ 1 43
+ 1 44
+ 1 45
+ 1 46
+ 1 47
+ 1 48
+ 1 49
+ 1 50
+ 1 51
+ 1 52
+ 1 53
+ 1 54
+ 1 55
+ 1 56
+ 1 57
+ 1 58
+ 1 59
+ 1 60
+ 1 61
+ 1 62
+ 1 63
+ 1 64
+ 1 65
+ 1 66
+ 1 67
+ 1 68
+ 1 69
+ 1 70
+ 1 71
+ 1 72
+ 1 73
+ 1 74
+ 1 75
+ 1 76
+ 1 77
+ 1 78
+ 1 79
+ 1 80
+ 1 81
+ 1 82
+ 1 83
+ 1 84
+ 1 85
+ 1 86
+ 1 87
+ 1 88
+ 1 89
+ 1 90
+ 1 91
+ 1 92
+ 1 93
+ 1 94
+ 1 95
+ 1 96
+ 1 97
+ 1 98
+ 1 99
x 2 1
x 3 2
x 4 3
x 5 4
x 6 5
x 7 6
x 8 7
x 9 8
x 10 9
x 11 10
x 12 11
x 13 12
x 14 13
x 15 14
x 16 15
x 17 16
x 18 17
x 19 18
x 20 19
x 21 20
x 22 21
x 23 22
x 24 23
x 25 24
x 26 25
x 27 26
x 28 27
x 29 28
x 30 29
x 31 30
x 32 31
x 33 32
x 34 33
x 35 34
x 36 35
x 37 36
x 38 37
x 39 38
x 40 39
x 41 40
x 42 41
x 43 42
x 44 43
x 45 44
x 46 45
x 47 46
x 48 47
x 49 48
x 50 49
x 51 50
x 52 51
x 53 52
x 54 53
x 55 54
x 56 55
x 57 56
x 58 57
x 59 58
x 60 59
x 61 60
x 62 61
x 63 62
x 64 63
x 65 64
x 66 65
x 67 66
x 68 67
x 69 68
x 70 69
x 71 70
x 72 71
x 73 72
x 74 73
x 75 74
x 76 75
x 77 76
x 78 77
x 79 78
x 80 79
x 81 80
x 82 81
x 83 82
x 84 83
x 85 84
x 86 85
x 87 86
x 88 87
x 89 88
x 90 89
x 91 90
x 92 91
x 93 92
x 94 93
x 95 94
x 96 95
x 97 96
x 98 97
x 99 98
x 100 99
Case #36: 112 107
o 1 52
+ 1 1
+ 1 3
+ 1 4
+ 1 5
+ 1 6
+ 1 7
+ 1 8
+ 1 9
+ 1 10
+ 1 11
+ 1 12
+ 1 13
+ 1 14
+ 1 15
+ 1 16
+ 1 17
+ 1 18
+ 1 19
+ 1 20
+ 1 21
+ 1 22
+ 1 23
+ 1 24
+ 1 25
+ 1 26
+ 1 27
+ 1 28
+ 1 29
+ 1 30
+ 1 31
+ 1 33
+ 1 34
+ 1 35
+ 1 36
+ 1 37
+ 1 38
+ 1 39
+ 1 40
+ 1 41
+ 1 42
+ 1 43
+ 1 44
+ 1 45
+ 1 46
+ 1 47
+ 1 48
+ 1 49
+ 1 51
+ 1 54
+ 1 55
+ 1 56
x 2 53
x 3 54
x 4 55
x 5 56
x 6 1
x 7 2
x 8 3
x 9 4
x 10 5
x 11 6
x 12 7
x 13 8
x 14 9
x 15 10
x 16 11
x 17 12
x 18 13
x 19 14
x 20 15
x 21 16
x 22 17
x 23 18
x 24 19
x 25 20
x 26 21
x 27 22
x 28 23
x 29 24
x 30 25
x 31 26
x 32 27
x 33 28
x 34 29
x 35 30
x 36 31
x 37 32
x 38 33
x 39 34
x 40 35
x 41 36
x 42 37
x 43 38
x 44 39
x 45 40
x 46 41
x 47 42
x 48 43
x 49 44
x 50 45
x 51 46
x 52 47
x 53 48
x 54 49
x 55 50
x 56 51
Case #37: 120 115
+ 1 1
+ 1 2
+ 1 3
+ 1 4
+ 1 5
+ 1 6
+ 1 7
+ 1 8
+ 1 9
+ 1 10
+ 1 11
+ 1 12
+ 1 14
+ 1 15
+ 1 16
+ 1 17
+ 1 18
+ 1 19
+ 1 20
+ 1 21
+ 1 22
+ 1 23
+ 1 24
+ 1 25
+ 1 26
+ 1 27
+ 1 28
+ 1 31
+ 1 32
+ 1 33
+ 1 34
+ 1 35
+ 1 36
+ 1 37
+ 1 38
+ 1 39
+ 1 40
+ 1 41
+ 1 42
+ 1 43
+ 1 44
+ 1 45
+ 1 46
+ 1 47
+ 1 48
+ 1 49
+ 1 50
+ 1 51
+ 1 52
+ 1 53
+ 1 55
+ 1 56
+ 1 57
+ 1 58
+ 1 59
+ 1 60
x 2 14
x 3 15
x 4 16
x 5 17
x 6 18
x 7 19
x 8 20
x 9 21
x 10 22
x 11 23
x 12 24
x 13 25
x 14 26
x 15 27
x 16 28
x 17 29
x 18 30
x 19 31
x 20 32
x 21 33
x 22 34
x 23 35
x 24 36
x 25 37
x 26 38
x 27 39
x 28 40
x 29 41
x 30 42
x 31 43
x 32 44
x 33 45
x 34 46
x 35 47
x 36 48
x 37 49
x 38 50
x 39 51
x 40 52
x 41 53
x 42 54
x 43 55
x 44 56
x 45 57
x 46 58
x 47 59
x 48 60
x 49 1
x 50 2
x 51 3
x 52 4
x 53 5
x 54 6
x 55 7
x 56 8
x 57 9
x 58 10
x 59 11
x 60 12
Case #38: 18 14
+ 1 3
+ 1 4
+ 1 6
+ 1 7
+ 1 8
+ 1 9
x 2 2
x 3 3
x 4 4
x 5 5
x 6 6
x 7 7
x 8 8
x 9 9
Case #39: 148 145
+ 1 1
+ 1 2
+ 1 3
+ 1 4
+ 1 5
+ 1 6
+ 1 7
+ 1 8
+ 1 9
+ 1 10
+ 1 11
+ 1 12
+ 1 13
+ 1 14
+ 1 15
+ 1 16
+ 1 17
+ 1 18
+ 1 19
+ 1 20
+ 1 21
+ 1 22
+ 1 23
+ 1 24
+ 1 25
+ 1 26
+ 1 27
+ 1 28
+ 1 29
+ 1 30
+ 1 31
+ 1 32
+ 1 33
+ 1 35
+ 1 36
+ 1 37
+ 1 38
+ 1 39
+ 1 40
+ 1 41
+ 1 42
+ 1 43
+ 1 44
+ 1 45
+ 1 46
+ 1 47
+ 1 48
+ 1 49
+ 1 50
+ 1 51
+ 1 52
+ 1 53
+ 1 54
+ 1 55
+ 1 57
+ 1 58
+ 1 59
+ 1 60
+ 1 61
+ 1 62
+ 1 63
+ 1 64
+ 1 65
+ 1 66
+ 1 67
+ 1 68
+ 1 69
+ 1 70
+ 1 71
+ 1 72
+ 1 73
+ 1 74
x 2 35
x 3 36
x 4 37
x 5 38
x 6 39
x 7 40
x 8 41
x 9 42
x 10 43
x 11 44
x 12 45
x 13 46
x 14 47
x 15 48
x 16 49
x 17 50
x 18 51
x 19 52
x 20 53
x 21 54
x 22 55
x 23 56
x 24 57
x 25 58
x 26 59
x 27 60
x 28 61
x 29 62
x 30 63
x 31 64
x 32 65
x 33 66
x 34 67
x 35 68
x 36 69
x 37 70
x 38 71
x 39 72
x 40 73
x 41 74
x 42 1
x 43 2
x 44 3
x 45 4
x 46 5
x 47 6
x 48 7
x 49 8
x 50 9
x 51 10
x 52 11
x 53 12
x 54 13
x 55 14
x 56 15
x 57 16
x 58 17
x 59 18
x 60 19
x 61 20
x 62 21
x 63 22
x 64 23
x 65 24
x 66 25
x 67 26
x 68 27
x 69 28
x 70 29
x 71 30
x 72 31
x 73 32
x 74 33
Case #40: 80 76
o 1 32
+ 1 1
+ 1 3
+ 1 4
+ 1 5
+ 1 6
+ 1 7
+ 1 8
+ 1 9
+ 1 10
+ 1 11
+ 1 12
+ 1 13
+ 1 14
+ 1 15
+ 1 16
+ 1 17
+ 1 18
+ 1 19
+ 1 20
+ 1 21
+ 1 22
+ 1 23
+ 1 24
+ 1 25
+ 1 26
+ 1 28
+ 1 29
+ 1 31
+ 1 33
+ 1 34
+ 1 35
+ 1 36
+ 1 37
+ 1 38
+ 1 39
+ 1 40
x 2 33
x 3 34
x 4 35
x 5 36
x 6 37
x 7 38
x 8 39
x 9 40
x 10 1
x 11 2
x 12 3
x 13 4
x 14 5
x 15 6
x 16 7
x 17 8
x 18 9
x 19 10
x 20 11
x 21 12
x 22 13
x 23 14
x 24 15
x 25 16
x 26 17
x 27 18
x 28 19
x 29 20
x 30 21
x 31 22
x 32 23
x 33 24
x 34 25
x 35 26
x 36 27
x 37 28
x 38 29
x 39 30
x 40 31
Case #41: 52 50
o 1 12
+ 1 1
+ 1 2
+ 1 3
+ 1 4
+ 1 5
+ 1 6
+ 1 7
+ 1 8
+ 1 9
+ 1 10
+ 1 11
+ 1 13
+ 1 14
+ 1 15
+ 1 16
+ 1 17
+ 1 18
+ 1 19
+ 1 21
+ 1 22
+ 1 23
+ 1 24
+ 1 25
+ 1 26
x 2 13
x 3 14
x 4 15
x 5 16
x 6 17
x 7 18
x 8 19
x 9 20
x 10 21
x 11 22
x 12 23
x 13 24
x 14 25
x 15 26
x 16 1
x 17 2
x 18 3
x 19 4
x 20 5
x 21 6
x 22 7
x 23 8
x 24 9
x 25 10
x 26 11
Case #42: 178 175
o 1 78
+ 1 1
+ 1 2
+ 1 3
+ 1 4
+ 1 5
+ 1 6
+ 1 7
+ 1 9
+ 1 10
+ 1 11
+ 1 12
+ 1 13
+ 1 14
+ 1 15
+ 1 16
+ 1 17
+ 1 18
+ 1 19
+ 1 20
+ 1 21
+ 1 22
+ 1 23
+ 1 24
+ 1 25
+ 1 26
+ 1 27
+ 1 28
+ 1 29
+ 1 30
+ 1 31
+ 1 32
+ 1 33
+ 1 34
+ 1 35
+ 1 36
+ 1 38
+ 1 39
+ 1 40
+ 1 41
+ 1 42
+ 1 43
+ 1 44
+ 1 45
+ 1 46
+ 1 47
+ 1 48
+ 1 49
+ 1 50
+ 1 51
+ 1 52
+ 1 53
+ 1 54
+ 1 55
+ 1 56
+ 1 57
+ 1 58
+ 1 59
+ 1 60
+ 1 61
+ 1 62
+ 1 63
+ 1 64
+ 1 65
+ 1 66
+ 1 67
+ 1 68
+ 1 69
+ 1 70
+ 1 71
+ 1 72
+ 1 73
+ 1 74
+ 1 75
+ 1 76
+ 1 77
+ 1 79
+ 1 80
+ 1 81
+ 1 82
+ 1 83
+ 1 84
+ 1 85
+ 1 86
+ 1 87
+ 1 88
+ 1 89
x 2 79
x 3 80
x 4 81
x 5 82
x 6 83
x 7 84
x 8 85
x 9 86
x 10 87
x 11 88
x 12 89
x 13 1
x 14 2
x 15 3
x 16 4
x 17 5
x 18 6
x 19 7
x 20 8
x 21 9
x 22 10
x 23 11
x 24 12
x 25 13
x 26 14
x 27 15
x 28 16
x 29 17
x 30 18
x 31 19
x 32 20
x 33 21
x 34 22
x 35 23
x 36 24
x 37 25
x 38 26
x 39 27
x 40 28
x 41 29
x 42 30
x 43 31
x 44 32
x 45 33
x 46 34
x 47 35
x 48 36
x 49 37
x 50 38
x 51 39
x 52 40
x 53 41
x 54 42
x 55 43
x 56 44
x 57 45
x 58 46
x 59 47
x 60 48
x 61 49
x 62 50
x 63 51
x 64 52
x 65 53
x 66 54
x 67 55
x 68 56
x 69 57
x 70 58
x 71 59
x 72 60
x 73 61
x 74 62
x 75 63
x 76 64
x 77 65
x 78 66
x 79 67
x 80 68
x 81 69
x 82 70
x 83 71
x 84 72
x 85 73
x 86 74
x 87 75
x 88 76
x 89 77
Case #43: 104 102
o 1 22
+ 1 1
+ 1 2
+ 1 3
+ 1 4
+ 1 5
+ 1 6
+ 1 7
+ 1 8
+ 1 9
+ 1 10
+ 1 11
+ 1 12
+ 1 13
+ 1 14
+ 1 15
+ 1 16
+ 1 17
+ 1 18
+ 1 19
+ 1 20
+ 1 21
+ 1 23
+ 1 24
+ 1 25
+ 1 26
+ 1 27
+ 1 28
+ 1 29
+ 1 30
+ 1 31
+ 1 32
+ 1 33
+ 1 34
+ 1 35
+ 1 36
+ 1 37
+ 1 38
+ 1 39
+ 1 40
+ 1 41
+ 1 42
+ 1 43
+ 1 45
+ 1 46
+ 1 47
+ 1 48
+ 1 49
+ 1 50
+ 1 51
+ 1 52
x 2 23
x 3 24
x 4 25
x 5 26
x 6 27
x 7 28
x 8 29
x 9 30
x 10 31
x 11 32
x 12 33
x 13 34
x 14 35
x 15 36
x 16 37
x 17 38
x 18 39
x 19 40
x 20 41
x 21 42
x 22 43
x 23 44
x 24 45
x 25 46
x 26 47
x 27 48
x 28 49
x 29 50
x 30 51
x 31 52
x 32 1
x 33 2
x 34 3
x 35 4
x 36 5
x 37 6
x 38 7
x 39 8
x 40 9
x 41 10
x 42 11
x 43 12
x 44 13
x 45 14
x 46 15
x 47 16
x 48 17
x 49 18
x 50 19
x 51 20
x 52 21
Case #44: 54 50
o 1 25
+ 1 1
+ 1 2
+ 1 3
+ 1 4
+ 1 6
+ 1 7
+ 1 8
+ 1 9
+ 1 10
+ 1 11
+ 1 12
+ 1 13
+ 1 14
+ 1 17
+ 1 18
+ 1 19
+ 1 20
+ 1 21
+ 1 22
+ 1 23
+ 1 24
+ 1 26
+ 1 27
x 2 26
x 3 27
x 4 1
x 5 2
x 6 3
x 7 4
x 8 5
x 9 6
x 10 7
x 11 8
x 12 9
x 13 10
x 14 11
x 15 12
x 16 13
x 17 14
x 18 15
x 19 16
x 20 17
x 21 18
x 22 19
x 23 20
x 24 21
x 25 22
x 26 23
x 27 24
Case #45: 138 134
+ 1 1
+ 1 2
+ 1 3
+ 1 4
+ 1 5
+ 1 6
+ 1 7
+ 1 8
+ 1 9
+ 1 10
+ 1 11
+ 1 12
+ 1 13
+ 1 14
+ 1 15
+ 1 16
+ 1 17
+ 1 18
+ 1 19
+ 1 20
+ 1 21
+ 1 22
+ 1 23
+ 1 24
+ 1 25
+ 1 26
+ 1 27
+ 1 28
+ 1 29
+ 1 30
+ 1 31
+ 1 32
+ 1 33
+ 1 34
+ 1 35
+ 1 37
+ 1 38
+ 1 39
+ 1 40
+ 1 41
+ 1 43
+ 1 44
+ 1 45
+ 1 46
+ 1 47
+ 1 48
+ 1 49
+ 1 50
+ 1 51
+ 1 52
+ 1 53
+ 1 54
+ 1 55
+ 1 56
+ 1 57
+ 1 58
+ 1 59
+ 1 61
+ 1 62
+ 1 63
+ 1 64
+ 1 65
+ 1 66
+ 1 67
+ 1 68
+ 1 69
x 2 61
x 3 62
x 4 63
x 5 64
x 6 65
x 7 66
x 8 67
x 9 68
x 10 69
x 11 1
x 12 2
x 13 3
x 14 4
x 15 5
x 16 6
x 17 7
x 18 8
x 19 9
x 20 10
x 21 11
x 22 12
x 23 13
x 24 14
x 25 15
x 26 16
x 27 17
x 28 18
x 29 19
x 30 20
x 31 21
x 32 22
x 33 23
x 34 24
x 35 25
x 36 26
x 37 27
x 38 28
x 39 29
x 40 30
x 41 31
x 42 32
x 43 33
x 44 34
x 45 35
x 46 36
x 47 37
x 48 38
x 49 39
x 50 40
x 51 41
x 52 42
x 53 43
x 54 44
x 55 45
x 56 46
x 57 47
x 58 48
x 59 49
x 60 50
x 61 51
x 62 52
x 63 53
x 64 54
x 65 55
x 66 56
x 67 57
x 68 58
x 69 59
Case #46: 56 54
o 1 20
+ 1 1
+ 1 2
+ 1 3
+ 1 4
+ 1 5
+ 1 6
+ 1 7
+ 1 8
+ 1 9
+ 1 10
+ 1 11
+ 1 12
+ 1 13
+ 1 14
+ 1 15
+ 1 16
+ 1 18
+ 1 19
+ 1 21
+ 1 22
+ 1 23
+ 1 24
+ 1 25
+ 1 26
+ 1 27
+ 1 28
x 2 21
x 3 22
x 4 23
x 5 24
x 6 25
x 7 26
x 8 27
x 9 28
x 10 1
x 11 2
x 12 3
x 13 4
x 14 5
x 15 6
x 16 7
x 17 8
x 18 9
x 19 10
x 20 11
x 21 12
x 22 13
x 23 14
x 24 15
x 25 16
x 26 17
x 27 18
x 28 19
Case #47: 200 191
o 1 100
+ 1 2
+ 1 4
+ 1 5
+ 1 6
+ 1 7
+ 1 8
+ 1 10
+ 1 11
+ 1 12
+ 1 13
+ 1 14
+ 1 16
+ 1 17
+ 1 18
+ 1 19
+ 1 20
+ 1 22
+ 1 23
+ 1 24
+ 1 25
+ 1 26
+ 1 27
+ 1 28
+ 1 29
+ 1 30
+ 1 32
+ 1 33
+ 1 34
+ 1 35
+ 1 36
+ 1 37
+ 1 38
+ 1 39
+ 1 40
+ 1 43
+ 1 44
+ 1 45
+ 1 46
+ 1 47
+ 1 48
+ 1 49
+ 1 50
+ 1 51
+ 1 52
+ 1 53
+ 1 54
+ 1 55
+ 1 56
+ 1 57
+ 1 58
+ 1 59
+ 1 60
+ 1 61
+ 1 62
+ 1 63
+ 1 64
+ 1 65
+ 1 66
+ 1 67
+ 1 68
+ 1 69
+ 1 70
+ 1 71
+ 1 72
+ 1 73
+ 1 74
+ 1 75
+ 1 76
+ 1 77
+ 1 78
+ 1 79
+ 1 80
+ 1 81
+ 1 82
+ 1 83
+ 1 84
+ 1 85
+ 1 86
+ 1 87
+ 1 88
+ 1 89
+ 1 90
+ 1 91
+ 1 92
+ 1 93
+ 1 94
+ 1 95
+ 1 96
+ 1 97
+ 1 98
+ 1 99
x 2 1
x 3 2
x 4 3
x 5 4
x 6 5
x 7 6
x 8 7
x 9 8
x 10 9
x 11 10
x 12 11
x 13 12
x 14 13
x 15 14
x 16 15
x 17 16
x 18 17
x 19 18
x 20 19
x 21 20
x 22 21
x 23 22
x 24 23
x 25 24
x 26 25
x 27 26
x 28 27
x 29 28
x 30 29
x 31 30
x 32 31
x 33 32
x 34 33
x 35 34
x 36 35
x 37 36
x 38 37
x 39 38
x 40 39
x 41 40
x 42 41
x 43 42
x 44 43
x 45 44
x 46 45
x 47 46
x 48 47
x 49 48
x 50 49
x 51 50
x 52 51
x 53 52
x 54 53
x 55 54
x 56 55
x 57 56
x 58 57
x 59 58
x 60 59
x 61 60
x 62 61
x 63 62
x 64 63
x 65 64
x 66 65
x 67 66
x 68 67
x 69 68
x 70 69
x 71 70
x 72 71
x 73 72
x 74 73
x 75 74
x 76 75
x 77 76
x 78 77
x 79 78
x 80 79
x 81 80
x 82 81
x 83 82
x 84 83
x 85 84
x 86 85
x 87 86
x 88 87
x 89 88
x 90 89
x 91 90
x 92 91
x 93 92
x 94 93
x 95 94
x 96 95
x 97 96
x 98 97
x 99 98
x 100 99
Case #48: 124 121
+ 1 1
+ 1 2
+ 1 3
+ 1 4
+ 1 5
+ 1 6
+ 1 7
+ 1 8
+ 1 9
+ 1 10
+ 1 11
+ 1 12
+ 1 13
+ 1 14
+ 1 15
+ 1 16
+ 1 18
+ 1 19
+ 1 20
+ 1 21
+ 1 22
+ 1 23
+ 1 24
+ 1 25
+ 1 26
+ 1 27
+ 1 28
+ 1 29
+ 1 30
+ 1 31
+ 1 32
+ 1 33
+ 1 34
+ 1 35
+ 1 36
+ 1 37
+ 1 38
+ 1 39
+ 1 40
+ 1 41
+ 1 42
+ 1 44
+ 1 45
+ 1 46
+ 1 47
+ 1 48
+ 1 49
+ 1 50
+ 1 51
+ 1 52
+ 1 53
+ 1 54
+ 1 55
+ 1 56
+ 1 57
+ 1 58
+ 1 59
+ 1 60
+ 1 61
+ 1 62
x 2 18
x 3 19
x 4 20
x 5 21
x 6 22
x 7 23
x 8 24
x 9 25
x 10 26
x 11 27
x 12 28
x 13 29
x 14 30
x 15 31
x 16 32
x 17 33
x 18 34
x 19 35
x 20 36
x 21 37
x 22 38
x 23 39
x 24 40
x 25 41
x 26 42
x 27 43
x 28 44
x 29 45
x 30 46
x 31 47
x 32 48
x 33 49
x 34 50
x 35 51
x 36 52
x 37 53
x 38 54
x 39 55
x 40 56
x 41 57
x 42 58
x 43 59
x 44 60
x 45 61
x 46 62
x 47 1
x 48 2
x 49 3
x 50 4
x 51 5
x 52 6
x 53 7
x 54 8
x 55 9
x 56 10
x 57 11
x 58 12
x 59 13
x 60 14
x 61 15
x 62 16
Case #49: 200 100
o 1 100
x 2 1
x 3 2
x 4 3
x 5 4
x 6 5
x 7 6
x 8 7
x 9 8
x 10 9
x 11 10
x 12 11
x 13 12
x 14 13
x 15 14
x 16 15
x 17 16
x 18 17
x 19 18
x 20 19
x 21 20
x 22 21
x 23 22
x 24 23
x 25 24
x 26 25
x 27 26
x 28 27
x 29 28
x 30 29
x 31 30
x 32 31
x 33 32
x 34 33
x 35 34
x 36 35
x 37 36
x 38 37
x 39 38
x 40 39
x 41 40
x 42 41
x 43 42
x 44 43
x 45 44
x 46 45
x 47 46
x 48 47
x 49 48
x 50 49
x 51 50
x 52 51
x 53 52
x 54 53
x 55 54
x 56 55
x 57 56
x 58 57
x 59 58
x 60 59
x 61 60
x 62 61
x 63 62
x 64 63
x 65 64
x 66 65
x 67 66
x 68 67
x 69 68
x 70 69
x 71 70
x 72 71
x 73 72
x 74 73
x 75 74
x 76 75
x 77 76
x 78 77
x 79 78
x 80 79
x 81 80
x 82 81
x 83 82
x 84 83
x 85 84
x 86 85
x 87 86
x 88 87
x 89 88
x 90 89
x 91 90
x 92 91
x 93 92
x 94 93
x 95 94
x 96 95
x 97 96
x 98 97
x 99 98
x 100 99
Case #50: 142 140
+ 1 1
+ 1 2
+ 1 3
+ 1 4
+ 1 5
+ 1 6
+ 1 7
+ 1 8
+ 1 9
+ 1 10
+ 1 11
+ 1 12
+ 1 13
+ 1 14
+ 1 15
+ 1 16
+ 1 17
+ 1 18
+ 1 19
+ 1 20
+ 1 21
+ 1 22
+ 1 23
+ 1 24
+ 1 25
+ 1 27
+ 1 28
+ 1 29
+ 1 30
+ 1 31
+ 1 32
+ 1 33
+ 1 34
+ 1 35
+ 1 36
+ 1 37
+ 1 38
+ 1 39
+ 1 40
+ 1 41
+ 1 42
+ 1 43
+ 1 44
+ 1 45
+ 1 46
+ 1 47
+ 1 48
+ 1 49
+ 1 50
+ 1 51
+ 1 52
+ 1 53
+ 1 54
+ 1 55
+ 1 56
+ 1 57
+ 1 58
+ 1 59
+ 1 60
+ 1 61
+ 1 62
+ 1 63
+ 1 64
+ 1 65
+ 1 66
+ 1 67
+ 1 68
+ 1 69
+ 1 70
+ 1 71
x 2 27
x 3 28
x 4 29
x 5 30
x 6 31
x 7 32
x 8 33
x 9 34
x 10 35
x 11 36
x 12 37
x 13 38
x 14 39
x 15 40
x 16 41
x 17 42
x 18 43
x 19 44
x 20 45
x 21 46
x 22 47
x 23 48
x 24 49
x 25 50
x 26 51
x 27 52
x 28 53
x 29 54
x 30 55
x 31 56
x 32 57
x 33 58
x 34 59
x 35 60
x 36 61
x 37 62
x 38 63
x 39 64
x 40 65
x 41 66
x 42 67
x 43 68
x 44 69
x 45 70
x 46 71
x 47 1
x 48 2
x 49 3
x 50 4
x 51 5
x 52 6
x 53 7
x 54 8
x 55 9
x 56 10
x 57 11
x 58 12
x 59 13
x 60 14
x 61 15
x 62 16
x 63 17
x 64 18
x 65 19
x 66 20
x 67 21
x 68 22
x 69 23
x 70 24
x 71 25
Case #51: 200 193
o 1 100
+ 1 2
+ 1 3
+ 1 5
+ 1 6
+ 1 7
+ 1 8
+ 1 9
+ 1 10
+ 1 11
+ 1 12
+ 1 13
+ 1 14
+ 1 15
+ 1 16
+ 1 18
+ 1 19
+ 1 20
+ 1 21
+ 1 22
+ 1 23
+ 1 24
+ 1 25
+ 1 26
+ 1 27
+ 1 28
+ 1 29
+ 1 30
+ 1 31
+ 1 32
+ 1 33
+ 1 35
+ 1 36
+ 1 37
+ 1 38
+ 1 39
+ 1 40
+ 1 41
+ 1 42
+ 1 43
+ 1 44
+ 1 46
+ 1 47
+ 1 48
+ 1 49
+ 1 50
+ 1 51
+ 1 52
+ 1 53
+ 1 54
+ 1 55
+ 1 56
+ 1 57
+ 1 58
+ 1 59
+ 1 60
+ 1 61
+ 1 62
+ 1 63
+ 1 64
+ 1 65
+ 1 66
+ 1 67
+ 1 68
+ 1 69
+ 1 70
+ 1 71
+ 1 72
+ 1 73
+ 1 74
+ 1 75
+ 1 76
+ 1 77
+ 1 78
+ 1 79
+ 1 80
+ 1 81
+ 1 82
+ 1 83
+ 1 84
+ 1 85
+ 1 86
+ 1 87
+ 1 88
+ 1 89
+ 1 90
+ 1 91
+ 1 92
+ 1 93
+ 1 94
+ 1 95
+ 1 96
+ 1 97
+ 1 99
x 2 1
x 3 2
x 4 3
x 5 4
x 6 5
x 7 6
x 8 7
x 9 8
x 10 9
x 11 10
x 12 11
x 13 12
x 14 13
x 15 14
x 16 15
x 17 16
x 18 17
x 19 18
x 20 19
x 21 20
x 22 21
x 23 22
x 24 23
x 25 24
x 26 25
x 27 26
x 28 27
x 29 28
x 30 29
x 31 30
x 32 31
x 33 32
x 34 33
x 35 34
x 36 35
x 37 36
x 38 37
x 39 38
x 40 39
x 41 40
x 42 41
x 43 42
x 44 43
x 45 44
x 46 45
x 47 46
x 48 47
x 49 48
x 50 49
x 51 50
x 52 51
x 53 52
x 54 53
x 55 54
x 56 55
x 57 56
x 58 57
x 59 58
x 60 59
x 61 60
x 62 61
x 63 62
x 64 63
x 65 64
x 66 65
x 67 66
x 68 67
x 69 68
x 70 69
x 71 70
x 72 71
x 73 72
x 74 73
x 75 74
x 76 75
x 77 76
x 78 77
x 79 78
x 80 79
x 81 80
x 82 81
x 83 82
x 84 83
x 85 84
x 86 85
x 87 86
x 88 87
x 89 88
x 90 89
x 91 90
x 92 91
x 93 92
x 94 93
x 95 94
x 96 95
x 97 96
x 98 97
x 99 98
x 100 99
Case #52: 94 92
o 1 46
+ 1 1
+ 1 2
+ 1 3
+ 1 5
+ 1 6
+ 1 7
+ 1 8
+ 1 9
+ 1 10
+ 1 11
+ 1 12
+ 1 13
+ 1 14
+ 1 15
+ 1 16
+ 1 17
+ 1 18
+ 1 19
+ 1 20
+ 1 21
+ 1 22
+ 1 23
+ 1 24
+ 1 25
+ 1 26
+ 1 27
+ 1 28
+ 1 29
+ 1 30
+ 1 31
+ 1 32
+ 1 33
+ 1 34
+ 1 35
+ 1 36
+ 1 37
+ 1 38
+ 1 39
+ 1 40
+ 1 41
+ 1 42
+ 1 43
+ 1 44
+ 1 45
+ 1 47
x 2 47
x 3 1
x 4 2
x 5 3
x 6 4
x 7 5
x 8 6
x 9 7
x 10 8
x 11 9
x 12 10
x 13 11
x 14 12
x 15 13
x 16 14
x 17 15
x 18 16
x 19 17
x 20 18
x 21 19
x 22 20
x 23 21
x 24 22
x 25 23
x 26 24
x 27 25
x 28 26
x 29 27
x 30 28
x 31 29
x 32 30
x 33 31
x 34 32
x 35 33
x 36 34
x 37 35
x 38 36
x 39 37
x 40 38
x 41 39
x 42 40
x 43 41
x 44 42
x 45 43
x 46 44
x 47 45
Case #53: 80 75
+ 1 1
+ 1 2
+ 1 3
+ 1 4
+ 1 5
+ 1 6
+ 1 7
+ 1 8
+ 1 9
+ 1 10
+ 1 11
+ 1 12
+ 1 14
+ 1 15
+ 1 16
+ 1 17
+ 1 18
+ 1 19
+ 1 21
+ 1 22
+ 1 23
+ 1 25
+ 1 27
+ 1 28
+ 1 29
+ 1 30
+ 1 31
+ 1 32
+ 1 33
+ 1 34
+ 1 35
+ 1 36
+ 1 37
+ 1 38
+ 1 39
+ 1 40
x 2 25
x 3 26
x 4 27
x 5 28
x 6 29
x 7 30
x 8 31
x 9 32
x 10 33
x 11 34
x 12 35
x 13 36
x 14 37
x 15 38
x 16 39
x 17 40
x 18 1
x 19 2
x 20 3
x 21 4
x 22 5
x 23 6
x 24 7
x 25 8
x 26 9
x 27 10
x 28 11
x 29 12
x 30 13
x 31 14
x 32 15
x 33 16
x 34 17
x 35 18
x 36 19
x 37 20
x 38 21
x 39 22
x 40 23
Case #54: 42 39
+ 1 1
+ 1 2
+ 1 3
+ 1 4
+ 1 5
+ 1 6
+ 1 7
+ 1 8
+ 1 9
+ 1 10
+ 1 11
+ 1 13
+ 1 14
+ 1 15
+ 1 16
+ 1 17
+ 1 18
+ 1 19
+ 1 21
x 2 21
x 3 1
x 4 2
x 5 3
x 6 4
x 7 5
x 8 6
x 9 7
x 10 8
x 11 9
x 12 10
x 13 11
x 14 12
x 15 13
x 16 14
x 17 15
x 18 16
x 19 17
x 20 18
x 21 19
Case #55: 200 198
o 1 28
+ 1 2
+ 1 3
+ 1 4
+ 1 5
+ 1 6
+ 1 7
+ 1 8
+ 1 9
+ 1 10
+ 1 11
+ 1 12
+ 1 13
+ 1 14
+ 1 15
+ 1 16
+ 1 17
+ 1 18
+ 1 19
+ 1 20
+ 1 21
+ 1 22
+ 1 23
+ 1 24
+ 1 25
+ 1 26
+ 1 27
+ 1 29
+ 1 30
+ 1 31
+ 1 32
+ 1 33
+ 1 34
+ 1 35
+ 1 36
+ 1 37
+ 1 38
+ 1 39
+ 1 40
+ 1 41
+ 1 42
+ 1 43
+ 1 44
+ 1 45
+ 1 46
+ 1 47
+ 1 48
+ 1 49
+ 1 50
+ 1 51
+ 1 52
+ 1 53
+ 1 54
+ 1 55
+ 1 56
+ 1 57
+ 1 58
+ 1 59
+ 1 60
+ 1 61
+ 1 62
+ 1 63
+ 1 64
+ 1 65
+ 1 66
+ 1 67
+ 1 68
+ 1 69
+ 1 70
+ 1 71
+ 1 72
+ 1 73
+ 1 74
+ 1 75
+ 1 76
+ 1 77
+ 1 78
+ 1 79
+ 1 80
+ 1 81
+ 1 82
+ 1 83
+ 1 84
+ 1 85
+ 1 86
+ 1 87
+ 1 88
+ 1 89
+ 1 90
+ 1 91
+ 1 92
+ 1 93
+ 1 94
+ 1 95
+ 1 96
+ 1 97
+ 1 98
+ 1 99
+ 1 100
x 2 29
x 3 30
x 4 31
x 5 32
x 6 33
x 7 34
x 8 35
x 9 36
x 10 37
x 11 38
x 12 39
x 13 40
x 14 41
x 15 42
x 16 43
x 17 44
x 18 45
x 19 46
x 20 47
x 21 48
x 22 49
x 23 50
x 24 51
x 25 52
x 26 53
x 27 54
x 28 55
x 29 56
x 30 57
x 31 58
x 32 59
x 33 60
x 34 61
x 35 62
x 36 63
x 37 64
x 38 65
x 39 66
x 40 67
x 41 68
x 42 69
x 43 70
x 44 71
x 45 72
x 46 73
x 47 74
x 48 75
x 49 76
x 50 77
x 51 78
x 52 79
x 53 80
x 54 81
x 55 82
x 56 83
x 57 84
x 58 85
x 59 86
x 60 87
x 61 88
x 62 89
x 63 90
x 64 91
x 65 92
x 66 93
x 67 94
x 68 95
x 69 96
x 70 97
x 71 98
x 72 99
x 73 100
x 74 1
x 75 2
x 76 3
x 77 4
x 78 5
x 79 6
x 80 7
x 81 8
x 82 9
x 83 10
x 84 11
x 85 12
x 86 13
x 87 14
x 88 15
x 89 16
x 90 17
x 91 18
x 92 19
x 93 20
x 94 21
x 95 22
x 96 23
x 97 24
x 98 25
x 99 26
x 100 27
Case #56: 2 1
o 1 1
Case #57: 200 195
o 1 100
+ 1 2
+ 1 4
+ 1 5
+ 1 6
+ 1 7
+ 1 8
+ 1 10
+ 1 11
+ 1 12
+ 1 14
+ 1 15
+ 1 16
+ 1 17
+ 1 18
+ 1 19
+ 1 20
+ 1 21
+ 1 22
+ 1 23
+ 1 24
+ 1 25
+ 1 26
+ 1 27
+ 1 28
+ 1 29
+ 1 30
+ 1 31
+ 1 32
+ 1 33
+ 1 34
+ 1 35
+ 1 36
+ 1 37
+ 1 38
+ 1 39
+ 1 40
+ 1 41
+ 1 42
+ 1 43
+ 1 44
+ 1 45
+ 1 46
+ 1 47
+ 1 48
+ 1 49
+ 1 50
+ 1 51
+ 1 52
+ 1 53
+ 1 54
+ 1 55
+ 1 56
+ 1 57
+ 1 58
+ 1 59
+ 1 60
+ 1 61
+ 1 62
+ 1 63
+ 1 64
+ 1 65
+ 1 66
+ 1 67
+ 1 68
+ 1 69
+ 1 70
+ 1 71
+ 1 72
+ 1 73
+ 1 74
+ 1 75
+ 1 76
+ 1 77
+ 1 78
+ 1 79
+ 1 80
+ 1 81
+ 1 82
+ 1 83
+ 1 84
+ 1 85
+ 1 86
+ 1 87
+ 1 88
+ 1 89
+ 1 90
+ 1 91
+ 1 92
+ 1 93
+ 1 94
+ 1 95
+ 1 96
+ 1 97
+ 1 98
+ 1 99
x 2 1
x 3 2
x 4 3
x 5 4
x 6 5
x 7 6
x 8 7
x 9 8
x 10 9
x 11 10
x 12 11
x 13 12
x 14 13
x 15 14
x 16 15
x 17 16
x 18 17
x 19 18
x 20 19
x 21 20
x 22 21
x 23 22
x 24 23
x 25 24
x 26 25
x 27 26
x 28 27
x 29 28
x 30 29
x 31 30
x 32 31
x 33 32
x 34 33
x 35 34
x 36 35
x 37 36
x 38 37
x 39 38
x 40 39
x 41 40
x 42 41
x 43 42
x 44 43
x 45 44
x 46 45
x 47 46
x 48 47
x 49 48
x 50 49
x 51 50
x 52 51
x 53 52
x 54 53
x 55 54
x 56 55
x 57 56
x 58 57
x 59 58
x 60 59
x 61 60
x 62 61
x 63 62
x 64 63
x 65 64
x 66 65
x 67 66
x 68 67
x 69 68
x 70 69
x 71 70
x 72 71
x 73 72
x 74 73
x 75 74
x 76 75
x 77 76
x 78 77
x 79 78
x 80 79
x 81 80
x 82 81
x 83 82
x 84 83
x 85 84
x 86 85
x 87 86
x 88 87
x 89 88
x 90 89
x 91 90
x 92 91
x 93 92
x 94 93
x 95 94
x 96 95
x 97 96
x 98 97
x 99 98
x 100 99
Case #58: 44 40
o 1 3
+ 1 1
+ 1 4
+ 1 5
+ 1 6
+ 1 8
+ 1 9
+ 1 10
+ 1 11
+ 1 12
+ 1 13
+ 1 14
+ 1 16
+ 1 17
+ 1 18
+ 1 19
+ 1 20
+ 1 21
+ 1 22
x 2 4
x 3 5
x 4 6
x 5 7
x 6 8
x 7 9
x 8 10
x 9 11
x 10 12
x 11 13
x 12 14
x 13 15
x 14 16
x 15 17
x 16 18
x 17 19
x 18 20
x 19 21
x 20 22
x 21 1
x 22 2
Case #59: 200 194
o 1 100
+ 1 3
+ 1 4
+ 1 5
+ 1 7
+ 1 8
+ 1 9
+ 1 10
+ 1 11
+ 1 12
+ 1 14
+ 1 16
+ 1 17
+ 1 18
+ 1 19
+ 1 20
+ 1 21
+ 1 22
+ 1 23
+ 1 24
+ 1 25
+ 1 26
+ 1 27
+ 1 28
+ 1 29
+ 1 30
+ 1 31
+ 1 32
+ 1 33
+ 1 34
+ 1 35
+ 1 36
+ 1 37
+ 1 38
+ 1 39
+ 1 40
+ 1 41
+ 1 42
+ 1 43
+ 1 44
+ 1 45
+ 1 46
+ 1 47
+ 1 48
+ 1 49
+ 1 50
+ 1 51
+ 1 52
+ 1 53
+ 1 54
+ 1 55
+ 1 56
+ 1 57
+ 1 58
+ 1 59
+ 1 60
+ 1 61
+ 1 62
+ 1 63
+ 1 64
+ 1 65
+ 1 66
+ 1 67
+ 1 68
+ 1 69
+ 1 70
+ 1 71
+ 1 72
+ 1 73
+ 1 74
+ 1 75
+ 1 76
+ 1 77
+ 1 78
+ 1 79
+ 1 80
+ 1 81
+ 1 82
+ 1 83
+ 1 84
+ 1 85
+ 1 86
+ 1 87
+ 1 88
+ 1 89
+ 1 90
+ 1 91
+ 1 92
+ 1 93
+ 1 94
+ 1 95
+ 1 96
+ 1 97
+ 1 98
+ 1 99
x 2 1
x 3 2
x 4 3
x 5 4
x 6 5
x 7 6
x 8 7
x 9 8
x 10 9
x 11 10
x 12 11
x 13 12
x 14 13
x 15 14
x 16 15
x 17 16
x 18 17
x 19 18
x 20 19
x 21 20
x 22 21
x 23 22
x 24 23
x 25 24
x 26 25
x 27 26
x 28 27
x 29 28
x 30 29
x 31 30
x 32 31
x 33 32
x 34 33
x 35 34
x 36 35
x 37 36
x 38 37
x 39 38
x 40 39
x 41 40
x 42 41
x 43 42
x 44 43
x 45 44
x 46 45
x 47 46
x 48 47
x 49 48
x 50 49
x 51 50
x 52 51
x 53 52
x 54 53
x 55 54
x 56 55
x 57 56
x 58 57
x 59 58
x 60 59
x 61 60
x 62 61
x 63 62
x 64 63
x 65 64
x 66 65
x 67 66
x 68 67
x 69 68
x 70 69
x 71 70
x 72 71
x 73 72
x 74 73
x 75 74
x 76 75
x 77 76
x 78 77
x 79 78
x 80 79
x 81 80
x 82 81
x 83 82
x 84 83
x 85 84
x 86 85
x 87 86
x 88 87
x 89 88
x 90 89
x 91 90
x 92 91
x 93 92
x 94 93
x 95 94
x 96 95
x 97 96
x 98 97
x 99 98
x 100 99
Case #60: 198 197
o 1 99
+ 1 1
+ 1 2
+ 1 3
+ 1 4
+ 1 5
+ 1 6
+ 1 7
+ 1 8
+ 1 9
+ 1 10
+ 1 11
+ 1 12
+ 1 13
+ 1 14
+ 1 15
+ 1 16
+ 1 17
+ 1 18
+ 1 19
+ 1 20
+ 1 21
+ 1 22
+ 1 23
+ 1 24
+ 1 25
+ 1 26
+ 1 27
+ 1 28
+ 1 29
+ 1 30
+ 1 31
+ 1 32
+ 1 33
+ 1 34
+ 1 35
+ 1 36
+ 1 37
+ 1 38
+ 1 39
+ 1 40
+ 1 41
+ 1 42
+ 1 43
+ 1 44
+ 1 45
+ 1 46
+ 1 47
+ 1 48
+ 1 49
+ 1 50
+ 1 51
+ 1 52
+ 1 53
+ 1 54
+ 1 55
+ 1 56
+ 1 57
+ 1 58
+ 1 59
+ 1 60
+ 1 61
+ 1 62
+ 1 63
+ 1 64
+ 1 65
+ 1 66
+ 1 67
+ 1 68
+ 1 69
+ 1 70
+ 1 71
+ 1 72
+ 1 73
+ 1 74
+ 1 75
+ 1 76
+ 1 77
+ 1 78
+ 1 79
+ 1 80
+ 1 81
+ 1 82
+ 1 83
+ 1 84
+ 1 85
+ 1 86
+ 1 87
+ 1 88
+ 1 89
+ 1 90
+ 1 91
+ 1 92
+ 1 93
+ 1 94
+ 1 95
+ 1 96
+ 1 97
+ 1 98
x 2 1
x 3 2
x 4 3
x 5 4
x 6 5
x 7 6
x 8 7
x 9 8
x 10 9
x 11 10
x 12 11
x 13 12
x 14 13
x 15 14
x 16 15
x 17 16
x 18 17
x 19 18
x 20 19
x 21 20
x 22 21
x 23 22
x 24 23
x 25 24
x 26 25
x 27 26
x 28 27
x 29 28
x 30 29
x 31 30
x 32 31
x 33 32
x 34 33
x 35 34
x 36 35
x 37 36
x 38 37
x 39 38
x 40 39
x 41 40
x 42 41
x 43 42
x 44 43
x 45 44
x 46 45
x 47 46
x 48 47
x 49 48
x 50 49
x 51 50
x 52 51
x 53 52
x 54 53
x 55 54
x 56 55
x 57 56
x 58 57
x 59 58
x 60 59
x 61 60
x 62 61
x 63 62
x 64 63
x 65 64
x 66 65
x 67 66
x 68 67
x 69 68
x 70 69
x 71 70
x 72 71
x 73 72
x 74 73
x 75 74
x 76 75
x 77 76
x 78 77
x 79 78
x 80 79
x 81 80
x 82 81
x 83 82
x 84 83
x 85 84
x 86 85
x 87 86
x 88 87
x 89 88
x 90 89
x 91 90
x 92 91
x 93 92
x 94 93
x 95 94
x 96 95
x 97 96
x 98 97
x 99 98
Case #61: 200 191
o 1 100
+ 1 3
+ 1 5
+ 1 6
+ 1 8
+ 1 9
+ 1 10
+ 1 11
+ 1 12
+ 1 13
+ 1 14
+ 1 16
+ 1 17
+ 1 18
+ 1 19
+ 1 20
+ 1 21
+ 1 22
+ 1 23
+ 1 24
+ 1 25
+ 1 26
+ 1 27
+ 1 28
+ 1 29
+ 1 30
+ 1 31
+ 1 32
+ 1 33
+ 1 34
+ 1 35
+ 1 36
+ 1 37
+ 1 38
+ 1 39
+ 1 40
+ 1 41
+ 1 42
+ 1 43
+ 1 44
+ 1 45
+ 1 46
+ 1 48
+ 1 49
+ 1 51
+ 1 53
+ 1 54
+ 1 55
+ 1 56
+ 1 57
+ 1 58
+ 1 59
+ 1 60
+ 1 61
+ 1 62
+ 1 63
+ 1 64
+ 1 65
+ 1 66
+ 1 67
+ 1 68
+ 1 69
+ 1 70
+ 1 71
+ 1 72
+ 1 73
+ 1 74
+ 1 75
+ 1 76
+ 1 77
+ 1 78
+ 1 79
+ 1 80
+ 1 81
+ 1 82
+ 1 83
+ 1 84
+ 1 85
+ 1 86
+ 1 87
+ 1 88
+ 1 89
+ 1 90
+ 1 91
+ 1 92
+ 1 93
+ 1 94
+ 1 95
+ 1 96
+ 1 97
+ 1 98
+ 1 99
x 2 1
x 3 2
x 4 3
x 5 4
x 6 5
x 7 6
x 8 7
x 9 8
x 10 9
x 11 10
x 12 11
x 13 12
x 14 13
x 15 14
x 16 15
x 17 16
x 18 17
x 19 18
x 20 19
x 21 20
x 22 21
x 23 22
x 24 23
x 25 24
x 26 25
x 27 26
x 28 27
x 29 28
x 30 29
x 31 30
x 32 31
x 33 32
x 34 33
x 35 34
x 36 35
x 37 36
x 38 37
x 39 38
x 40 39
x 41 40
x 42 41
x 43 42
x 44 43
x 45 44
x 46 45
x 47 46
x 48 47
x 49 48
x 50 49
x 51 50
x 52 51
x 53 52
x 54 53
x 55 54
x 56 55
x 57 56
x 58 57
x 59 58
x 60 59
x 61 60
x 62 61
x 63 62
x 64 63
x 65 64
x 66 65
x 67 66
x 68 67
x 69 68
x 70 69
x 71 70
x 72 71
x 73 72
x 74 73
x 75 74
x 76 75
x 77 76
x 78 77
x 79 78
x 80 79
x 81 80
x 82 81
x 83 82
x 84 83
x 85 84
x 86 85
x 87 86
x 88 87
x 89 88
x 90 89
x 91 90
x 92 91
x 93 92
x 94 93
x 95 94
x 96 95
x 97 96
x 98 97
x 99 98
x 100 99
Case #62: 54 51
+ 1 2
+ 1 3
+ 1 4
+ 1 5
+ 1 6
+ 1 7
+ 1 8
+ 1 9
+ 1 10
+ 1 11
+ 1 12
+ 1 14
+ 1 15
+ 1 16
+ 1 17
+ 1 18
+ 1 19
+ 1 20
+ 1 21
+ 1 22
+ 1 23
+ 1 24
+ 1 25
+ 1 26
+ 1 27
x 2 2
x 3 3
x 4 4
x 5 5
x 6 6
x 7 7
x 8 8
x 9 9
x 10 10
x 11 11
x 12 12
x 13 13
x 14 14
x 15 15
x 16 16
x 17 17
x 18 18
x 19 19
x 20 20
x 21 21
x 22 22
x 23 23
x 24 24
x 25 25
x 26 26
x 27 27
Case #63: 122 118
+ 1 1
+ 1 2
+ 1 3
+ 1 4
+ 1 5
+ 1 6
+ 1 7
+ 1 8
+ 1 10
+ 1 11
+ 1 12
+ 1 13
+ 1 14
+ 1 15
+ 1 16
+ 1 17
+ 1 18
+ 1 19
+ 1 20
+ 1 21
+ 1 22
+ 1 23
+ 1 24
+ 1 25
+ 1 26
+ 1 27
+ 1 28
+ 1 29
+ 1 30
+ 1 31
+ 1 32
+ 1 33
+ 1 34
+ 1 35
+ 1 36
+ 1 37
+ 1 38
+ 1 39
+ 1 40
+ 1 41
+ 1 42
+ 1 43
+ 1 44
+ 1 45
+ 1 46
+ 1 48
+ 1 49
+ 1 50
+ 1 51
+ 1 52
+ 1 54
+ 1 55
+ 1 56
+ 1 57
+ 1 58
+ 1 59
+ 1 60
+ 1 61
x 2 54
x 3 55
x 4 56
x 5 57
x 6 58
x 7 59
x 8 60
x 9 61
x 10 1
x 11 2
x 12 3
x 13 4
x 14 5
x 15 6
x 16 7
x 17 8
x 18 9
x 19 10
x 20 11
x 21 12
x 22 13
x 23 14
x 24 15
x 25 16
x 26 17
x 27 18
x 28 19
x 29 20
x 30 21
x 31 22
x 32 23
x 33 24
x 34 25
x 35 26
x 36 27
x 37 28
x 38 29
x 39 30
x 40 31
x 41 32
x 42 33
x 43 34
x 44 35
x 45 36
x 46 37
x 47 38
x 48 39
x 49 40
x 50 41
x 51 42
x 52 43
x 53 44
x 54 45
x 55 46
x 56 47
x 57 48
x 58 49
x 59 50
x 60 51
x 61 52
Case #64: 200 195
o 1 100
+ 1 2
+ 1 3
+ 1 4
+ 1 5
+ 1 6
+ 1 7
+ 1 8
+ 1 9
+ 1 11
+ 1 12
+ 1 13
+ 1 14
+ 1 15
+ 1 16
+ 1 17
+ 1 18
+ 1 19
+ 1 21
+ 1 22
+ 1 24
+ 1 25
+ 1 26
+ 1 27
+ 1 28
+ 1 29
+ 1 30
+ 1 31
+ 1 32
+ 1 33
+ 1 34
+ 1 35
+ 1 36
+ 1 37
+ 1 38
+ 1 39
+ 1 40
+ 1 41
+ 1 42
+ 1 43
+ 1 44
+ 1 45
+ 1 46
+ 1 47
+ 1 48
+ 1 49
+ 1 50
+ 1 51
+ 1 52
+ 1 53
+ 1 54
+ 1 55
+ 1 56
+ 1 57
+ 1 58
+ 1 59
+ 1 60
+ 1 61
+ 1 62
+ 1 63
+ 1 64
+ 1 65
+ 1 66
+ 1 67
+ 1 68
+ 1 69
+ 1 70
+ 1 71
+ 1 72
+ 1 73
+ 1 74
+ 1 75
+ 1 76
+ 1 77
+ 1 78
+ 1 79
+ 1 80
+ 1 81
+ 1 82
+ 1 83
+ 1 84
+ 1 85
+ 1 86
+ 1 87
+ 1 88
+ 1 89
+ 1 90
+ 1 91
+ 1 92
+ 1 93
+ 1 94
+ 1 95
+ 1 96
+ 1 97
+ 1 98
+ 1 99
x 2 1
x 3 2
x 4 3
x 5 4
x 6 5
x 7 6
x 8 7
x 9 8
x 10 9
x 11 10
x 12 11
x 13 12
x 14 13
x 15 14
x 16 15
x 17 16
x 18 17
x 19 18
x 20 19
x 21 20
x 22 21
x 23 22
x 24 23
x 25 24
x 26 25
x 27 26
x 28 27
x 29 28
x 30 29
x 31 30
x 32 31
x 33 32
x 34 33
x 35 34
x 36 35
x 37 36
x 38 37
x 39 38
x 40 39
x 41 40
x 42 41
x 43 42
x 44 43
x 45 44
x 46 45
x 47 46
x 48 47
x 49 48
x 50 49
x 51 50
x 52 51
x 53 52
x 54 53
x 55 54
x 56 55
x 57 56
x 58 57
x 59 58
x 60 59
x 61 60
x 62 61
x 63 62
x 64 63
x 65 64
x 66 65
x 67 66
x 68 67
x 69 68
x 70 69
x 71 70
x 72 71
x 73 72
x 74 73
x 75 74
x 76 75
x 77 76
x 78 77
x 79 78
x 80 79
x 81 80
x 82 81
x 83 82
x 84 83
x 85 84
x 86 85
x 87 86
x 88 87
x 89 88
x 90 89
x 91 90
x 92 91
x 93 92
x 94 93
x 95 94
x 96 95
x 97 96
x 98 97
x 99 98
x 100 99
Case #65: 46 43
+ 1 1
+ 1 2
+ 1 3
+ 1 4
+ 1 5
+ 1 6
+ 1 7
+ 1 9
+ 1 10
+ 1 11
+ 1 12
+ 1 13
+ 1 15
+ 1 16
+ 1 17
+ 1 18
+ 1 19
+ 1 20
+ 1 21
+ 1 22
+ 1 23
x 2 15
x 3 16
x 4 17
x 5 18
x 6 19
x 7 20
x 8 21
x 9 22
x 10 23
x 11 1
x 12 2
x 13 3
x 14 4
x 15 5
x 16 6
x 17 7
x 18 8
x 19 9
x 20 10
x 21 11
x 22 12
x 23 13
Case #66: 2 1
o 1 1
Case #67: 200 101
o 1 100
+ 1 1
x 2 1
x 3 2
x 4 3
x 5 4
x 6 5
x 7 6
x 8 7
x 9 8
x 10 9
x 11 10
x 12 11
x 13 12
x 14 13
x 15 14
x 16 15
x 17 16
x 18 17
x 19 18
x 20 19
x 21 20
x 22 21
x 23 22
x 24 23
x 25 24
x 26 25
x 27 26
x 28 27
x 29 28
x 30 29
x 31 30
x 32 31
x 33 32
x 34 33
x 35 34
x 36 35
x 37 36
x 38 37
x 39 38
x 40 39
x 41 40
x 42 41
x 43 42
x 44 43
x 45 44
x 46 45
x 47 46
x 48 47
x 49 48
x 50 49
x 51 50
x 52 51
x 53 52
x 54 53
x 55 54
x 56 55
x 57 56
x 58 57
x 59 58
x 60 59
x 61 60
x 62 61
x 63 62
x 64 63
x 65 64
x 66 65
x 67 66
x 68 67
x 69 68
x 70 69
x 71 70
x 72 71
x 73 72
x 74 73
x 75 74
x 76 75
x 77 76
x 78 77
x 79 78
x 80 79
x 81 80
x 82 81
x 83 82
x 84 83
x 85 84
x 86 85
x 87 86
x 88 87
x 89 88
x 90 89
x 91 90
x 92 91
x 93 92
x 94 93
x 95 94
x 96 95
x 97 96
x 98 97
x 99 98
x 100 99
Case #68: 128 124
+ 1 1
+ 1 3
+ 1 4
+ 1 5
+ 1 6
+ 1 7
+ 1 8
+ 1 9
+ 1 10
+ 1 11
+ 1 12
+ 1 13
+ 1 14
+ 1 15
+ 1 16
+ 1 17
+ 1 18
+ 1 19
+ 1 20
+ 1 21
+ 1 22
+ 1 23
+ 1 24
+ 1 25
+ 1 26
+ 1 27
+ 1 28
+ 1 29
+ 1 30
+ 1 31
+ 1 32
+ 1 35
+ 1 36
+ 1 37
+ 1 38
+ 1 39
+ 1 40
+ 1 41
+ 1 42
+ 1 43
+ 1 44
+ 1 45
+ 1 46
+ 1 47
+ 1 48
+ 1 49
+ 1 50
+ 1 51
+ 1 52
+ 1 53
+ 1 54
+ 1 55
+ 1 56
+ 1 57
+ 1 58
+ 1 59
+ 1 60
+ 1 61
+ 1 62
+ 1 63
+ 1 64
x 2 34
x 3 35
x 4 36
x 5 37
x 6 38
x 7 39
x 8 40
x 9 41
x 10 42
x 11 43
x 12 44
x 13 45
x 14 46
x 15 47
x 16 48
x 17 49
x 18 50
x 19 51
x 20 52
x 21 53
x 22 54
x 23 55
x 24 56
x 25 57
x 26 58
x 27 59
x 28 60
x 29 61
x 30 62
x 31 63
x 32 64
x 33 1
x 34 2
x 35 3
x 36 4
x 37 5
x 38 6
x 39 7
x 40 8
x 41 9
x 42 10
x 43 11
x 44 12
x 45 13
x 46 14
x 47 15
x 48 16
x 49 17
x 50 18
x 51 19
x 52 20
x 53 21
x 54 22
x 55 23
x 56 24
x 57 25
x 58 26
x 59 27
x 60 28
x 61 29
x 62 30
x 63 31
x 64 32
Case #69: 200 198
o 1 38
+ 1 2
+ 1 3
+ 1 4
+ 1 5
+ 1 6
+ 1 7
+ 1 8
+ 1 9
+ 1 10
+ 1 11
+ 1 12
+ 1 13
+ 1 14
+ 1 15
+ 1 16
+ 1 17
+ 1 18
+ 1 19
+ 1 20
+ 1 21
+ 1 22
+ 1 23
+ 1 24
+ 1 25
+ 1 26
+ 1 27
+ 1 28
+ 1 29
+ 1 30
+ 1 31
+ 1 32
+ 1 33
+ 1 34
+ 1 35
+ 1 36
+ 1 37
+ 1 39
+ 1 40
+ 1 41
+ 1 42
+ 1 43
+ 1 44
+ 1 45
+ 1 46
+ 1 47
+ 1 48
+ 1 49
+ 1 50
+ 1 51
+ 1 52
+ 1 53
+ 1 54
+ 1 55
+ 1 56
+ 1 57
+ 1 58
+ 1 59
+ 1 60
+ 1 61
+ 1 62
+ 1 63
+ 1 64
+ 1 65
+ 1 66
+ 1 67
+ 1 68
+ 1 69
+ 1 70
+ 1 71
+ 1 72
+ 1 73
+ 1 74
+ 1 75
+ 1 76
+ 1 77
+ 1 78
+ 1 79
+ 1 80
+ 1 81
+ 1 82
+ 1 83
+ 1 84
+ 1 85
+ 1 86
+ 1 87
+ 1 88
+ 1 89
+ 1 90
+ 1 91
+ 1 92
+ 1 93
+ 1 94
+ 1 95
+ 1 96
+ 1 97
+ 1 98
+ 1 99
+ 1 100
x 2 39
x 3 40
x 4 41
x 5 42
x 6 43
x 7 44
x 8 45
x 9 46
x 10 47
x 11 48
x 12 49
x 13 50
x 14 51
x 15 52
x 16 53
x 17 54
x 18 55
x 19 56
x 20 57
x 21 58
x 22 59
x 23 60
x 24 61
x 25 62
x 26 63
x 27 64
x 28 65
x 29 66
x 30 67
x 31 68
x 32 69
x 33 70
x 34 71
x 35 72
x 36 73
x 37 74
x 38 75
x 39 76
x 40 77
x 41 78
x 42 79
x 43 80
x 44 81
x 45 82
x 46 83
x 47 84
x 48 85
x 49 86
x 50 87
x 51 88
x 52 89
x 53 90
x 54 91
x 55 92
x 56 93
x 57 94
x 58 95
x 59 96
x 60 97
x 61 98
x 62 99
x 63 100
x 64 1
x 65 2
x 66 3
x 67 4
x 68 5
x 69 6
x 70 7
x 71 8
x 72 9
x 73 10
x 74 11
x 75 12
x 76 13
x 77 14
x 78 15
x 79 16
x 80 17
x 81 18
x 82 19
x 83 20
x 84 21
x 85 22
x 86 23
x 87 24
x 88 25
x 89 26
x 90 27
x 91 28
x 92 29
x 93 30
x 94 31
x 95 32
x 96 33
x 97 34
x 98 35
x 99 36
x 100 37
Case #70: 200 199
o 1 81
+ 1 1
+ 1 2
+ 1 3
+ 1 4
+ 1 5
+ 1 6
+ 1 7
+ 1 8
+ 1 9
+ 1 10
+ 1 11
+ 1 12
+ 1 13
+ 1 14
+ 1 15
+ 1 16
+ 1 17
+ 1 18
+ 1 19
+ 1 20
+ 1 21
+ 1 22
+ 1 23
+ 1 24
+ 1 25
+ 1 26
+ 1 27
+ 1 28
+ 1 29
+ 1 30
+ 1 31
+ 1 32
+ 1 33
+ 1 34
+ 1 35
+ 1 36
+ 1 37
+ 1 38
+ 1 39
+ 1 40
+ 1 41
+ 1 42
+ 1 43
+ 1 44
+ 1 45
+ 1 46
+ 1 47
+ 1 48
+ 1 49
+ 1 50
+ 1 51
+ 1 52
+ 1 53
+ 1 54
+ 1 55
+ 1 56
+ 1 57
+ 1 58
+ 1 59
+ 1 60
+ 1 61
+ 1 62
+ 1 63
+ 1 64
+ 1 65
+ 1 66
+ 1 67
+ 1 68
+ 1 69
+ 1 70
+ 1 71
+ 1 72
+ 1 73
+ 1 74
+ 1 75
+ 1 76
+ 1 77
+ 1 78
+ 1 79
+ 1 80
+ 1 82
+ 1 83
+ 1 84
+ 1 85
+ 1 86
+ 1 87
+ 1 88
+ 1 89
+ 1 90
+ 1 91
+ 1 92
+ 1 93
+ 1 94
+ 1 95
+ 1 96
+ 1 97
+ 1 98
+ 1 99
+ 1 100
x 2 82
x 3 83
x 4 84
x 5 85
x 6 86
x 7 87
x 8 88
x 9 89
x 10 90
x 11 91
x 12 92
x 13 93
x 14 94
x 15 95
x 16 96
x 17 97
x 18 98
x 19 99
x 20 100
x 21 1
x 22 2
x 23 3
x 24 4
x 25 5
x 26 6
x 27 7
x 28 8
x 29 9
x 30 10
x 31 11
x 32 12
x 33 13
x 34 14
x 35 15
x 36 16
x 37 17
x 38 18
x 39 19
x 40 20
x 41 21
x 42 22
x 43 23
x 44 24
x 45 25
x 46 26
x 47 27
x 48 28
x 49 29
x 50 30
x 51 31
x 52 32
x 53 33
x 54 34
x 55 35
x 56 36
x 57 37
x 58 38
x 59 39
x 60 40
x 61 41
x 62 42
x 63 43
x 64 44
x 65 45
x 66 46
x 67 47
x 68 48
x 69 49
x 70 50
x 71 51
x 72 52
x 73 53
x 74 54
x 75 55
x 76 56
x 77 57
x 78 58
x 79 59
x 80 60
x 81 61
x 82 62
x 83 63
x 84 64
x 85 65
x 86 66
x 87 67
x 88 68
x 89 69
x 90 70
x 91 71
x 92 72
x 93 73
x 94 74
x 95 75
x 96 76
x 97 77
x 98 78
x 99 79
x 100 80
Case #71: 200 196
o 1 100
+ 1 2
+ 1 3
+ 1 4
+ 1 5
+ 1 6
+ 1 7
+ 1 10
+ 1 11
+ 1 12
+ 1 13
+ 1 14
+ 1 15
+ 1 16
+ 1 17
+ 1 18
+ 1 19
+ 1 20
+ 1 21
+ 1 22
+ 1 23
+ 1 24
+ 1 25
+ 1 26
+ 1 27
+ 1 28
+ 1 29
+ 1 30
+ 1 31
+ 1 32
+ 1 33
+ 1 34
+ 1 35
+ 1 36
+ 1 37
+ 1 38
+ 1 39
+ 1 40
+ 1 41
+ 1 42
+ 1 43
+ 1 44
+ 1 45
+ 1 46
+ 1 47
+ 1 48
+ 1 49
+ 1 50
+ 1 51
+ 1 52
+ 1 53
+ 1 54
+ 1 55
+ 1 56
+ 1 57
+ 1 58
+ 1 59
+ 1 60
+ 1 61
+ 1 62
+ 1 63
+ 1 64
+ 1 65
+ 1 66
+ 1 67
+ 1 68
+ 1 69
+ 1 70
+ 1 71
+ 1 72
+ 1 73
+ 1 74
+ 1 75
+ 1 76
+ 1 77
+ 1 78
+ 1 79
+ 1 80
+ 1 81
+ 1 82
+ 1 83
+ 1 84
+ 1 85
+ 1 86
+ 1 87
+ 1 88
+ 1 89
+ 1 90
+ 1 91
+ 1 92
+ 1 93
+ 1 94
+ 1 95
+ 1 96
+ 1 97
+ 1 98
+ 1 99
x 2 1
x 3 2
x 4 3
x 5 4
x 6 5
x 7 6
x 8 7
x 9 8
x 10 9
x 11 10
x 12 11
x 13 12
x 14 13
x 15 14
x 16 15
x 17 16
x 18 17
x 19 18
x 20 19
x 21 20
x 22 21
x 23 22
x 24 23
x 25 24
x 26 25
x 27 26
x 28 27
x 29 28
x 30 29
x 31 30
x 32 31
x 33 32
x 34 33
x 35 34
x 36 35
x 37 36
x 38 37
x 39 38
x 40 39
x 41 40
x 42 41
x 43 42
x 44 43
x 45 44
x 46 45
x 47 46
x 48 47
x 49 48
x 50 49
x 51 50
x 52 51
x 53 52
x 54 53
x 55 54
x 56 55
x 57 56
x 58 57
x 59 58
x 60 59
x 61 60
x 62 61
x 63 62
x 64 63
x 65 64
x 66 65
x 67 66
x 68 67
x 69 68
x 70 69
x 71 70
x 72 71
x 73 72
x 74 73
x 75 74
x 76 75
x 77 76
x 78 77
x 79 78
x 80 79
x 81 80
x 82 81
x 83 82
x 84 83
x 85 84
x 86 85
x 87 86
x 88 87
x 89 88
x 90 89
x 91 90
x 92 91
x 93 92
x 94 93
x 95 94
x 96 95
x 97 96
x 98 97
x 99 98
x 100 99
Case #72: 200 191
o 1 100
+ 1 2
+ 1 4
+ 1 6
+ 1 7
+ 1 8
+ 1 9
+ 1 10
+ 1 11
+ 1 13
+ 1 14
+ 1 15
+ 1 17
+ 1 18
+ 1 19
+ 1 20
+ 1 21
+ 1 22
+ 1 24
+ 1 25
+ 1 26
+ 1 27
+ 1 28
+ 1 30
+ 1 31
+ 1 32
+ 1 33
+ 1 34
+ 1 35
+ 1 36
+ 1 37
+ 1 38
+ 1 39
+ 1 40
+ 1 42
+ 1 43
+ 1 44
+ 1 45
+ 1 46
+ 1 47
+ 1 48
+ 1 49
+ 1 50
+ 1 51
+ 1 52
+ 1 53
+ 1 54
+ 1 55
+ 1 56
+ 1 57
+ 1 58
+ 1 59
+ 1 60
+ 1 61
+ 1 62
+ 1 63
+ 1 64
+ 1 65
+ 1 66
+ 1 67
+ 1 68
+ 1 69
+ 1 70
+ 1 71
+ 1 72
+ 1 73
+ 1 74
+ 1 75
+ 1 76
+ 1 77
+ 1 78
+ 1 79
+ 1 80
+ 1 81
+ 1 82
+ 1 83
+ 1 84
+ 1 85
+ 1 86
+ 1 87
+ 1 88
+ 1 89
+ 1 90
+ 1 91
+ 1 92
+ 1 93
+ 1 94
+ 1 95
+ 1 96
+ 1 97
+ 1 98
+ 1 99
x 2 1
x 3 2
x 4 3
x 5 4
x 6 5
x 7 6
x 8 7
x 9 8
x 10 9
x 11 10
x 12 11
x 13 12
x 14 13
x 15 14
x 16 15
x 17 16
x 18 17
x 19 18
x 20 19
x 21 20
x 22 21
x 23 22
x 24 23
x 25 24
x 26 25
x 27 26
x 28 27
x 29 28
x 30 29
x 31 30
x 32 31
x 33 32
x 34 33
x 35 34
x 36 35
x 37 36
x 38 37
x 39 38
x 40 39
x 41 40
x 42 41
x 43 42
x 44 43
x 45 44
x 46 45
x 47 46
x 48 47
x 49 48
x 50 49
x 51 50
x 52 51
x 53 52
x 54 53
x 55 54
x 56 55
x 57 56
x 58 57
x 59 58
x 60 59
x 61 60
x 62 61
x 63 62
x 64 63
x 65 64
x 66 65
x 67 66
x 68 67
x 69 68
x 70 69
x 71 70
x 72 71
x 73 72
x 74 73
x 75 74
x 76 75
x 77 76
x 78 77
x 79 78
x 80 79
x 81 80
x 82 81
x 83 82
x 84 83
x 85 84
x 86 85
x 87 86
x 88 87
x 89 88
x 90 89
x 91 90
x 92 91
x 93 92
x 94 93
x 95 94
x 96 95
x 97 96
x 98 97
x 99 98
x 100 99
Case #73: 200 194
o 1 100
+ 1 2
+ 1 3
+ 1 4
+ 1 6
+ 1 7
+ 1 8
+ 1 9
+ 1 10
+ 1 11
+ 1 12
+ 1 13
+ 1 14
+ 1 15
+ 1 16
+ 1 17
+ 1 18
+ 1 19
+ 1 20
+ 1 21
+ 1 22
+ 1 23
+ 1 24
+ 1 25
+ 1 26
+ 1 27
+ 1 28
+ 1 29
+ 1 30
+ 1 31
+ 1 32
+ 1 33
+ 1 34
+ 1 35
+ 1 36
+ 1 37
+ 1 38
+ 1 39
+ 1 40
+ 1 41
+ 1 42
+ 1 43
+ 1 44
+ 1 45
+ 1 46
+ 1 47
+ 1 48
+ 1 49
+ 1 51
+ 1 52
+ 1 53
+ 1 54
+ 1 55
+ 1 56
+ 1 57
+ 1 58
+ 1 59
+ 1 60
+ 1 61
+ 1 62
+ 1 63
+ 1 64
+ 1 65
+ 1 66
+ 1 67
+ 1 68
+ 1 69
+ 1 70
+ 1 71
+ 1 72
+ 1 73
+ 1 74
+ 1 75
+ 1 77
+ 1 78
+ 1 79
+ 1 80
+ 1 81
+ 1 82
+ 1 83
+ 1 84
+ 1 86
+ 1 87
+ 1 88
+ 1 89
+ 1 90
+ 1 91
+ 1 92
+ 1 93
+ 1 94
+ 1 95
+ 1 96
+ 1 97
+ 1 98
+ 1 99
x 2 1
x 3 2
x 4 3
x 5 4
x 6 5
x 7 6
x 8 7
x 9 8
x 10 9
x 11 10
x 12 11
x 13 12
x 14 13
x 15 14
x 16 15
x 17 16
x 18 17
x 19 18
x 20 19
x 21 20
x 22 21
x 23 22
x 24 23
x 25 24
x 26 25
x 27 26
x 28 27
x 29 28
x 30 29
x 31 30
x 32 31
x 33 32
x 34 33
x 35 34
x 36 35
x 37 36
x 38 37
x 39 38
x 40 39
x 41 40
x 42 41
x 43 42
x 44 43
x 45 44
x 46 45
x 47 46
x 48 47
x 49 48
x 50 49
x 51 50
x 52 51
x 53 52
x 54 53
x 55 54
x 56 55
x 57 56
x 58 57
x 59 58
x 60 59
x 61 60
x 62 61
x 63 62
x 64 63
x 65 64
x 66 65
x 67 66
x 68 67
x 69 68
x 70 69
x 71 70
x 72 71
x 73 72
x 74 73
x 75 74
x 76 75
x 77 76
x 78 77
x 79 78
x 80 79
x 81 80
x 82 81
x 83 82
x 84 83
x 85 84
x 86 85
x 87 86
x 88 87
x 89 88
x 90 89
x 91 90
x 92 91
x 93 92
x 94 93
x 95 94
x 96 95
x 97 96
x 98 97
x 99 98
x 100 99
Case #74: 200 198
o 1 58
+ 1 2
+ 1 3
+ 1 4
+ 1 5
+ 1 6
+ 1 7
+ 1 8
+ 1 9
+ 1 10
+ 1 11
+ 1 12
+ 1 13
+ 1 14
+ 1 15
+ 1 16
+ 1 17
+ 1 18
+ 1 19
+ 1 20
+ 1 21
+ 1 22
+ 1 23
+ 1 24
+ 1 25
+ 1 26
+ 1 27
+ 1 28
+ 1 29
+ 1 30
+ 1 31
+ 1 32
+ 1 33
+ 1 34
+ 1 35
+ 1 36
+ 1 37
+ 1 38
+ 1 39
+ 1 40
+ 1 41
+ 1 42
+ 1 43
+ 1 44
+ 1 45
+ 1 46
+ 1 47
+ 1 48
+ 1 49
+ 1 50
+ 1 51
+ 1 52
+ 1 53
+ 1 54
+ 1 55
+ 1 56
+ 1 57
+ 1 59
+ 1 60
+ 1 61
+ 1 62
+ 1 63
+ 1 64
+ 1 65
+ 1 66
+ 1 67
+ 1 68
+ 1 69
+ 1 70
+ 1 71
+ 1 72
+ 1 73
+ 1 74
+ 1 75
+ 1 76
+ 1 77
+ 1 78
+ 1 79
+ 1 80
+ 1 81
+ 1 82
+ 1 83
+ 1 84
+ 1 85
+ 1 86
+ 1 87
+ 1 88
+ 1 89
+ 1 90
+ 1 91
+ 1 92
+ 1 93
+ 1 94
+ 1 95
+ 1 96
+ 1 97
+ 1 98
+ 1 99
+ 1 100
x 2 59
x 3 60
x 4 61
x 5 62
x 6 63
x 7 64
x 8 65
x 9 66
x 10 67
x 11 68
x 12 69
x 13 70
x 14 71
x 15 72
x 16 73
x 17 74
x 18 75
x 19 76
x 20 77
x 21 78
x 22 79
x 23 80
x 24 81
x 25 82
x 26 83
x 27 84
x 28 85
x 29 86
x 30 87
x 31 88
x 32 89
x 33 90
x 34 91
x 35 92
x 36 93
x 37 94
x 38 95
x 39 96
x 40 97
x 41 98
x 42 99
x 43 100
x 44 1
x 45 2
x 46 3
x 47 4
x 48 5
x 49 6
x 50 7
x 51 8
x 52 9
x 53 10
x 54 11
x 55 12
x 56 13
x 57 14
x 58 15
x 59 16
x 60 17
x 61 18
x 62 19
x 63 20
x 64 21
x 65 22
x 66 23
x 67 24
x 68 25
x 69 26
x 70 27
x 71 28
x 72 29
x 73 30
x 74 31
x 75 32
x 76 33
x 77 34
x 78 35
x 79 36
x 80 37
x 81 38
x 82 39
x 83 40
x 84 41
x 85 42
x 86 43
x 87 44
x 88 45
x 89 46
x 90 47
x 91 48
x 92 49
x 93 50
x 94 51
x 95 52
x 96 53
x 97 54
x 98 55
x 99 56
x 100 57
Case #75: 188 186
+ 1 1
+ 1 2
+ 1 3
+ 1 4
+ 1 5
+ 1 6
+ 1 7
+ 1 8
+ 1 9
+ 1 10
+ 1 11
+ 1 12
+ 1 13
+ 1 14
+ 1 15
+ 1 16
+ 1 17
+ 1 18
+ 1 19
+ 1 20
+ 1 21
+ 1 22
+ 1 23
+ 1 24
+ 1 25
+ 1 26
+ 1 27
+ 1 28
+ 1 29
+ 1 30
+ 1 31
+ 1 32
+ 1 33
+ 1 34
+ 1 35
+ 1 37
+ 1 38
+ 1 39
+ 1 40
+ 1 41
+ 1 42
+ 1 43
+ 1 44
+ 1 45
+ 1 46
+ 1 47
+ 1 48
+ 1 49
+ 1 50
+ 1 51
+ 1 52
+ 1 53
+ 1 54
+ 1 55
+ 1 56
+ 1 57
+ 1 58
+ 1 59
+ 1 60
+ 1 61
+ 1 62
+ 1 63
+ 1 64
+ 1 65
+ 1 66
+ 1 67
+ 1 68
+ 1 69
+ 1 70
+ 1 71
+ 1 72
+ 1 73
+ 1 74
+ 1 75
+ 1 76
+ 1 77
+ 1 78
+ 1 79
+ 1 80
+ 1 81
+ 1 82
+ 1 83
+ 1 84
+ 1 85
+ 1 86
+ 1 87
+ 1 88
+ 1 89
+ 1 90
+ 1 91
+ 1 92
+ 1 93
+ 1 94
x 2 37
x 3 38
x 4 39
x 5 40
x 6 41
x 7 42
x 8 43
x 9 44
x 10 45
x 11 46
x 12 47
x 13 48
x 14 49
x 15 50
x 16 51
x 17 52
x 18 53
x 19 54
x 20 55
x 21 56
x 22 57
x 23 58
x 24 59
x 25 60
x 26 61
x 27 62
x 28 63
x 29 64
x 30 65
x 31 66
x 32 67
x 33 68
x 34 69
x 35 70
x 36 71
x 37 72
x 38 73
x 39 74
x 40 75
x 41 76
x 42 77
x 43 78
x 44 79
x 45 80
x 46 81
x 47 82
x 48 83
x 49 84
x 50 85
x 51 86
x 52 87
x 53 88
x 54 89
x 55 90
x 56 91
x 57 92
x 58 93
x 59 94
x 60 1
x 61 2
x 62 3
x 63 4
x 64 5
x 65 6
x 66 7
x 67 8
x 68 9
x 69 10
x 70 11
x 71 12
x 72 13
x 73 14
x 74 15
x 75 16
x 76 17
x 77 18
x 78 19
x 79 20
x 80 21
x 81 22
x 82 23
x 83 24
x 84 25
x 85 26
x 86 27
x 87 28
x 88 29
x 89 30
x 90 31
x 91 32
x 92 33
x 93 34
x 94 35
Case #76: 94 91
o 1 44
+ 1 1
+ 1 2
+ 1 3
+ 1 4
+ 1 5
+ 1 6
+ 1 7
+ 1 8
+ 1 9
+ 1 10
+ 1 12
+ 1 13
+ 1 14
+ 1 15
+ 1 16
+ 1 17
+ 1 18
+ 1 19
+ 1 20
+ 1 21
+ 1 22
+ 1 23
+ 1 24
+ 1 25
+ 1 26
+ 1 27
+ 1 29
+ 1 30
+ 1 31
+ 1 32
+ 1 33
+ 1 34
+ 1 35
+ 1 36
+ 1 37
+ 1 38
+ 1 39
+ 1 40
+ 1 41
+ 1 42
+ 1 43
+ 1 45
+ 1 46
+ 1 47
x 2 45
x 3 46
x 4 47
x 5 1
x 6 2
x 7 3
x 8 4
x 9 5
x 10 6
x 11 7
x 12 8
x 13 9
x 14 10
x 15 11
x 16 12
x 17 13
x 18 14
x 19 15
x 20 16
x 21 17
x 22 18
x 23 19
x 24 20
x 25 21
x 26 22
x 27 23
x 28 24
x 29 25
x 30 26
x 31 27
x 32 28
x 33 29
x 34 30
x 35 31
x 36 32
x 37 33
x 38 34
x 39 35
x 40 36
x 41 37
x 42 38
x 43 39
x 44 40
x 45 41
x 46 42
x 47 43
Case #77: 200 199
o 1 51
+ 1 1
+ 1 2
+ 1 3
+ 1 4
+ 1 5
+ 1 6
+ 1 7
+ 1 8
+ 1 9
+ 1 10
+ 1 11
+ 1 12
+ 1 13
+ 1 14
+ 1 15
+ 1 16
+ 1 17
+ 1 18
+ 1 19
+ 1 20
+ 1 21
+ 1 22
+ 1 23
+ 1 24
+ 1 25
+ 1 26
+ 1 27
+ 1 28
+ 1 29
+ 1 30
+ 1 31
+ 1 32
+ 1 33
+ 1 34
+ 1 35
+ 1 36
+ 1 37
+ 1 38
+ 1 39
+ 1 40
+ 1 41
+ 1 42
+ 1 43
+ 1 44
+ 1 45
+ 1 46
+ 1 47
+ 1 48
+ 1 49
+ 1 50
+ 1 52
+ 1 53
+ 1 54
+ 1 55
+ 1 56
+ 1 57
+ 1 58
+ 1 59
+ 1 60
+ 1 61
+ 1 62
+ 1 63
+ 1 64
+ 1 65
+ 1 66
+ 1 67
+ 1 68
+ 1 69
+ 1 70
+ 1 71
+ 1 72
+ 1 73
+ 1 74
+ 1 75
+ 1 76
+ 1 77
+ 1 78
+ 1 79
+ 1 80
+ 1 81
+ 1 82
+ 1 83
+ 1 84
+ 1 85
+ 1 86
+ 1 87
+ 1 88
+ 1 89
+ 1 90
+ 1 91
+ 1 92
+ 1 93
+ 1 94
+ 1 95
+ 1 96
+ 1 97
+ 1 98
+ 1 99
+ 1 100
x 2 52
x 3 53
x 4 54
x 5 55
x 6 56
x 7 57
x 8 58
x 9 59
x 10 60
x 11 61
x 12 62
x 13 63
x 14 64
x 15 65
x 16 66
x 17 67
x 18 68
x 19 69
x 20 70
x 21 71
x 22 72
x 23 73
x 24 74
x 25 75
x 26 76
x 27 77
x 28 78
x 29 79
x 30 80
x 31 81
x 32 82
x 33 83
x 34 84
x 35 85
x 36 86
x 37 87
x 38 88
x 39 89
x 40 90
x 41 91
x 42 92
x 43 93
x 44 94
x 45 95
x 46 96
x 47 97
x 48 98
x 49 99
x 50 100
x 51 1
x 52 2
x 53 3
x 54 4
x 55 5
x 56 6
x 57 7
x 58 8
x 59 9
x 60 10
x 61 11
x 62 12
x 63 13
x 64 14
x 65 15
x 66 16
x 67 17
x 68 18
x 69 19
x 70 20
x 71 21
x 72 22
x 73 23
x 74 24
x 75 25
x 76 26
x 77 27
x 78 28
x 79 29
x 80 30
x 81 31
x 82 32
x 83 33
x 84 34
x 85 35
x 86 36
x 87 37
x 88 38
x 89 39
x 90 40
x 91 41
x 92 42
x 93 43
x 94 44
x 95 45
x 96 46
x 97 47
x 98 48
x 99 49
x 100 50
Case #78: 200 194
o 1 100
+ 1 2
+ 1 3
+ 1 4
+ 1 5
+ 1 6
+ 1 9
+ 1 11
+ 1 12
+ 1 13
+ 1 14
+ 1 15
+ 1 16
+ 1 17
+ 1 18
+ 1 19
+ 1 20
+ 1 21
+ 1 22
+ 1 23
+ 1 24
+ 1 25
+ 1 26
+ 1 27
+ 1 28
+ 1 29
+ 1 30
+ 1 31
+ 1 32
+ 1 33
+ 1 34
+ 1 35
+ 1 36
+ 1 37
+ 1 38
+ 1 39
+ 1 40
+ 1 41
+ 1 42
+ 1 43
+ 1 44
+ 1 45
+ 1 46
+ 1 47
+ 1 48
+ 1 49
+ 1 50
+ 1 51
+ 1 52
+ 1 53
+ 1 54
+ 1 55
+ 1 56
+ 1 57
+ 1 58
+ 1 59
+ 1 60
+ 1 61
+ 1 62
+ 1 63
+ 1 64
+ 1 65
+ 1 66
+ 1 67
+ 1 68
+ 1 69
+ 1 70
+ 1 71
+ 1 72
+ 1 73
+ 1 74
+ 1 75
+ 1 76
+ 1 77
+ 1 78
+ 1 79
+ 1 80
+ 1 81
+ 1 82
+ 1 83
+ 1 85
+ 1 86
+ 1 87
+ 1 88
+ 1 89
+ 1 90
+ 1 91
+ 1 92
+ 1 93
+ 1 94
+ 1 95
+ 1 96
+ 1 97
+ 1 98
+ 1 99
x 2 1
x 3 2
x 4 3
x 5 4
x 6 5
x 7 6
x 8 7
x 9 8
x 10 9
x 11 10
x 12 11
x 13 12
x 14 13
x 15 14
x 16 15
x 17 16
x 18 17
x 19 18
x 20 19
x 21 20
x 22 21
x 23 22
x 24 23
x 25 24
x 26 25
x 27 26
x 28 27
x 29 28
x 30 29
x 31 30
x 32 31
x 33 32
x 34 33
x 35 34
x 36 35
x 37 36
x 38 37
x 39 38
x 40 39
x 41 40
x 42 41
x 43 42
x 44 43
x 45 44
x 46 45
x 47 46
x 48 47
x 49 48
x 50 49
x 51 50
x 52 51
x 53 52
x 54 53
x 55 54
x 56 55
x 57 56
x 58 57
x 59 58
x 60 59
x 61 60
x 62 61
x 63 62
x 64 63
x 65 64
x 66 65
x 67 66
x 68 67
x 69 68
x 70 69
x 71 70
x 72 71
x 73 72
x 74 73
x 75 74
x 76 75
x 77 76
x 78 77
x 79 78
x 80 79
x 81 80
x 82 81
x 83 82
x 84 83
x 85 84
x 86 85
x 87 86
x 88 87
x 89 88
x 90 89
x 91 90
x 92 91
x 93 92
x 94 93
x 95 94
x 96 95
x 97 96
x 98 97
x 99 98
x 100 99
Case #79: 10 9
o 1 2
+ 1 1
+ 1 3
+ 1 4
+ 1 5
x 2 3
x 3 4
x 4 5
x 5 1
Case #80: 186 181
+ 1 1
+ 1 2
+ 1 3
+ 1 4
+ 1 5
+ 1 6
+ 1 7
+ 1 8
+ 1 9
+ 1 10
+ 1 11
+ 1 12
+ 1 13
+ 1 14
+ 1 16
+ 1 17
+ 1 18
+ 1 19
+ 1 20
+ 1 21
+ 1 22
+ 1 23
+ 1 24
+ 1 25
+ 1 26
+ 1 27
+ 1 29
+ 1 30
+ 1 31
+ 1 33
+ 1 34
+ 1 35
+ 1 36
+ 1 37
+ 1 38
+ 1 39
+ 1 40
+ 1 41
+ 1 42
+ 1 43
+ 1 44
+ 1 45
+ 1 46
+ 1 47
+ 1 48
+ 1 49
+ 1 50
+ 1 51
+ 1 52
+ 1 53
+ 1 54
+ 1 55
+ 1 56
+ 1 57
+ 1 58
+ 1 59
+ 1 60
+ 1 61
+ 1 62
+ 1 63
+ 1 64
+ 1 65
+ 1 66
+ 1 67
+ 1 68
+ 1 69
+ 1 70
+ 1 71
+ 1 72
+ 1 73
+ 1 74
+ 1 75
+ 1 76
+ 1 77
+ 1 78
+ 1 79
+ 1 81
+ 1 82
+ 1 83
+ 1 84
+ 1 85
+ 1 86
+ 1 87
+ 1 88
+ 1 89
+ 1 90
+ 1 91
+ 1 92
+ 1 93
x 2 81
x 3 82
x 4 83
x 5 84
x 6 85
x 7 86
x 8 87
x 9 88
x 10 89
x 11 90
x 12 91
x 13 92
x 14 93
x 15 1
x 16 2
x 17 3
x 18 4
x 19 5
x 20 6
x 21 7
x 22 8
x 23 9
x 24 10
x 25 11
x 26 12
x 27 13
x 28 14
x 29 15
x 30 16
x 31 17
x 32 18
x 33 19
x 34 20
x 35 21
x 36 22
x 37 23
x 38 24
x 39 25
x 40 26
x 41 27
x 42 28
x 43 29
x 44 30
x 45 31
x 46 32
x 47 33
x 48 34
x 49 35
x 50 36
x 51 37
x 52 38
x 53 39
x 54 40
x 55 41
x 56 42
x 57 43
x 58 44
x 59 45
x 60 46
x 61 47
x 62 48
x 63 49
x 64 50
x 65 51
x 66 52
x 67 53
x 68 54
x 69 55
x 70 56
x 71 57
x 72 58
x 73 59
x 74 60
x 75 61
x 76 62
x 77 63
x 78 64
x 79 65
x 80 66
x 81 67
x 82 68
x 83 69
x 84 70
x 85 71
x 86 72
x 87 73
x 88 74
x 89 75
x 90 76
x 91 77
x 92 78
x 93 79
Case #81: 84 79
+ 1 1
+ 1 2
+ 1 4
+ 1 5
+ 1 6
+ 1 7
+ 1 8
+ 1 9
+ 1 10
+ 1 11
+ 1 12
+ 1 13
+ 1 14
+ 1 15
+ 1 16
+ 1 18
+ 1 20
+ 1 21
+ 1 22
+ 1 23
+ 1 24
+ 1 25
+ 1 26
+ 1 27
+ 1 28
+ 1 29
+ 1 30
+ 1 31
+ 1 33
+ 1 34
+ 1 35
+ 1 36
+ 1 37
+ 1 38
+ 1 39
+ 1 40
+ 1 41
+ 1 42
x 2 33
x 3 34
x 4 35
x 5 36
x 6 37
x 7 38
x 8 39
x 9 40
x 10 41
x 11 42
x 12 1
x 13 2
x 14 3
x 15 4
x 16 5
x 17 6
x 18 7
x 19 8
x 20 9
x 21 10
x 22 11
x 23 12
x 24 13
x 25 14
x 26 15
x 27 16
x 28 17
x 29 18
x 30 19
x 31 20
x 32 21
x 33 22
x 34 23
x 35 24
x 36 25
x 37 26
x 38 27
x 39 28
x 40 29
x 41 30
x 42 31
Case #82: 200 198
o 1 22
+ 1 2
+ 1 3
+ 1 4
+ 1 5
+ 1 6
+ 1 7
+ 1 8
+ 1 9
+ 1 10
+ 1 11
+ 1 12
+ 1 13
+ 1 14
+ 1 15
+ 1 16
+ 1 17
+ 1 18
+ 1 19
+ 1 20
+ 1 21
+ 1 23
+ 1 24
+ 1 25
+ 1 26
+ 1 27
+ 1 28
+ 1 29
+ 1 30
+ 1 31
+ 1 32
+ 1 33
+ 1 34
+ 1 35
+ 1 36
+ 1 37
+ 1 38
+ 1 39
+ 1 40
+ 1 41
+ 1 42
+ 1 43
+ 1 44
+ 1 45
+ 1 46
+ 1 47
+ 1 48
+ 1 49
+ 1 50
+ 1 51
+ 1 52
+ 1 53
+ 1 54
+ 1 55
+ 1 56
+ 1 57
+ 1 58
+ 1 59
+ 1 60
+ 1 61
+ 1 62
+ 1 63
+ 1 64
+ 1 65
+ 1 66
+ 1 67
+ 1 68
+ 1 69
+ 1 70
+ 1 71
+ 1 72
+ 1 73
+ 1 74
+ 1 75
+ 1 76
+ 1 77
+ 1 78
+ 1 79
+ 1 80
+ 1 81
+ 1 82
+ 1 83
+ 1 84
+ 1 85
+ 1 86
+ 1 87
+ 1 88
+ 1 89
+ 1 90
+ 1 91
+ 1 92
+ 1 93
+ 1 94
+ 1 95
+ 1 96
+ 1 97
+ 1 98
+ 1 99
+ 1 100
x 2 23
x 3 24
x 4 25
x 5 26
x 6 27
x 7 28
x 8 29
x 9 30
x 10 31
x 11 32
x 12 33
x 13 34
x 14 35
x 15 36
x 16 37
x 17 38
x 18 39
x 19 40
x 20 41
x 21 42
x 22 43
x 23 44
x 24 45
x 25 46
x 26 47
x 27 48
x 28 49
x 29 50
x 30 51
x 31 52
x 32 53
x 33 54
x 34 55
x 35 56
x 36 57
x 37 58
x 38 59
x 39 60
x 40 61
x 41 62
x 42 63
x 43 64
x 44 65
x 45 66
x 46 67
x 47 68
x 48 69
x 49 70
x 50 71
x 51 72
x 52 73
x 53 74
x 54 75
x 55 76
x 56 77
x 57 78
x 58 79
x 59 80
x 60 81
x 61 82
x 62 83
x 63 84
x 64 85
x 65 86
x 66 87
x 67 88
x 68 89
x 69 90
x 70 91
x 71 92
x 72 93
x 73 94
x 74 95
x 75 96
x 76 97
x 77 98
x 78 99
x 79 100
x 80 1
x 81 2
x 82 3
x 83 4
x 84 5
x 85 6
x 86 7
x 87 8
x 88 9
x 89 10
x 90 11
x 91 12
x 92 13
x 93 14
x 94 15
x 95 16
x 96 17
x 97 18
x 98 19
x 99 20
x 100 21
Case #83: 28 26
o 1 7
+ 1 1
+ 1 2
+ 1 3
+ 1 5
+ 1 6
+ 1 8
+ 1 9
+ 1 10
+ 1 11
+ 1 12
+ 1 13
+ 1 14
x 2 8
x 3 9
x 4 10
x 5 11
x 6 12
x 7 13
x 8 14
x 9 1
x 10 2
x 11 3
x 12 4
x 13 5
x 14 6
Case #84: 70 66
+ 1 1
+ 1 2
+ 1 3
+ 1 4
+ 1 5
+ 1 6
+ 1 7
+ 1 8
+ 1 9
+ 1 10
+ 1 11
+ 1 12
+ 1 13
+ 1 14
+ 1 15
+ 1 17
+ 1 18
+ 1 20
+ 1 22
+ 1 23
+ 1 24
+ 1 25
+ 1 26
+ 1 27
+ 1 28
+ 1 29
+ 1 30
+ 1 31
+ 1 32
+ 1 33
+ 1 34
+ 1 35
x 2 20
x 3 21
x 4 22
x 5 23
x 6 24
x 7 25
x 8 26
x 9 27
x 10 28
x 11 29
x 12 30
x 13 31
x 14 32
x 15 33
x 16 34
x 17 35
x 18 1
x 19 2
x 20 3
x 21 4
x 22 5
x 23 6
x 24 7
x 25 8
x 26 9
x 27 10
x 28 11
x 29 12
x 30 13
x 31 14
x 32 15
x 33 16
x 34 17
x 35 18
Case #85: 200 100
o 1 2
x 2 3
x 3 4
x 4 5
x 5 6
x 6 7
x 7 8
x 8 9
x 9 10
x 10 11
x 11 12
x 12 13
x 13 14
x 14 15
x 15 16
x 16 17
x 17 18
x 18 19
x 19 20
x 20 21
x 21 22
x 22 23
x 23 24
x 24 25
x 25 26
x 26 27
x 27 28
x 28 29
x 29 30
x 30 31
x 31 32
x 32 33
x 33 34
x 34 35
x 35 36
x 36 37
x 37 38
x 38 39
x 39 40
x 40 41
x 41 42
x 42 43
x 43 44
x 44 45
x 45 46
x 46 47
x 47 48
x 48 49
x 49 50
x 50 51
x 51 52
x 52 53
x 53 54
x 54 55
x 55 56
x 56 57
x 57 58
x 58 59
x 59 60
x 60 61
x 61 62
x 62 63
x 63 64
x 64 65
x 65 66
x 66 67
x 67 68
x 68 69
x 69 70
x 70 71
x 71 72
x 72 73
x 73 74
x 74 75
x 75 76
x 76 77
x 77 78
x 78 79
x 79 80
x 80 81
x 81 82
x 82 83
x 83 84
x 84 85
x 85 86
x 86 87
x 87 88
x 88 89
x 89 90
x 90 91
x 91 92
x 92 93
x 93 94
x 94 95
x 95 96
x 96 97
x 97 98
x 98 99
x 99 100
x 100 1
Case #86: 200 99
x 2 28
x 3 29
x 4 30
x 5 31
x 6 32
x 7 33
x 8 34
x 9 35
x 10 36
x 11 37
x 12 38
x 13 39
x 14 40
x 15 41
x 16 42
x 17 43
x 18 44
x 19 45
x 20 46
x 21 47
x 22 48
x 23 49
x 24 50
x 25 51
x 26 52
x 27 53
x 28 54
x 29 55
x 30 56
x 31 57
x 32 58
x 33 59
x 34 60
x 35 61
x 36 62
x 37 63
x 38 64
x 39 65
x 40 66
x 41 67
x 42 68
x 43 69
x 44 70
x 45 71
x 46 72
x 47 73
x 48 74
x 49 75
x 50 76
x 51 77
x 52 78
x 53 79
x 54 80
x 55 81
x 56 82
x 57 83
x 58 84
x 59 85
x 60 86
x 61 87
x 62 88
x 63 89
x 64 90
x 65 91
x 66 92
x 67 93
x 68 94
x 69 95
x 70 96
x 71 97
x 72 98
x 73 99
x 74 100
x 75 1
x 76 2
x 77 3
x 78 4
x 79 5
x 80 6
x 81 7
x 82 8
x 83 9
x 84 10
x 85 11
x 86 12
x 87 13
x 88 14
x 89 15
x 90 16
x 91 17
x 92 18
x 93 19
x 94 20
x 95 21
x 96 22
x 97 23
x 98 24
x 99 25
x 100 26
Case #87: 200 194
o 1 55
+ 1 2
+ 1 4
+ 1 5
+ 1 6
+ 1 7
+ 1 8
+ 1 9
+ 1 10
+ 1 11
+ 1 12
+ 1 13
+ 1 14
+ 1 15
+ 1 16
+ 1 17
+ 1 18
+ 1 20
+ 1 21
+ 1 23
+ 1 24
+ 1 25
+ 1 26
+ 1 27
+ 1 28
+ 1 29
+ 1 30
+ 1 31
+ 1 32
+ 1 33
+ 1 34
+ 1 35
+ 1 36
+ 1 37
+ 1 38
+ 1 39
+ 1 40
+ 1 41
+ 1 42
+ 1 43
+ 1 44
+ 1 45
+ 1 46
+ 1 47
+ 1 48
+ 1 49
+ 1 50
+ 1 51
+ 1 52
+ 1 53
+ 1 54
+ 1 57
+ 1 58
+ 1 59
+ 1 60
+ 1 61
+ 1 62
+ 1 63
+ 1 64
+ 1 65
+ 1 66
+ 1 67
+ 1 68
+ 1 69
+ 1 70
+ 1 71
+ 1 72
+ 1 73
+ 1 74
+ 1 75
+ 1 76
+ 1 77
+ 1 78
+ 1 79
+ 1 80
+ 1 81
+ 1 82
+ 1 83
+ 1 84
+ 1 85
+ 1 86
+ 1 87
+ 1 88
+ 1 89
+ 1 90
+ 1 91
+ 1 92
+ 1 93
+ 1 94
+ 1 95
+ 1 96
+ 1 97
+ 1 98
+ 1 99
+ 1 100
x 2 56
x 3 57
x 4 58
x 5 59
x 6 60
x 7 61
x 8 62
x 9 63
x 10 64
x 11 65
x 12 66
x 13 67
x 14 68
x 15 69
x 16 70
x 17 71
x 18 72
x 19 73
x 20 74
x 21 75
x 22 76
x 23 77
x 24 78
x 25 79
x 26 80
x 27 81
x 28 82
x 29 83
x 30 84
x 31 85
x 32 86
x 33 87
x 34 88
x 35 89
x 36 90
x 37 91
x 38 92
x 39 93
x 40 94
x 41 95
x 42 96
x 43 97
x 44 98
x 45 99
x 46 100
x 47 1
x 48 2
x 49 3
x 50 4
x 51 5
x 52 6
x 53 7
x 54 8
x 55 9
x 56 10
x 57 11
x 58 12
x 59 13
x 60 14
x 61 15
x 62 16
x 63 17
x 64 18
x 65 19
x 66 20
x 67 21
x 68 22
x 69 23
x 70 24
x 71 25
x 72 26
x 73 27
x 74 28
x 75 29
x 76 30
x 77 31
x 78 32
x 79 33
x 80 34
x 81 35
x 82 36
x 83 37
x 84 38
x 85 39
x 86 40
x 87 41
x 88 42
x 89 43
x 90 44
x 91 45
x 92 46
x 93 47
x 94 48
x 95 49
x 96 50
x 97 51
x 98 52
x 99 53
x 100 54
Case #88: 110 107
o 1 17
+ 1 1
+ 1 2
+ 1 3
+ 1 4
+ 1 5
+ 1 6
+ 1 7
+ 1 8
+ 1 9
+ 1 10
+ 1 11
+ 1 12
+ 1 13
+ 1 14
+ 1 15
+ 1 16
+ 1 18
+ 1 19
+ 1 20
+ 1 21
+ 1 22
+ 1 23
+ 1 24
+ 1 25
+ 1 26
+ 1 27
+ 1 28
+ 1 29
+ 1 30
+ 1 31
+ 1 32
+ 1 33
+ 1 35
+ 1 36
+ 1 37
+ 1 38
+ 1 39
+ 1 40
+ 1 41
+ 1 42
+ 1 43
+ 1 44
+ 1 45
+ 1 46
+ 1 47
+ 1 48
+ 1 49
+ 1 50
+ 1 52
+ 1 53
+ 1 54
+ 1 55
x 2 18
x 3 19
x 4 20
x 5 21
x 6 22
x 7 23
x 8 24
x 9 25
x 10 26
x 11 27
x 12 28
x 13 29
x 14 30
x 15 31
x 16 32
x 17 33
x 18 34
x 19 35
x 20 36
x 21 37
x 22 38
x 23 39
x 24 40
x 25 41
x 26 42
x 27 43
x 28 44
x 29 45
x 30 46
x 31 47
x 32 48
x 33 49
x 34 50
x 35 51
x 36 52
x 37 53
x 38 54
x 39 55
x 40 1
x 41 2
x 42 3
x 43 4
x 44 5
x 45 6
x 46 7
x 47 8
x 48 9
x 49 10
x 50 11
x 51 12
x 52 13
x 53 14
x 54 15
x 55 16
Case #89: 200 197
o 1 100
+ 1 2
+ 1 3
+ 1 4
+ 1 5
+ 1 6
+ 1 7
+ 1 8
+ 1 10
+ 1 11
+ 1 12
+ 1 13
+ 1 14
+ 1 15
+ 1 16
+ 1 17
+ 1 18
+ 1 19
+ 1 20
+ 1 21
+ 1 22
+ 1 23
+ 1 24
+ 1 25
+ 1 26
+ 1 27
+ 1 28
+ 1 29
+ 1 30
+ 1 31
+ 1 32
+ 1 33
+ 1 34
+ 1 35
+ 1 36
+ 1 37
+ 1 38
+ 1 39
+ 1 40
+ 1 41
+ 1 42
+ 1 43
+ 1 44
+ 1 45
+ 1 46
+ 1 47
+ 1 48
+ 1 49
+ 1 50
+ 1 51
+ 1 52
+ 1 53
+ 1 54
+ 1 55
+ 1 56
+ 1 57
+ 1 58
+ 1 59
+ 1 60
+ 1 61
+ 1 62
+ 1 63
+ 1 64
+ 1 65
+ 1 66
+ 1 67
+ 1 68
+ 1 69
+ 1 70
+ 1 71
+ 1 72
+ 1 73
+ 1 74
+ 1 75
+ 1 76
+ 1 77
+ 1 78
+ 1 79
+ 1 80
+ 1 81
+ 1 82
+ 1 83
+ 1 84
+ 1 85
+ 1 86
+ 1 87
+ 1 88
+ 1 89
+ 1 90
+ 1 91
+ 1 92
+ 1 93
+ 1 94
+ 1 95
+ 1 96
+ 1 97
+ 1 98
+ 1 99
x 2 1
x 3 2
x 4 3
x 5 4
x 6 5
x 7 6
x 8 7
x 9 8
x 10 9
x 11 10
x 12 11
x 13 12
x 14 13
x 15 14
x 16 15
x 17 16
x 18 17
x 19 18
x 20 19
x 21 20
x 22 21
x 23 22
x 24 23
x 25 24
x 26 25
x 27 26
x 28 27
x 29 28
x 30 29
x 31 30
x 32 31
x 33 32
x 34 33
x 35 34
x 36 35
x 37 36
x 38 37
x 39 38
x 40 39
x 41 40
x 42 41
x 43 42
x 44 43
x 45 44
x 46 45
x 47 46
x 48 47
x 49 48
x 50 49
x 51 50
x 52 51
x 53 52
x 54 53
x 55 54
x 56 55
x 57 56
x 58 57
x 59 58
x 60 59
x 61 60
x 62 61
x 63 62
x 64 63
x 65 64
x 66 65
x 67 66
x 68 67
x 69 68
x 70 69
x 71 70
x 72 71
x 73 72
x 74 73
x 75 74
x 76 75
x 77 76
x 78 77
x 79 78
x 80 79
x 81 80
x 82 81
x 83 82
x 84 83
x 85 84
x 86 85
x 87 86
x 88 87
x 89 88
x 90 89
x 91 90
x 92 91
x 93 92
x 94 93
x 95 94
x 96 95
x 97 96
x 98 97
x 99 98
x 100 99
Case #90: 200 199
o 1 100
+ 1 1
+ 1 2
+ 1 3
+ 1 4
+ 1 5
+ 1 6
+ 1 7
+ 1 8
+ 1 9
+ 1 10
+ 1 11
+ 1 12
+ 1 13
+ 1 14
+ 1 15
+ 1 16
+ 1 17
+ 1 18
+ 1 19
+ 1 20
+ 1 21
+ 1 22
+ 1 23
+ 1 24
+ 1 25
+ 1 26
+ 1 27
+ 1 28
+ 1 29
+ 1 30
+ 1 31
+ 1 32
+ 1 33
+ 1 34
+ 1 35
+ 1 36
+ 1 37
+ 1 38
+ 1 39
+ 1 40
+ 1 41
+ 1 42
+ 1 43
+ 1 44
+ 1 45
+ 1 46
+ 1 47
+ 1 48
+ 1 49
+ 1 50
+ 1 51
+ 1 52
+ 1 53
+ 1 54
+ 1 55
+ 1 56
+ 1 57
+ 1 58
+ 1 59
+ 1 60
+ 1 61
+ 1 62
+ 1 63
+ 1 64
+ 1 65
+ 1 66
+ 1 67
+ 1 68
+ 1 69
+ 1 70
+ 1 71
+ 1 72
+ 1 73
+ 1 74
+ 1 75
+ 1 76
+ 1 77
+ 1 78
+ 1 79
+ 1 80
+ 1 81
+ 1 82
+ 1 83
+ 1 84
+ 1 85
+ 1 86
+ 1 87
+ 1 88
+ 1 89
+ 1 90
+ 1 91
+ 1 92
+ 1 93
+ 1 94
+ 1 95
+ 1 96
+ 1 97
+ 1 98
+ 1 99
x 2 1
x 3 2
x 4 3
x 5 4
x 6 5
x 7 6
x 8 7
x 9 8
x 10 9
x 11 10
x 12 11
x 13 12
x 14 13
x 15 14
x 16 15
x 17 16
x 18 17
x 19 18
x 20 19
x 21 20
x 22 21
x 23 22
x 24 23
x 25 24
x 26 25
x 27 26
x 28 27
x 29 28
x 30 29
x 31 30
x 32 31
x 33 32
x 34 33
x 35 34
x 36 35
x 37 36
x 38 37
x 39 38
x 40 39
x 41 40
x 42 41
x 43 42
x 44 43
x 45 44
x 46 45
x 47 46
x 48 47
x 49 48
x 50 49
x 51 50
x 52 51
x 53 52
x 54 53
x 55 54
x 56 55
x 57 56
x 58 57
x 59 58
x 60 59
x 61 60
x 62 61
x 63 62
x 64 63
x 65 64
x 66 65
x 67 66
x 68 67
x 69 68
x 70 69
x 71 70
x 72 71
x 73 72
x 74 73
x 75 74
x 76 75
x 77 76
x 78 77
x 79 78
x 80 79
x 81 80
x 82 81
x 83 82
x 84 83
x 85 84
x 86 85
x 87 86
x 88 87
x 89 88
x 90 89
x 91 90
x 92 91
x 93 92
x 94 93
x 95 94
x 96 95
x 97 96
x 98 97
x 99 98
x 100 99
Case #91: 200 195
o 1 100
+ 1 2
+ 1 3
+ 1 4
+ 1 5
+ 1 6
+ 1 7
+ 1 8
+ 1 9
+ 1 10
+ 1 11
+ 1 12
+ 1 13
+ 1 15
+ 1 16
+ 1 17
+ 1 18
+ 1 19
+ 1 20
+ 1 21
+ 1 22
+ 1 23
+ 1 24
+ 1 25
+ 1 26
+ 1 27
+ 1 28
+ 1 29
+ 1 30
+ 1 31
+ 1 32
+ 1 33
+ 1 34
+ 1 35
+ 1 36
+ 1 37
+ 1 38
+ 1 40
+ 1 41
+ 1 42
+ 1 43
+ 1 44
+ 1 45
+ 1 46
+ 1 47
+ 1 48
+ 1 49
+ 1 50
+ 1 51
+ 1 52
+ 1 53
+ 1 54
+ 1 55
+ 1 56
+ 1 57
+ 1 58
+ 1 59
+ 1 60
+ 1 61
+ 1 62
+ 1 63
+ 1 64
+ 1 65
+ 1 66
+ 1 67
+ 1 68
+ 1 69
+ 1 70
+ 1 71
+ 1 72
+ 1 73
+ 1 74
+ 1 75
+ 1 76
+ 1 77
+ 1 78
+ 1 79
+ 1 80
+ 1 81
+ 1 82
+ 1 84
+ 1 85
+ 1 86
+ 1 87
+ 1 88
+ 1 89
+ 1 90
+ 1 91
+ 1 92
+ 1 93
+ 1 94
+ 1 95
+ 1 96
+ 1 97
+ 1 98
+ 1 99
x 2 1
x 3 2
x 4 3
x 5 4
x 6 5
x 7 6
x 8 7
x 9 8
x 10 9
x 11 10
x 12 11
x 13 12
x 14 13
x 15 14
x 16 15
x 17 16
x 18 17
x 19 18
x 20 19
x 21 20
x 22 21
x 23 22
x 24 23
x 25 24
x 26 25
x 27 26
x 28 27
x 29 28
x 30 29
x 31 30
x 32 31
x 33 32
x 34 33
x 35 34
x 36 35
x 37 36
x 38 37
x 39 38
x 40 39
x 41 40
x 42 41
x 43 42
x 44 43
x 45 44
x 46 45
x 47 46
x 48 47
x 49 48
x 50 49
x 51 50
x 52 51
x 53 52
x 54 53
x 55 54
x 56 55
x 57 56
x 58 57
x 59 58
x 60 59
x 61 60
x 62 61
x 63 62
x 64 63
x 65 64
x 66 65
x 67 66
x 68 67
x 69 68
x 70 69
x 71 70
x 72 71
x 73 72
x 74 73
x 75 74
x 76 75
x 77 76
x 78 77
x 79 78
x 80 79
x 81 80
x 82 81
x 83 82
x 84 83
x 85 84
x 86 85
x 87 86
x 88 87
x 89 88
x 90 89
x 91 90
x 92 91
x 93 92
x 94 93
x 95 94
x 96 95
x 97 96
x 98 97
x 99 98
x 100 99
Case #92: 142 139
+ 1 1
+ 1 2
+ 1 3
+ 1 4
+ 1 5
+ 1 6
+ 1 7
+ 1 8
+ 1 9
+ 1 10
+ 1 11
+ 1 12
+ 1 13
+ 1 14
+ 1 15
+ 1 16
+ 1 17
+ 1 18
+ 1 19
+ 1 20
+ 1 21
+ 1 22
+ 1 23
+ 1 24
+ 1 25
+ 1 26
+ 1 27
+ 1 28
+ 1 29
+ 1 30
+ 1 31
+ 1 32
+ 1 33
+ 1 35
+ 1 36
+ 1 37
+ 1 38
+ 1 39
+ 1 40
+ 1 41
+ 1 42
+ 1 43
+ 1 44
+ 1 45
+ 1 47
+ 1 48
+ 1 49
+ 1 50
+ 1 51
+ 1 52
+ 1 53
+ 1 54
+ 1 55
+ 1 56
+ 1 57
+ 1 58
+ 1 59
+ 1 60
+ 1 61
+ 1 62
+ 1 63
+ 1 64
+ 1 65
+ 1 66
+ 1 67
+ 1 68
+ 1 69
+ 1 70
+ 1 71
x 2 35
x 3 36
x 4 37
x 5 38
x 6 39
x 7 40
x 8 41
x 9 42
x 10 43
x 11 44
x 12 45
x 13 46
x 14 47
x 15 48
x 16 49
x 17 50
x 18 51
x 19 52
x 20 53
x 21 54
x 22 55
x 23 56
x 24 57
x 25 58
x 26 59
x 27 60
x 28 61
x 29 62
x 30 63
x 31 64
x 32 65
x 33 66
x 34 67
x 35 68
x 36 69
x 37 70
x 38 71
x 39 1
x 40 2
x 41 3
x 42 4
x 43 5
x 44 6
x 45 7
x 46 8
x 47 9
x 48 10
x 49 11
x 50 12
x 51 13
x 52 14
x 53 15
x 54 16
x 55 17
x 56 18
x 57 19
x 58 20
x 59 21
x 60 22
x 61 23
x 62 24
x 63 25
x 64 26
x 65 27
x 66 28
x 67 29
x 68 30
x 69 31
x 70 32
x 71 33
Case #93: 200 195
o 1 100
+ 1 3
+ 1 4
+ 1 5
+ 1 6
+ 1 7
+ 1 8
+ 1 9
+ 1 10
+ 1 11
+ 1 12
+ 1 13
+ 1 14
+ 1 15
+ 1 16
+ 1 17
+ 1 18
+ 1 19
+ 1 20
+ 1 21
+ 1 22
+ 1 23
+ 1 24
+ 1 25
+ 1 26
+ 1 27
+ 1 28
+ 1 29
+ 1 30
+ 1 31
+ 1 32
+ 1 33
+ 1 34
+ 1 35
+ 1 36
+ 1 37
+ 1 38
+ 1 39
+ 1 40
+ 1 41
+ 1 42
+ 1 43
+ 1 44
+ 1 45
+ 1 47
+ 1 48
+ 1 49
+ 1 50
+ 1 51
+ 1 52
+ 1 54
+ 1 55
+ 1 56
+ 1 57
+ 1 58
+ 1 59
+ 1 60
+ 1 61
+ 1 62
+ 1 63
+ 1 64
+ 1 65
+ 1 66
+ 1 67
+ 1 68
+ 1 69
+ 1 70
+ 1 71
+ 1 72
+ 1 73
+ 1 74
+ 1 75
+ 1 76
+ 1 77
+ 1 78
+ 1 79
+ 1 80
+ 1 81
+ 1 82
+ 1 83
+ 1 84
+ 1 85
+ 1 86
+ 1 87
+ 1 88
+ 1 89
+ 1 90
+ 1 91
+ 1 92
+ 1 93
+ 1 94
+ 1 95
+ 1 96
+ 1 97
+ 1 98
+ 1 99
x 2 1
x 3 2
x 4 3
x 5 4
x 6 5
x 7 6
x 8 7
x 9 8
x 10 9
x 11 10
x 12 11
x 13 12
x 14 13
x 15 14
x 16 15
x 17 16
x 18 17
x 19 18
x 20 19
x 21 20
x 22 21
x 23 22
x 24 23
x 25 24
x 26 25
x 27 26
x 28 27
x 29 28
x 30 29
x 31 30
x 32 31
x 33 32
x 34 33
x 35 34
x 36 35
x 37 36
x 38 37
x 39 38
x 40 39
x 41 40
x 42 41
x 43 42
x 44 43
x 45 44
x 46 45
x 47 46
x 48 47
x 49 48
x 50 49
x 51 50
x 52 51
x 53 52
x 54 53
x 55 54
x 56 55
x 57 56
x 58 57
x 59 58
x 60 59
x 61 60
x 62 61
x 63 62
x 64 63
x 65 64
x 66 65
x 67 66
x 68 67
x 69 68
x 70 69
x 71 70
x 72 71
x 73 72
x 74 73
x 75 74
x 76 75
x 77 76
x 78 77
x 79 78
x 80 79
x 81 80
x 82 81
x 83 82
x 84 83
x 85 84
x 86 85
x 87 86
x 88 87
x 89 88
x 90 89
x 91 90
x 92 91
x 93 92
x 94 93
x 95 94
x 96 95
x 97 96
x 98 97
x 99 98
x 100 99
Case #94: 200 99
x 2 3
x 3 4
x 4 5
x 5 6
x 6 7
x 7 8
x 8 9
x 9 10
x 10 11
x 11 12
x 12 13
x 13 14
x 14 15
x 15 16
x 16 17
x 17 18
x 18 19
x 19 20
x 20 21
x 21 22
x 22 23
x 23 24
x 24 25
x 25 26
x 26 27
x 27 28
x 28 29
x 29 30
x 30 31
x 31 32
x 32 33
x 33 34
x 34 35
x 35 36
x 36 37
x 37 38
x 38 39
x 39 40
x 40 41
x 41 42
x 42 43
x 43 44
x 44 45
x 45 46
x 46 47
x 47 48
x 48 49
x 49 50
x 50 51
x 51 52
x 52 53
x 53 54
x 54 55
x 55 56
x 56 57
x 57 58
x 58 59
x 59 60
x 60 61
x 61 62
x 62 63
x 63 64
x 64 65
x 65 66
x 66 67
x 67 68
x 68 69
x 69 70
x 70 71
x 71 72
x 72 73
x 73 74
x 74 75
x 75 76
x 76 77
x 77 78
x 78 79
x 79 80
x 80 81
x 81 82
x 82 83
x 83 84
x 84 85
x 85 86
x 86 87
x 87 88
x 88 89
x 89 90
x 90 91
x 91 92
x 92 93
x 93 94
x 94 95
x 95 96
x 96 97
x 97 98
x 98 99
x 99 100
x 100 1
Case #95: 200 198
o 1 90
+ 1 2
+ 1 3
+ 1 4
+ 1 5
+ 1 6
+ 1 7
+ 1 8
+ 1 9
+ 1 10
+ 1 11
+ 1 12
+ 1 13
+ 1 14
+ 1 15
+ 1 16
+ 1 17
+ 1 18
+ 1 19
+ 1 20
+ 1 21
+ 1 22
+ 1 23
+ 1 24
+ 1 25
+ 1 26
+ 1 27
+ 1 28
+ 1 29
+ 1 30
+ 1 31
+ 1 32
+ 1 33
+ 1 34
+ 1 35
+ 1 36
+ 1 37
+ 1 38
+ 1 39
+ 1 40
+ 1 41
+ 1 42
+ 1 43
+ 1 44
+ 1 45
+ 1 46
+ 1 47
+ 1 48
+ 1 49
+ 1 50
+ 1 51
+ 1 52
+ 1 53
+ 1 54
+ 1 55
+ 1 56
+ 1 57
+ 1 58
+ 1 59
+ 1 60
+ 1 61
+ 1 62
+ 1 63
+ 1 64
+ 1 65
+ 1 66
+ 1 67
+ 1 68
+ 1 69
+ 1 70
+ 1 71
+ 1 72
+ 1 73
+ 1 74
+ 1 75
+ 1 76
+ 1 77
+ 1 78
+ 1 79
+ 1 80
+ 1 81
+ 1 82
+ 1 83
+ 1 84
+ 1 85
+ 1 86
+ 1 87
+ 1 88
+ 1 89
+ 1 91
+ 1 92
+ 1 93
+ 1 94
+ 1 95
+ 1 96
+ 1 97
+ 1 98
+ 1 99
+ 1 100
x 2 91
x 3 92
x 4 93
x 5 94
x 6 95
x 7 96
x 8 97
x 9 98
x 10 99
x 11 100
x 12 1
x 13 2
x 14 3
x 15 4
x 16 5
x 17 6
x 18 7
x 19 8
x 20 9
x 21 10
x 22 11
x 23 12
x 24 13
x 25 14
x 26 15
x 27 16
x 28 17
x 29 18
x 30 19
x 31 20
x 32 21
x 33 22
x 34 23
x 35 24
x 36 25
x 37 26
x 38 27
x 39 28
x 40 29
x 41 30
x 42 31
x 43 32
x 44 33
x 45 34
x 46 35
x 47 36
x 48 37
x 49 38
x 50 39
x 51 40
x 52 41
x 53 42
x 54 43
x 55 44
x 56 45
x 57 46
x 58 47
x 59 48
x 60 49
x 61 50
x 62 51
x 63 52
x 64 53
x 65 54
x 66 55
x 67 56
x 68 57
x 69 58
x 70 59
x 71 60
x 72 61
x 73 62
x 74 63
x 75 64
x 76 65
x 77 66
x 78 67
x 79 68
x 80 69
x 81 70
x 82 71
x 83 72
x 84 73
x 85 74
x 86 75
x 87 76
x 88 77
x 89 78
x 90 79
x 91 80
x 92 81
x 93 82
x 94 83
x 95 84
x 96 85
x 97 86
x 98 87
x 99 88
x 100 89
Case #96: 120 118
+ 1 1
+ 1 2
+ 1 3
+ 1 4
+ 1 5
+ 1 6
+ 1 7
+ 1 8
+ 1 9
+ 1 10
+ 1 11
+ 1 12
+ 1 13
+ 1 14
+ 1 15
+ 1 16
+ 1 17
+ 1 18
+ 1 19
+ 1 21
+ 1 22
+ 1 23
+ 1 24
+ 1 25
+ 1 26
+ 1 27
+ 1 28
+ 1 29
+ 1 30
+ 1 31
+ 1 32
+ 1 33
+ 1 34
+ 1 35
+ 1 36
+ 1 37
+ 1 38
+ 1 39
+ 1 40
+ 1 41
+ 1 42
+ 1 43
+ 1 44
+ 1 45
+ 1 46
+ 1 47
+ 1 48
+ 1 49
+ 1 50
+ 1 51
+ 1 52
+ 1 53
+ 1 54
+ 1 55
+ 1 56
+ 1 57
+ 1 58
+ 1 59
+ 1 60
x 2 21
x 3 22
x 4 23
x 5 24
x 6 25
x 7 26
x 8 27
x 9 28
x 10 29
x 11 30
x 12 31
x 13 32
x 14 33
x 15 34
x 16 35
x 17 36
x 18 37
x 19 38
x 20 39
x 21 40
x 22 41
x 23 42
x 24 43
x 25 44
x 26 45
x 27 46
x 28 47
x 29 48
x 30 49
x 31 50
x 32 51
x 33 52
x 34 53
x 35 54
x 36 55
x 37 56
x 38 57
x 39 58
x 40 59
x 41 60
x 42 1
x 43 2
x 44 3
x 45 4
x 46 5
x 47 6
x 48 7
x 49 8
x 50 9
x 51 10
x 52 11
x 53 12
x 54 13
x 55 14
x 56 15
x 57 16
x 58 17
x 59 18
x 60 19
Case #97: 84 82
o 1 20
+ 1 1
+ 1 2
+ 1 3
+ 1 4
+ 1 5
+ 1 6
+ 1 7
+ 1 8
+ 1 9
+ 1 10
+ 1 11
+ 1 12
+ 1 13
+ 1 15
+ 1 16
+ 1 17
+ 1 18
+ 1 19
+ 1 21
+ 1 22
+ 1 23
+ 1 24
+ 1 25
+ 1 26
+ 1 27
+ 1 28
+ 1 29
+ 1 30
+ 1 31
+ 1 32
+ 1 33
+ 1 34
+ 1 35
+ 1 36
+ 1 37
+ 1 38
+ 1 39
+ 1 40
+ 1 41
+ 1 42
x 2 21
x 3 22
x 4 23
x 5 24
x 6 25
x 7 26
x 8 27
x 9 28
x 10 29
x 11 30
x 12 31
x 13 32
x 14 33
x 15 34
x 16 35
x 17 36
x 18 37
x 19 38
x 20 39
x 21 40
x 22 41
x 23 42
x 24 1
x 25 2
x 26 3
x 27 4
x 28 5
x 29 6
x 30 7
x 31 8
x 32 9
x 33 10
x 34 11
x 35 12
x 36 13
x 37 14
x 38 15
x 39 16
x 40 17
x 41 18
x 42 19
Case #98: 54 53
o 1 8
+ 1 1
+ 1 2
+ 1 3
+ 1 4
+ 1 5
+ 1 6
+ 1 7
+ 1 9
+ 1 10
+ 1 11
+ 1 12
+ 1 13
+ 1 14
+ 1 15
+ 1 16
+ 1 17
+ 1 18
+ 1 19
+ 1 20
+ 1 21
+ 1 22
+ 1 23
+ 1 24
+ 1 25
+ 1 26
+ 1 27
x 2 9
x 3 10
x 4 11
x 5 12
x 6 13
x 7 14
x 8 15
x 9 16
x 10 17
x 11 18
x 12 19
x 13 20
x 14 21
x 15 22
x 16 23
x 17 24
x 18 25
x 19 26
x 20 27
x 21 1
x 22 2
x 23 3
x 24 4
x 25 5
x 26 6
x 27 7
Case #99: 200 193
o 1 100
+ 1 2
+ 1 3
+ 1 6
+ 1 7
+ 1 8
+ 1 9
+ 1 10
+ 1 11
+ 1 12
+ 1 13
+ 1 14
+ 1 16
+ 1 17
+ 1 18
+ 1 19
+ 1 20
+ 1 21
+ 1 22
+ 1 23
+ 1 24
+ 1 25
+ 1 26
+ 1 27
+ 1 28
+ 1 29
+ 1 30
+ 1 31
+ 1 32
+ 1 33
+ 1 34
+ 1 35
+ 1 36
+ 1 37
+ 1 38
+ 1 39
+ 1 40
+ 1 41
+ 1 42
+ 1 43
+ 1 44
+ 1 45
+ 1 46
+ 1 47
+ 1 48
+ 1 49
+ 1 51
+ 1 52
+ 1 53
+ 1 54
+ 1 55
+ 1 56
+ 1 57
+ 1 58
+ 1 59
+ 1 60
+ 1 61
+ 1 62
+ 1 63
+ 1 64
+ 1 65
+ 1 66
+ 1 67
+ 1 68
+ 1 69
+ 1 70
+ 1 71
+ 1 72
+ 1 73
+ 1 74
+ 1 75
+ 1 76
+ 1 77
+ 1 78
+ 1 79
+ 1 80
+ 1 81
+ 1 82
+ 1 83
+ 1 84
+ 1 85
+ 1 86
+ 1 87
+ 1 88
+ 1 89
+ 1 90
+ 1 91
+ 1 93
+ 1 94
+ 1 95
+ 1 96
+ 1 97
+ 1 98
+ 1 99
x 2 1
x 3 2
x 4 3
x 5 4
x 6 5
x 7 6
x 8 7
x 9 8
x 10 9
x 11 10
x 12 11
x 13 12
x 14 13
x 15 14
x 16 15
x 17 16
x 18 17
x 19 18
x 20 19
x 21 20
x 22 21
x 23 22
x 24 23
x 25 24
x 26 25
x 27 26
x 28 27
x 29 28
x 30 29
x 31 30
x 32 31
x 33 32
x 34 33
x 35 34
x 36 35
x 37 36
x 38 37
x 39 38
x 40 39
x 41 40
x 42 41
x 43 42
x 44 43
x 45 44
x 46 45
x 47 46
x 48 47
x 49 48
x 50 49
x 51 50
x 52 51
x 53 52
x 54 53
x 55 54
x 56 55
x 57 56
x 58 57
x 59 58
x 60 59
x 61 60
x 62 61
x 63 62
x 64 63
x 65 64
x 66 65
x 67 66
x 68 67
x 69 68
x 70 69
x 71 70
x 72 71
x 73 72
x 74 73
x 75 74
x 76 75
x 77 76
x 78 77
x 79 78
x 80 79
x 81 80
x 82 81
x 83 82
x 84 83
x 85 84
x 86 85
x 87 86
x 88 87
x 89 88
x 90 89
x 91 90
x 92 91
x 93 92
x 94 93
x 95 94
x 96 95
x 97 96
x 98 97
x 99 98
x 100 99
Case #100: 196 190
o 1 57
+ 1 1
+ 1 2
+ 1 3
+ 1 4
+ 1 5
+ 1 6
+ 1 7
+ 1 8
+ 1 9
+ 1 10
+ 1 11
+ 1 12
+ 1 13
+ 1 14
+ 1 16
+ 1 17
+ 1 18
+ 1 19
+ 1 20
+ 1 22
+ 1 23
+ 1 24
+ 1 25
+ 1 27
+ 1 28
+ 1 30
+ 1 31
+ 1 32
+ 1 33
+ 1 34
+ 1 35
+ 1 36
+ 1 37
+ 1 38
+ 1 39
+ 1 40
+ 1 41
+ 1 42
+ 1 43
+ 1 44
+ 1 45
+ 1 46
+ 1 47
+ 1 48
+ 1 49
+ 1 50
+ 1 51
+ 1 52
+ 1 54
+ 1 55
+ 1 56
+ 1 58
+ 1 59
+ 1 60
+ 1 61
+ 1 62
+ 1 63
+ 1 64
+ 1 65
+ 1 66
+ 1 67
+ 1 68
+ 1 69
+ 1 70
+ 1 71
+ 1 72
+ 1 73
+ 1 74
+ 1 75
+ 1 76
+ 1 77
+ 1 78
+ 1 79
+ 1 80
+ 1 81
+ 1 82
+ 1 83
+ 1 84
+ 1 85
+ 1 86
+ 1 87
+ 1 88
+ 1 89
+ 1 90
+ 1 91
+ 1 92
+ 1 93
+ 1 94
+ 1 95
+ 1 96
+ 1 97
+ 1 98
x 2 58
x 3 59
x 4 60
x 5 61
x 6 62
x 7 63
x 8 64
x 9 65
x 10 66
x 11 67
x 12 68
x 13 69
x 14 70
x 15 71
x 16 72
x 17 73
x 18 74
x 19 75
x 20 76
x 21 77
x 22 78
x 23 79
x 24 80
x 25 81
x 26 82
x 27 83
x 28 84
x 29 85
x 30 86
x 31 87
x 32 88
x 33 89
x 34 90
x 35 91
x 36 92
x 37 93
x 38 94
x 39 95
x 40 96
x 41 97
x 42 98
x 43 1
x 44 2
x 45 3
x 46 4
x 47 5
x 48 6
x 49 7
x 50 8
x 51 9
x 52 10
x 53 11
x 54 12
x 55 13
x 56 14
x 57 15
x 58 16
x 59 17
x 60 18
x 61 19
x 62 20
x 63 21
x 64 22
x 65 23
x 66 24
x 67 25
x 68 26
x 69 27
x 70 28
x 71 29
x 72 30
x 73 31
x 74 32
x 75 33
x 76 34
x 77 35
x 78 36
x 79 37
x 80 38
x 81 39
x 82 40
x 83 41
x 84 42
x 85 43
x 86 44
x 87 45
x 88 46
x 89 47
x 90 48
x 91 49
x 92 50
x 93 51
x 94 52
x 95 53
x 96 54
x 97 55
x 98 56
