Case #1: 1 1
Case #2: 2 0
Case #3: 2 0
Case #4: 225 110
Case #5: 189 102
Case #6: 523 477
Case #7: 180 107
Case #8: 177 1
Case #9: 179 0
Case #10: 170 109
Case #11: 227 102
Case #12: 177 109
Case #13: 182 0
Case #14: 190 1
Case #15: 500 0
Case #16: 499 1
Case #17: 226 0
Case #18: 235 1
Case #19: 187 1
Case #20: 190 106
Case #21: 500 0
Case #22: 190 103
Case #23: 234 1
Case #24: 2 0
Case #25: 205 1
Case #26: 228 0
Case #27: 229 0
Case #28: 244 110
Case #29: 220 0
Case #30: 203 103
Case #31: 172 110
Case #32: 182 104
Case #33: 500 0
Case #34: 223 105
Case #35: 187 100
Case #36: 205 1
Case #37: 211 108
Case #38: 243 0
Case #39: 180 103
Case #40: 500 0
Case #41: 1 1
Case #42: 500 0
Case #43: 178 1
Case #44: 238 107
Case #45: 500 0
Case #46: 240 1
Case #47: 500 0
Case #48: 205 109
Case #49: 186 101
Case #50: 230 0
Case #51: 1 0
Case #52: 499 0
Case #53: 191 110
Case #54: 203 101
Case #55: 180 102
Case #56: 247 107
Case #57: 234 0
Case #58: 177 103
Case #59: 198 105
Case #60: 500 0
Case #61: 166 1
Case #62: 173 1
Case #63: 181 1
Case #64: 209 105
Case #65: 222 110
Case #66: 189 102
Case #67: 173 102
Case #68: 233 107
Case #69: 197 0
Case #70: 500 0
Case #71: 500 0
Case #72: 178 1
Case #73: 231 0
Case #74: 207 1
Case #75: 3 0
Case #76: 184 106
Case #77: 180 104
Case #78: 500 0
Case #79: 244 1
Case #80: 222 0
Case #81: 210 0
Case #82: 178 106
Case #83: 173 1
Case #84: 221 0
Case #85: 500 0
Case #86: 500 0
Case #87: 225 0
Case #88: 503 0
Case #89: 499 0
Case #90: 212 103
Case #91: 175 107
Case #92: 232 0
Case #93: 216 109
Case #94: 236 0
Case #95: 510 490
Case #96: 1000 0
Case #97: 198 103
Case #98: 199 101
Case #99: 168 102
Case #100: 201 100
